Added Component: Designator=C1(CAP0805)
Added Component: Designator=C2(CAP0805)
Added Component: Designator=C3(CAP0805)
Added Component: Designator=C4(CAP0805)
Added Component: Designator=C5(CAP0805)
Added Component: Designator=C6(CAP0805)
Added Component: Designator=C7(CAP0805)
Added Component: Designator=C8(CAP0805)
Added Component: Designator=C9(CAP0805)
Added Component: Designator=C10(CAP0805)
Added Component: Designator=C11(CAP0805)
Added Component: Designator=C12(CAP0805)
Added Component: Designator=C13(CAP0805)
Added Component: Designator=C14(CAP0805)
Added Component: Designator=C15(CAP0805)
Added Component: Designator=C16(CAP0805)
Added Component: Designator=C17(CAP0805)
Added Component: Designator=C18(CAP0805)
Added Component: Designator=C19(CAP0805)
Added Component: Designator=C20(CAP0805)
Added Component: Designator=C21(CAP0805)
Added Component: Designator=C22(CAP0805)
Added Component: Designator=C23(CAP0805)
Added Component: Designator=C24(CAP0805)
Added Component: Designator=C25(CAP0805)
Added Component: Designator=C26(CAP0805)
Added Component: Designator=C27(CAP0805)
Added Component: Designator=C28(CAP0805)
Added Component: Designator=C29(CAP0805)
Added Component: Designator=C30(CAP0805)
Added Component: Designator=C31(CAP0805)
Added Component: Designator=C32(CAP0805)
Added Component: Designator=C33(CAP0805)
Added Component: Designator=C34(CAP0805)
Added Component: Designator=C35(CAP0805)
Added Component: Designator=MUX1(SSOP-24)
Add component (AddParameter): Name = "ComponentLink1Description"; Value = "Chipdip"; VariantName = "[No Variations]"
Add component (AddParameter): Name = "ComponentLink1URL"; Value = "https://www.chipdip.ru/product0/8016170563"; VariantName = "[No Variations]"
Added Component: Designator=MUX2(SSOP-24)
Add component (AddParameter): Name = "ComponentLink1Description"; Value = "Chipdip"; VariantName = "[No Variations]"
Add component (AddParameter): Name = "ComponentLink1URL"; Value = "https://www.chipdip.ru/product0/8016170563"; VariantName = "[No Variations]"
Added Component: Designator=R1(RES0805)
Added Component: Designator=R2(RES0805)
Added Component: Designator=R3(RES0805)
Added Component: Designator=R4(RES0805)
Added Component: Designator=R5(RES0805)
Added Component: Designator=R6(RES0805)
Added Component: Designator=R7(RES0805)
Added Component: Designator=R8(RES0805)
Added Component: Designator=R9(RES0805)
Added Component: Designator=R10(RES0805)
Added Component: Designator=R11(RES0805)
Added Component: Designator=R12(RES0805)
Added Component: Designator=R13(RES0805)
Added Component: Designator=R14(RES0805)
Added Component: Designator=R15(RES0805)
Added Component: Designator=R16(RES0805)
Added Component: Designator=R17(RES0805)
Added Component: Designator=R18(RES0805)
Added Component: Designator=R19(RES0805)
Added Component: Designator=R20(RES0805)
Added Component: Designator=R21(RES0805)
Added Component: Designator=R22(RES0805)
Added Component: Designator=R23(RES0805)
Added Component: Designator=R24(RES0805)
Added Component: Designator=R25(RES0805)
Added Component: Designator=R26(RES0805)
Added Component: Designator=R27(RES0805)
Added Component: Designator=R28(RES0805)
Added Component: Designator=R29(RES0805)
Added Component: Designator=R30(RES0805)
Added Component: Designator=R31(RES0805)
Added Component: Designator=R32(RES0805)
Added Component: Designator=R33(RES0805)
Added Component: Designator=R34(RES0805)
Added Component: Designator=R35(RES0805)
Added Component: Designator=R36(RES0805)
Added Component: Designator=TS1(TSSP58038)
Added Component: Designator=TS2(TSSP58038)
Added Component: Designator=TS3(TSSP58038)
Added Component: Designator=TS4(TSSP58038)
Added Component: Designator=TS5(TSSP58038)
Added Component: Designator=TS6(TSSP58038)
Added Component: Designator=TS7(TSSP58038)
Added Component: Designator=TS8(TSSP58038)
Added Component: Designator=TS9(TSSP58038)
Added Component: Designator=TS10(TSSP58038)
Added Component: Designator=TS11(TSSP58038)
Added Component: Designator=TS12(TSSP58038)
Added Component: Designator=TS13(TSSP58038)
Added Component: Designator=TS14(TSSP58038)
Added Component: Designator=TS15(TSSP58038)
Added Component: Designator=TS16(TSSP58038)
Added Component: Designator=TS17(TSSP58038)
Added Component: Designator=TS18(TSSP58038)
Added Component: Designator=TS19(TSSP58038)
Added Component: Designator=TS20(TSSP58038)
Added Component: Designator=TS21(TSSP58038)
Added Component: Designator=TS22(TSSP58038)
Added Component: Designator=TS23(TSSP58038)
Added Component: Designator=TS24(TSSP58038)
Added Component: Designator=TS25(TSSP58038)
Added Component: Designator=TS26(TSSP58038)
Added Component: Designator=TS27(TSSP58038)
Added Component: Designator=TS28(TSSP58038)
Added Component: Designator=TS29(TSSP58038)
Added Component: Designator=TS30(TSSP58038)
Added Component: Designator=TS31(TSSP58038)
Added Component: Designator=TS32(TSSP58038)
Added Component: Designator=XP1(JST_XH-8)
Added Pin To Net: NetName=GND Pin=C1-1
Added Pin To Net: NetName=GND Pin=C2-1
Added Pin To Net: NetName=GND Pin=C3-1
Added Pin To Net: NetName=GND Pin=C4-1
Added Pin To Net: NetName=GND Pin=C5-1
Added Pin To Net: NetName=GND Pin=C6-1
Added Pin To Net: NetName=GND Pin=C7-1
Added Pin To Net: NetName=GND Pin=C8-1
Added Pin To Net: NetName=GND Pin=C9-1
Added Pin To Net: NetName=GND Pin=C10-1
Added Pin To Net: NetName=GND Pin=C11-1
Added Pin To Net: NetName=GND Pin=C12-1
Added Pin To Net: NetName=GND Pin=C13-1
Added Pin To Net: NetName=GND Pin=C14-1
Added Pin To Net: NetName=GND Pin=C15-1
Added Pin To Net: NetName=GND Pin=C16-1
Added Pin To Net: NetName=GND Pin=C17-1
Added Pin To Net: NetName=GND Pin=C18-1
Added Pin To Net: NetName=GND Pin=C19-1
Added Pin To Net: NetName=GND Pin=C20-1
Added Pin To Net: NetName=GND Pin=C21-1
Added Pin To Net: NetName=GND Pin=C22-1
Added Pin To Net: NetName=GND Pin=C23-1
Added Pin To Net: NetName=GND Pin=C24-1
Added Pin To Net: NetName=GND Pin=C25-1
Added Pin To Net: NetName=GND Pin=C26-1
Added Pin To Net: NetName=GND Pin=C27-1
Added Pin To Net: NetName=GND Pin=C28-1
Added Pin To Net: NetName=GND Pin=C29-1
Added Pin To Net: NetName=GND Pin=C30-1
Added Pin To Net: NetName=GND Pin=C31-1
Added Pin To Net: NetName=GND Pin=C32-1
Added Pin To Net: NetName=GND Pin=C33-1
Added Pin To Net: NetName=GND Pin=C34-1
Added Pin To Net: NetName=GND Pin=C35-1
Added Pin To Net: NetName=GND Pin=MUX1-12
Added Pin To Net: NetName=GND Pin=MUX1-15
Added Pin To Net: NetName=GND Pin=MUX2-12
Added Pin To Net: NetName=GND Pin=MUX2-15
Added Pin To Net: NetName=GND Pin=R33-1
Added Pin To Net: NetName=GND Pin=R34-1
Added Pin To Net: NetName=GND Pin=R35-1
Added Pin To Net: NetName=GND Pin=R36-1
Added Pin To Net: NetName=GND Pin=TS1-2
Added Pin To Net: NetName=GND Pin=TS2-2
Added Pin To Net: NetName=GND Pin=TS3-2
Added Pin To Net: NetName=GND Pin=TS4-2
Added Pin To Net: NetName=GND Pin=TS5-2
Added Pin To Net: NetName=GND Pin=TS6-2
Added Pin To Net: NetName=GND Pin=TS7-2
Added Pin To Net: NetName=GND Pin=TS8-2
Added Pin To Net: NetName=GND Pin=TS9-2
Added Pin To Net: NetName=GND Pin=TS10-2
Added Pin To Net: NetName=GND Pin=TS11-2
Added Pin To Net: NetName=GND Pin=TS12-2
Added Pin To Net: NetName=GND Pin=TS13-2
Added Pin To Net: NetName=GND Pin=TS14-2
Added Pin To Net: NetName=GND Pin=TS15-2
Added Pin To Net: NetName=GND Pin=TS16-2
Added Pin To Net: NetName=GND Pin=TS17-2
Added Pin To Net: NetName=GND Pin=TS18-2
Added Pin To Net: NetName=GND Pin=TS19-2
Added Pin To Net: NetName=GND Pin=TS20-2
Added Pin To Net: NetName=GND Pin=TS21-2
Added Pin To Net: NetName=GND Pin=TS22-2
Added Pin To Net: NetName=GND Pin=TS23-2
Added Pin To Net: NetName=GND Pin=TS24-2
Added Pin To Net: NetName=GND Pin=TS25-2
Added Pin To Net: NetName=GND Pin=TS26-2
Added Pin To Net: NetName=GND Pin=TS27-2
Added Pin To Net: NetName=GND Pin=TS28-2
Added Pin To Net: NetName=GND Pin=TS29-2
Added Pin To Net: NetName=GND Pin=TS30-2
Added Pin To Net: NetName=GND Pin=TS31-2
Added Pin To Net: NetName=GND Pin=TS32-2
Added Pin To Net: NetName=GND Pin=XP1-1
Added Net: Name=GND
Added Pin To Net: NetName=IN1 Pin=MUX1-10
Added Pin To Net: NetName=IN1 Pin=MUX2-10
Added Pin To Net: NetName=IN1 Pin=R33-2
Added Pin To Net: NetName=IN1 Pin=XP1-3
Added Net: Name=IN1
Added Pin To Net: NetName=IN2 Pin=MUX1-11
Added Pin To Net: NetName=IN2 Pin=MUX2-11
Added Pin To Net: NetName=IN2 Pin=R34-2
Added Pin To Net: NetName=IN2 Pin=XP1-4
Added Net: Name=IN2
Added Pin To Net: NetName=IN3 Pin=MUX1-14
Added Pin To Net: NetName=IN3 Pin=MUX2-14
Added Pin To Net: NetName=IN3 Pin=R35-2
Added Pin To Net: NetName=IN3 Pin=XP1-5
Added Net: Name=IN3
Added Pin To Net: NetName=IN4 Pin=MUX1-13
Added Pin To Net: NetName=IN4 Pin=MUX2-13
Added Pin To Net: NetName=IN4 Pin=R36-2
Added Pin To Net: NetName=IN4 Pin=XP1-6
Added Net: Name=IN4
Added Pin To Net: NetName=NetR1_2 Pin=R1-2
Added Pin To Net: NetName=NetR1_2 Pin=TS1-3
Added Net: Name=NetR1_2
Added Pin To Net: NetName=NetR2_2 Pin=R2-2
Added Pin To Net: NetName=NetR2_2 Pin=TS2-3
Added Net: Name=NetR2_2
Added Pin To Net: NetName=NetR3_2 Pin=R3-2
Added Pin To Net: NetName=NetR3_2 Pin=TS3-3
Added Net: Name=NetR3_2
Added Pin To Net: NetName=NetR4_2 Pin=R4-2
Added Pin To Net: NetName=NetR4_2 Pin=TS4-3
Added Net: Name=NetR4_2
Added Pin To Net: NetName=NetR5_2 Pin=R5-2
Added Pin To Net: NetName=NetR5_2 Pin=TS5-3
Added Net: Name=NetR5_2
Added Pin To Net: NetName=NetR6_2 Pin=R6-2
Added Pin To Net: NetName=NetR6_2 Pin=TS6-3
Added Net: Name=NetR6_2
Added Pin To Net: NetName=NetR7_2 Pin=R7-2
Added Pin To Net: NetName=NetR7_2 Pin=TS7-3
Added Net: Name=NetR7_2
Added Pin To Net: NetName=NetR8_2 Pin=R8-2
Added Pin To Net: NetName=NetR8_2 Pin=TS8-3
Added Net: Name=NetR8_2
Added Pin To Net: NetName=NetR9_2 Pin=R9-2
Added Pin To Net: NetName=NetR9_2 Pin=TS9-3
Added Net: Name=NetR9_2
Added Pin To Net: NetName=NetR10_2 Pin=R10-2
Added Pin To Net: NetName=NetR10_2 Pin=TS10-3
Added Net: Name=NetR10_2
Added Pin To Net: NetName=NetR11_2 Pin=R11-2
Added Pin To Net: NetName=NetR11_2 Pin=TS11-3
Added Net: Name=NetR11_2
Added Pin To Net: NetName=NetR12_2 Pin=R12-2
Added Pin To Net: NetName=NetR12_2 Pin=TS12-3
Added Net: Name=NetR12_2
Added Pin To Net: NetName=NetR13_2 Pin=R13-2
Added Pin To Net: NetName=NetR13_2 Pin=TS13-3
Added Net: Name=NetR13_2
Added Pin To Net: NetName=NetR14_2 Pin=R14-2
Added Pin To Net: NetName=NetR14_2 Pin=TS14-3
Added Net: Name=NetR14_2
Added Pin To Net: NetName=NetR15_2 Pin=R15-2
Added Pin To Net: NetName=NetR15_2 Pin=TS15-3
Added Net: Name=NetR15_2
Added Pin To Net: NetName=NetR16_2 Pin=R16-2
Added Pin To Net: NetName=NetR16_2 Pin=TS16-3
Added Net: Name=NetR16_2
Added Pin To Net: NetName=NetR17_2 Pin=R17-2
Added Pin To Net: NetName=NetR17_2 Pin=TS17-3
Added Net: Name=NetR17_2
Added Pin To Net: NetName=NetR18_2 Pin=R18-2
Added Pin To Net: NetName=NetR18_2 Pin=TS18-3
Added Net: Name=NetR18_2
Added Pin To Net: NetName=NetR19_2 Pin=R19-2
Added Pin To Net: NetName=NetR19_2 Pin=TS19-3
Added Net: Name=NetR19_2
Added Pin To Net: NetName=NetR20_2 Pin=R20-2
Added Pin To Net: NetName=NetR20_2 Pin=TS20-3
Added Net: Name=NetR20_2
Added Pin To Net: NetName=NetR21_2 Pin=R21-2
Added Pin To Net: NetName=NetR21_2 Pin=TS21-3
Added Net: Name=NetR21_2
Added Pin To Net: NetName=NetR22_2 Pin=R22-2
Added Pin To Net: NetName=NetR22_2 Pin=TS22-3
Added Net: Name=NetR22_2
Added Pin To Net: NetName=NetR23_2 Pin=R23-2
Added Pin To Net: NetName=NetR23_2 Pin=TS23-3
Added Net: Name=NetR23_2
Added Pin To Net: NetName=NetR24_2 Pin=R24-2
Added Pin To Net: NetName=NetR24_2 Pin=TS24-3
Added Net: Name=NetR24_2
Added Pin To Net: NetName=NetR25_2 Pin=R25-2
Added Pin To Net: NetName=NetR25_2 Pin=TS25-3
Added Net: Name=NetR25_2
Added Pin To Net: NetName=NetR26_2 Pin=R26-2
Added Pin To Net: NetName=NetR26_2 Pin=TS26-3
Added Net: Name=NetR26_2
Added Pin To Net: NetName=NetR27_2 Pin=R27-2
Added Pin To Net: NetName=NetR27_2 Pin=TS27-3
Added Net: Name=NetR27_2
Added Pin To Net: NetName=NetR28_2 Pin=R28-2
Added Pin To Net: NetName=NetR28_2 Pin=TS28-3
Added Net: Name=NetR28_2
Added Pin To Net: NetName=NetR29_2 Pin=R29-2
Added Pin To Net: NetName=NetR29_2 Pin=TS29-3
Added Net: Name=NetR29_2
Added Pin To Net: NetName=NetR30_2 Pin=R30-2
Added Pin To Net: NetName=NetR30_2 Pin=TS30-3
Added Net: Name=NetR30_2
Added Pin To Net: NetName=NetR31_2 Pin=R31-2
Added Pin To Net: NetName=NetR31_2 Pin=TS31-3
Added Net: Name=NetR31_2
Added Pin To Net: NetName=NetR32_2 Pin=R32-2
Added Pin To Net: NetName=NetR32_2 Pin=TS32-3
Added Net: Name=NetR32_2
Added Pin To Net: NetName=OUT1 Pin=MUX1-1
Added Pin To Net: NetName=OUT1 Pin=XP1-7
Added Net: Name=OUT1
Added Pin To Net: NetName=OUT2 Pin=MUX2-1
Added Pin To Net: NetName=OUT2 Pin=XP1-8
Added Net: Name=OUT2
Added Pin To Net: NetName=TSOP_1 Pin=C1-2
Added Pin To Net: NetName=TSOP_1 Pin=MUX1-9
Added Pin To Net: NetName=TSOP_1 Pin=R1-1
Added Net: Name=TSOP_1
Added Pin To Net: NetName=TSOP_2 Pin=C2-2
Added Pin To Net: NetName=TSOP_2 Pin=MUX1-8
Added Pin To Net: NetName=TSOP_2 Pin=R2-1
Added Net: Name=TSOP_2
Added Pin To Net: NetName=TSOP_3 Pin=C3-2
Added Pin To Net: NetName=TSOP_3 Pin=MUX1-7
Added Pin To Net: NetName=TSOP_3 Pin=R3-1
Added Net: Name=TSOP_3
Added Pin To Net: NetName=TSOP_4 Pin=C4-2
Added Pin To Net: NetName=TSOP_4 Pin=MUX1-6
Added Pin To Net: NetName=TSOP_4 Pin=R4-1
Added Net: Name=TSOP_4
Added Pin To Net: NetName=TSOP_5 Pin=C5-2
Added Pin To Net: NetName=TSOP_5 Pin=MUX1-5
Added Pin To Net: NetName=TSOP_5 Pin=R5-1
Added Net: Name=TSOP_5
Added Pin To Net: NetName=TSOP_6 Pin=C6-2
Added Pin To Net: NetName=TSOP_6 Pin=MUX1-4
Added Pin To Net: NetName=TSOP_6 Pin=R6-1
Added Net: Name=TSOP_6
Added Pin To Net: NetName=TSOP_7 Pin=C7-2
Added Pin To Net: NetName=TSOP_7 Pin=MUX1-3
Added Pin To Net: NetName=TSOP_7 Pin=R7-1
Added Net: Name=TSOP_7
Added Pin To Net: NetName=TSOP_8 Pin=C8-2
Added Pin To Net: NetName=TSOP_8 Pin=MUX1-2
Added Pin To Net: NetName=TSOP_8 Pin=R8-1
Added Net: Name=TSOP_8
Added Pin To Net: NetName=TSOP_9 Pin=C9-2
Added Pin To Net: NetName=TSOP_9 Pin=MUX1-23
Added Pin To Net: NetName=TSOP_9 Pin=R9-1
Added Net: Name=TSOP_9
Added Pin To Net: NetName=TSOP_10 Pin=C10-2
Added Pin To Net: NetName=TSOP_10 Pin=MUX1-22
Added Pin To Net: NetName=TSOP_10 Pin=R10-1
Added Net: Name=TSOP_10
Added Pin To Net: NetName=TSOP_11 Pin=C11-2
Added Pin To Net: NetName=TSOP_11 Pin=MUX1-21
Added Pin To Net: NetName=TSOP_11 Pin=R11-1
Added Net: Name=TSOP_11
Added Pin To Net: NetName=TSOP_12 Pin=C12-2
Added Pin To Net: NetName=TSOP_12 Pin=MUX1-20
Added Pin To Net: NetName=TSOP_12 Pin=R12-1
Added Net: Name=TSOP_12
Added Pin To Net: NetName=TSOP_13 Pin=C13-2
Added Pin To Net: NetName=TSOP_13 Pin=MUX1-19
Added Pin To Net: NetName=TSOP_13 Pin=R13-1
Added Net: Name=TSOP_13
Added Pin To Net: NetName=TSOP_14 Pin=C14-2
Added Pin To Net: NetName=TSOP_14 Pin=MUX1-18
Added Pin To Net: NetName=TSOP_14 Pin=R14-1
Added Net: Name=TSOP_14
Added Pin To Net: NetName=TSOP_15 Pin=C15-2
Added Pin To Net: NetName=TSOP_15 Pin=MUX1-17
Added Pin To Net: NetName=TSOP_15 Pin=R15-1
Added Net: Name=TSOP_15
Added Pin To Net: NetName=TSOP_16 Pin=C16-2
Added Pin To Net: NetName=TSOP_16 Pin=MUX1-16
Added Pin To Net: NetName=TSOP_16 Pin=R16-1
Added Net: Name=TSOP_16
Added Pin To Net: NetName=TSOP_17 Pin=C17-2
Added Pin To Net: NetName=TSOP_17 Pin=MUX2-9
Added Pin To Net: NetName=TSOP_17 Pin=R17-1
Added Net: Name=TSOP_17
Added Pin To Net: NetName=TSOP_18 Pin=C18-2
Added Pin To Net: NetName=TSOP_18 Pin=MUX2-8
Added Pin To Net: NetName=TSOP_18 Pin=R18-1
Added Net: Name=TSOP_18
Added Pin To Net: NetName=TSOP_19\ Pin=C19-2
Added Pin To Net: NetName=TSOP_19\ Pin=MUX2-7
Added Pin To Net: NetName=TSOP_19\ Pin=R19-1
Added Net: Name=TSOP_19\
Added Pin To Net: NetName=TSOP_20 Pin=C20-2
Added Pin To Net: NetName=TSOP_20 Pin=MUX2-6
Added Pin To Net: NetName=TSOP_20 Pin=R20-1
Added Net: Name=TSOP_20
Added Pin To Net: NetName=TSOP_21 Pin=C21-2
Added Pin To Net: NetName=TSOP_21 Pin=MUX2-5
Added Pin To Net: NetName=TSOP_21 Pin=R21-1
Added Net: Name=TSOP_21
Added Pin To Net: NetName=TSOP_22 Pin=C22-2
Added Pin To Net: NetName=TSOP_22 Pin=MUX2-4
Added Pin To Net: NetName=TSOP_22 Pin=R22-1
Added Net: Name=TSOP_22
Added Pin To Net: NetName=TSOP_23 Pin=C23-2
Added Pin To Net: NetName=TSOP_23 Pin=MUX2-3
Added Pin To Net: NetName=TSOP_23 Pin=R23-1
Added Net: Name=TSOP_23
Added Pin To Net: NetName=TSOP_24 Pin=C24-2
Added Pin To Net: NetName=TSOP_24 Pin=MUX2-2
Added Pin To Net: NetName=TSOP_24 Pin=R24-1
Added Net: Name=TSOP_24
Added Pin To Net: NetName=TSOP_25 Pin=C25-2
Added Pin To Net: NetName=TSOP_25 Pin=MUX2-23
Added Pin To Net: NetName=TSOP_25 Pin=R25-1
Added Net: Name=TSOP_25
Added Pin To Net: NetName=TSOP_26 Pin=C26-2
Added Pin To Net: NetName=TSOP_26 Pin=MUX2-22
Added Pin To Net: NetName=TSOP_26 Pin=R26-1
Added Net: Name=TSOP_26
Added Pin To Net: NetName=TSOP_27 Pin=C27-2
Added Pin To Net: NetName=TSOP_27 Pin=MUX2-21
Added Pin To Net: NetName=TSOP_27 Pin=R27-1
Added Net: Name=TSOP_27
Added Pin To Net: NetName=TSOP_28 Pin=C28-2
Added Pin To Net: NetName=TSOP_28 Pin=MUX2-20
Added Pin To Net: NetName=TSOP_28 Pin=R28-1
Added Net: Name=TSOP_28
Added Pin To Net: NetName=TSOP_29 Pin=C29-2
Added Pin To Net: NetName=TSOP_29 Pin=MUX2-19
Added Pin To Net: NetName=TSOP_29 Pin=R29-1
Added Net: Name=TSOP_29
Added Pin To Net: NetName=TSOP_30 Pin=C30-2
Added Pin To Net: NetName=TSOP_30 Pin=MUX2-18
Added Pin To Net: NetName=TSOP_30 Pin=R30-1
Added Net: Name=TSOP_30
Added Pin To Net: NetName=TSOP_31 Pin=C31-2
Added Pin To Net: NetName=TSOP_31 Pin=MUX2-17
Added Pin To Net: NetName=TSOP_31 Pin=R31-1
Added Net: Name=TSOP_31
Added Pin To Net: NetName=TSOP_32 Pin=C32-2
Added Pin To Net: NetName=TSOP_32 Pin=MUX2-16
Added Pin To Net: NetName=TSOP_32 Pin=R32-1
Added Net: Name=TSOP_32
Added Pin To Net: NetName=VCC Pin=C33-2
Added Pin To Net: NetName=VCC Pin=C34-2
Added Pin To Net: NetName=VCC Pin=C35-2
Added Pin To Net: NetName=VCC Pin=MUX1-24
Added Pin To Net: NetName=VCC Pin=MUX2-24
Added Pin To Net: NetName=VCC Pin=TS1-1
Added Pin To Net: NetName=VCC Pin=TS2-1
Added Pin To Net: NetName=VCC Pin=TS3-1
Added Pin To Net: NetName=VCC Pin=TS4-1
Added Pin To Net: NetName=VCC Pin=TS5-1
Added Pin To Net: NetName=VCC Pin=TS6-1
Added Pin To Net: NetName=VCC Pin=TS7-1
Added Pin To Net: NetName=VCC Pin=TS8-1
Added Pin To Net: NetName=VCC Pin=TS9-1
Added Pin To Net: NetName=VCC Pin=TS10-1
Added Pin To Net: NetName=VCC Pin=TS11-1
Added Pin To Net: NetName=VCC Pin=TS12-1
Added Pin To Net: NetName=VCC Pin=TS13-1
Added Pin To Net: NetName=VCC Pin=TS14-1
Added Pin To Net: NetName=VCC Pin=TS15-1
Added Pin To Net: NetName=VCC Pin=TS16-1
Added Pin To Net: NetName=VCC Pin=TS17-1
Added Pin To Net: NetName=VCC Pin=TS18-1
Added Pin To Net: NetName=VCC Pin=TS19-1
Added Pin To Net: NetName=VCC Pin=TS20-1
Added Pin To Net: NetName=VCC Pin=TS21-1
Added Pin To Net: NetName=VCC Pin=TS22-1
Added Pin To Net: NetName=VCC Pin=TS23-1
Added Pin To Net: NetName=VCC Pin=TS24-1
Added Pin To Net: NetName=VCC Pin=TS25-1
Added Pin To Net: NetName=VCC Pin=TS26-1
Added Pin To Net: NetName=VCC Pin=TS27-1
Added Pin To Net: NetName=VCC Pin=TS28-1
Added Pin To Net: NetName=VCC Pin=TS29-1
Added Pin To Net: NetName=VCC Pin=TS30-1
Added Pin To Net: NetName=VCC Pin=TS31-1
Added Pin To Net: NetName=VCC Pin=TS32-1
Added Pin To Net: NetName=VCC Pin=XP1-2
Added Net: Name=VCC
Added Class: Name=tsop_board
Added Room: Name=tsop_board
