Change Component Designator: Old Designator=C? New Designator=C1
Change Component Designator: Old Designator=C? New Designator=C2
Change Component Designator: Old Designator=C? New Designator=C3
Change Component Designator: Old Designator=C? New Designator=C4
Change Component Designator: Old Designator=C? New Designator=C5
Change Component Designator: Old Designator=C? New Designator=C6
Change Component Designator: Old Designator=C? New Designator=C7
Change Component Designator: Old Designator=C? New Designator=C8
Change Component Designator: Old Designator=C? New Designator=C9
Change Component Designator: Old Designator=C? New Designator=C10
Change Component Designator: Old Designator=C? New Designator=C11
Change Component Designator: Old Designator=C? New Designator=C12
Change Component Designator: Old Designator=C? New Designator=C13
Change Component Designator: Old Designator=C? New Designator=C14
Change Component Designator: Old Designator=C? New Designator=C15
Change Component Designator: Old Designator=C? New Designator=C16
Change Component Designator: Old Designator=C? New Designator=C17
Change Component Designator: Old Designator=C? New Designator=C18
Change Component Designator: Old Designator=C? New Designator=C19
Change Component Designator: Old Designator=C? New Designator=C20
Change Component Designator: Old Designator=C? New Designator=C21
Change Component Designator: Old Designator=C? New Designator=C22
Change Component Designator: Old Designator=C? New Designator=C23
Change Component Designator: Old Designator=C? New Designator=C24
Change Component Designator: Old Designator=C? New Designator=C25
Change Component Designator: Old Designator=C? New Designator=C26
Change Component Designator: Old Designator=C? New Designator=C27
Change Component Designator: Old Designator=C? New Designator=C28
Change Component Designator: Old Designator=C? New Designator=C29
Change Component Designator: Old Designator=C? New Designator=C30
Change Component Designator: Old Designator=C? New Designator=C31
Change Component Designator: Old Designator=C? New Designator=C32
Change Component Designator: Old Designator=C? New Designator=C33
Change Component Designator: Old Designator=C? New Designator=C34
Change Component Designator: Old Designator=C? New Designator=C35
Change Component Designator: Old Designator=MUX? New Designator=MUX1
Change Component Designator: Old Designator=MUX? New Designator=MUX2
Change Component Designator: Old Designator=R? New Designator=R1
Change Component Designator: Old Designator=R? New Designator=R2
Change Component Designator: Old Designator=R? New Designator=R3
Change Component Designator: Old Designator=R? New Designator=R4
Change Component Designator: Old Designator=R? New Designator=R5
Change Component Designator: Old Designator=R? New Designator=R6
Change Component Designator: Old Designator=R? New Designator=R7
Change Component Designator: Old Designator=R? New Designator=R8
Change Component Designator: Old Designator=R? New Designator=R9
Change Component Designator: Old Designator=R? New Designator=R10
Change Component Designator: Old Designator=R? New Designator=R11
Change Component Designator: Old Designator=R? New Designator=R12
Change Component Designator: Old Designator=R? New Designator=R13
Change Component Designator: Old Designator=R? New Designator=R14
Change Component Designator: Old Designator=R? New Designator=R15
Change Component Designator: Old Designator=R? New Designator=R16
Change Component Designator: Old Designator=R? New Designator=R17
Change Component Designator: Old Designator=R? New Designator=R18
Change Component Designator: Old Designator=R? New Designator=R19
Change Component Designator: Old Designator=R? New Designator=R20
Change Component Designator: Old Designator=R? New Designator=R21
Change Component Designator: Old Designator=R? New Designator=R22
Change Component Designator: Old Designator=R? New Designator=R23
Change Component Designator: Old Designator=R? New Designator=R24
Change Component Designator: Old Designator=R? New Designator=R25
Change Component Designator: Old Designator=R? New Designator=R26
Change Component Designator: Old Designator=R? New Designator=R27
Change Component Designator: Old Designator=R? New Designator=R28
Change Component Designator: Old Designator=R? New Designator=R29
Change Component Designator: Old Designator=R? New Designator=R30
Change Component Designator: Old Designator=R? New Designator=R31
Change Component Designator: Old Designator=R? New Designator=R32
Change Component Designator: Old Designator=R? New Designator=R33
Change Component Designator: Old Designator=R? New Designator=R34
Change Component Designator: Old Designator=R? New Designator=R35
Change Component Designator: Old Designator=R? New Designator=R36
Change Component Designator: Old Designator=TS? New Designator=TS1
Change Component Designator: Old Designator=TS? New Designator=TS2
Change Component Designator: Old Designator=TS? New Designator=TS3
Change Component Designator: Old Designator=TS? New Designator=TS4
Change Component Designator: Old Designator=TS? New Designator=TS5
Change Component Designator: Old Designator=TS? New Designator=TS6
Change Component Designator: Old Designator=TS? New Designator=TS7
Change Component Designator: Old Designator=TS? New Designator=TS8
Change Component Designator: Old Designator=TS? New Designator=TS9
Change Component Designator: Old Designator=TS? New Designator=TS10
Change Component Designator: Old Designator=TS? New Designator=TS11
Change Component Designator: Old Designator=TS? New Designator=TS12
Change Component Designator: Old Designator=TS? New Designator=TS13
Change Component Designator: Old Designator=TS? New Designator=TS14
Change Component Designator: Old Designator=TS? New Designator=TS15
Change Component Designator: Old Designator=TS? New Designator=TS16
Change Component Designator: Old Designator=TS? New Designator=TS17
Change Component Designator: Old Designator=TS? New Designator=TS18
Change Component Designator: Old Designator=TS? New Designator=TS19
Change Component Designator: Old Designator=TS? New Designator=TS20
Change Component Designator: Old Designator=TS? New Designator=TS21
Change Component Designator: Old Designator=TS? New Designator=TS22
Change Component Designator: Old Designator=TS? New Designator=TS23
Change Component Designator: Old Designator=TS? New Designator=TS24
Change Component Designator: Old Designator=TS? New Designator=TS25
Change Component Designator: Old Designator=TS? New Designator=TS26
Change Component Designator: Old Designator=TS? New Designator=TS27
Change Component Designator: Old Designator=TS? New Designator=TS28
Change Component Designator: Old Designator=TS? New Designator=TS29
Change Component Designator: Old Designator=TS? New Designator=TS30
Change Component Designator: Old Designator=TS? New Designator=TS31
Change Component Designator: Old Designator=TS? New Designator=TS32
Change Component Designator: Old Designator=XP? New Designator=XP1
