Change Component Designator: Old Designator=C? New Designator=C1
Change Component Designator: Old Designator=C? New Designator=C2
Change Component Designator: Old Designator=C? New Designator=C3
Change Component Designator: Old Designator=J? New Designator=J1
Change Component Designator: Old Designator=R? New Designator=R1
Change Component Designator: Old Designator=R? New Designator=R2
Change Component Designator: Old Designator=R? New Designator=R3
Change Component Designator: Old Designator=VD? New Designator=VD1
Change Component Designator: Old Designator=VD? New Designator=VD2
Change Component Designator: Old Designator=XP? New Designator=XP1
Change Component Designator: Old Designator=XP? New Designator=XP2
Change Component Designator: Old Designator=XP? New Designator=XP3
Change Component Designator: Old Designator=XP? New Designator=XP4
Change Component Designator: Old Designator=XP? New Designator=XP5
Change Component Designator: Old Designator=XP? New Designator=XP6
Change Component Designator: Old Designator=XP? New Designator=XP7
Change Component Designator: Old Designator=XP? New Designator=XP8
Change Component Designator: Old Designator=XP? New Designator=XP9
Change Component Designator: Old Designator=XP? New Designator=XP10
Change Component Designator: Old Designator=XP? New Designator=XP11
Change Component Designator: Old Designator=XP? New Designator=XP12
Change Component Designator: Old Designator=XP? New Designator=XP13
Change Component Designator: Old Designator=XP? New Designator=XP14
Change Component Designator: Old Designator=XP? New Designator=XP15
Change Component Designator: Old Designator=XP? New Designator=XP16
Change Component Designator: Old Designator=XP? New Designator=XP17
Change Component Designator: Old Designator=XP? New Designator=XP18
Change Component Designator: Old Designator=XP? New Designator=XP19
Change Component Designator: Old Designator=XP? New Designator=XP20
Change Component Designator: Old Designator=XP? New Designator=XP21
Change Component Designator: Old Designator=XP? New Designator=XP22
