Change Component Designator: Old Designator=C1 New Designator=C?
Change Component Designator: Old Designator=C2 New Designator=C?
Change Component Designator: Old Designator=C3 New Designator=C?
Change Component Designator: Old Designator=J1 New Designator=J?
Change Component Designator: Old Designator=R1 New Designator=R?
Change Component Designator: Old Designator=R2 New Designator=R?
Change Component Designator: Old Designator=R3 New Designator=R?
Change Component Designator: Old Designator=VD1 New Designator=VD?
Change Component Designator: Old Designator=VD2 New Designator=VD?
Change Component Designator: Old Designator=XP1 New Designator=XP?
Change Component Designator: Old Designator=XP2 New Designator=XP?
Change Component Designator: Old Designator=XP3 New Designator=XP?
Change Component Designator: Old Designator=XP4 New Designator=XP?
Change Component Designator: Old Designator=XP5 New Designator=XP?
Change Component Designator: Old Designator=XP6 New Designator=XP?
Change Component Designator: Old Designator=XP7 New Designator=XP?
Change Component Designator: Old Designator=XP8 New Designator=XP?
Change Component Designator: Old Designator=XP9 New Designator=XP?
Change Component Designator: Old Designator=XP10 New Designator=XP?
Change Component Designator: Old Designator=XP11 New Designator=XP?
Change Component Designator: Old Designator=XP12 New Designator=XP?
Change Component Designator: Old Designator=XP13 New Designator=XP?
Change Component Designator: Old Designator=XP14 New Designator=XP?
Change Component Designator: Old Designator=XP15 New Designator=XP?
Change Component Designator: Old Designator=XP16 New Designator=XP?
Change Component Designator: Old Designator=XP17 New Designator=XP?
Change Component Designator: Old Designator=XP18 New Designator=XP?
Change Component Designator: Old Designator=XP19 New Designator=XP?
Change Component Designator: Old Designator=XP20 New Designator=XP?
Change Component Designator: Old Designator=XP21 New Designator=XP?
Change Component Designator: Old Designator=XP22 New Designator=XP?
