Change Component Designator: Old Designator=C? New Designator=C44
Change Component Designator: Old Designator=D? New Designator=D1
Change Component Designator: Old Designator=HL? New Designator=HL13
Change Component Designator: Old Designator=HL? New Designator=HL14
Change Component Designator: Old Designator=HL? New Designator=HL15
Change Component Designator: Old Designator=HL? New Designator=HL16
Change Component Designator: Old Designator=HL? New Designator=HL17
Change Component Designator: Old Designator=R? New Designator=R44
Change Component Designator: Old Designator=R? New Designator=R45
Change Component Designator: Old Designator=R? New Designator=R46
Change Component Designator: Old Designator=R? New Designator=R47
Change Component Designator: Old Designator=R? New Designator=R48
Change Component Designator: Old Designator=R? New Designator=R49
Change Component Designator: Old Designator=R? New Designator=R50
Change Component Designator: Old Designator=R? New Designator=R51
Change Component Designator: Old Designator=R? New Designator=R52
Change Component Designator: Old Designator=R? New Designator=R53
Change Component Designator: Old Designator=R? New Designator=R54
Change Component Designator: Old Designator=R? New Designator=R55
Change Component Designator: Old Designator=R? New Designator=R56
Change Component Designator: Old Designator=R? New Designator=R57
Change Component Designator: Old Designator=R? New Designator=R58
Change Component Designator: Old Designator=U? New Designator=U4
