Replace Part C20 CAP Ceramic in C:\Users\4s\Documents\Altium projects\Asterisk Main Board\main.SchDoc with CAP Ceramic from Asterisk.SchLib
Replace Part C21 CAP Ceramic in C:\Users\4s\Documents\Altium projects\Asterisk Main Board\main.SchDoc with CAP Ceramic from Asterisk.SchLib
Replace Part C22 CAP Ceramic in C:\Users\4s\Documents\Altium projects\Asterisk Main Board\main.SchDoc with CAP Ceramic from Asterisk.SchLib
Replace Part C23 CAP Ceramic in C:\Users\4s\Documents\Altium projects\Asterisk Main Board\main.SchDoc with CAP Ceramic from Asterisk.SchLib
Replace Part C24 CAP Ceramic in C:\Users\4s\Documents\Altium projects\Asterisk Main Board\main.SchDoc with CAP Ceramic from Asterisk.SchLib
Replace Part C27 CAP Ceramic in C:\Users\4s\Documents\Altium projects\Asterisk Main Board\main.SchDoc with CAP Ceramic from Asterisk.SchLib
Replace Part C28 CAP Ceramic in C:\Users\4s\Documents\Altium projects\Asterisk Main Board\main.SchDoc with CAP Ceramic from Asterisk.SchLib
Replace Part C29 CAP Ceramic in C:\Users\4s\Documents\Altium projects\Asterisk Main Board\main.SchDoc with CAP Ceramic from Asterisk.SchLib
Replace Part C30 CAP Ceramic in C:\Users\4s\Documents\Altium projects\Asterisk Main Board\main.SchDoc with CAP Ceramic from Asterisk.SchLib
Replace Part C31 CAP Ceramic in C:\Users\4s\Documents\Altium projects\Asterisk Main Board\main.SchDoc with CAP Ceramic from Asterisk.SchLib
Replace Part C32 CAP Ceramic in C:\Users\4s\Documents\Altium projects\Asterisk Main Board\main.SchDoc with CAP Ceramic from Asterisk.SchLib
Replace Part C33 CAP Ceramic in C:\Users\4s\Documents\Altium projects\Asterisk Main Board\main.SchDoc with CAP Ceramic from Asterisk.SchLib
Replace Part C40 CAP Ceramic in C:\Users\4s\Documents\Altium projects\Asterisk Main Board\main.SchDoc with CAP Ceramic from Asterisk.SchLib
Replace Part C41 CAP Ceramic in C:\Users\4s\Documents\Altium projects\Asterisk Main Board\main.SchDoc with CAP Ceramic from Asterisk.SchLib
Replace Part C42 CAP Ceramic in C:\Users\4s\Documents\Altium projects\Asterisk Main Board\main.SchDoc with CAP Ceramic from Asterisk.SchLib
Replace Part C43 CAP Ceramic in C:\Users\4s\Documents\Altium projects\Asterisk Main Board\main.SchDoc with CAP Ceramic from Asterisk.SchLib
Replace Part HL1 LED in C:\Users\4s\Documents\Altium projects\Asterisk Main Board\main.SchDoc with LED from Asterisk.SchLib
Replace Part HL2 LED in C:\Users\4s\Documents\Altium projects\Asterisk Main Board\main.SchDoc with LED from Asterisk.SchLib
Replace Part HL3 LED in C:\Users\4s\Documents\Altium projects\Asterisk Main Board\main.SchDoc with LED from Asterisk.SchLib
Replace Part HL4 LED in C:\Users\4s\Documents\Altium projects\Asterisk Main Board\main.SchDoc with LED from Asterisk.SchLib
Replace Part HL5 LED in C:\Users\4s\Documents\Altium projects\Asterisk Main Board\main.SchDoc with LED from Asterisk.SchLib
Replace Part HL6 LED in C:\Users\4s\Documents\Altium projects\Asterisk Main Board\main.SchDoc with LED from Asterisk.SchLib
Replace Part HL7 LED in C:\Users\4s\Documents\Altium projects\Asterisk Main Board\main.SchDoc with LED from Asterisk.SchLib
Replace Part HL8 LED in C:\Users\4s\Documents\Altium projects\Asterisk Main Board\main.SchDoc with LED from Asterisk.SchLib
Replace Part HL10 LED in C:\Users\4s\Documents\Altium projects\Asterisk Main Board\main.SchDoc with LED from Asterisk.SchLib
Replace Part HL11 LED in C:\Users\4s\Documents\Altium projects\Asterisk Main Board\main.SchDoc with LED from Asterisk.SchLib
Replace Part HL12 LED in C:\Users\4s\Documents\Altium projects\Asterisk Main Board\main.SchDoc with LED from Asterisk.SchLib
Replace Part R18 RES in C:\Users\4s\Documents\Altium projects\Asterisk Main Board\main.SchDoc with RES from Asterisk.SchLib
Replace Part R19 RES in C:\Users\4s\Documents\Altium projects\Asterisk Main Board\main.SchDoc with RES from Asterisk.SchLib
Replace Part R20 RES in C:\Users\4s\Documents\Altium projects\Asterisk Main Board\main.SchDoc with RES from Asterisk.SchLib
Replace Part R21 RES in C:\Users\4s\Documents\Altium projects\Asterisk Main Board\main.SchDoc with RES from Asterisk.SchLib
Replace Part R22 RES in C:\Users\4s\Documents\Altium projects\Asterisk Main Board\main.SchDoc with RES from Asterisk.SchLib
Replace Part R23 RES in C:\Users\4s\Documents\Altium projects\Asterisk Main Board\main.SchDoc with RES from Asterisk.SchLib
Replace Part R24 RES in C:\Users\4s\Documents\Altium projects\Asterisk Main Board\main.SchDoc with RES from Asterisk.SchLib
Replace Part R25 RES in C:\Users\4s\Documents\Altium projects\Asterisk Main Board\main.SchDoc with RES from Asterisk.SchLib
Replace Part R26 RES in C:\Users\4s\Documents\Altium projects\Asterisk Main Board\main.SchDoc with RES from Asterisk.SchLib
Replace Part R27 RES in C:\Users\4s\Documents\Altium projects\Asterisk Main Board\main.SchDoc with RES from Asterisk.SchLib
Replace Part R28 RES in C:\Users\4s\Documents\Altium projects\Asterisk Main Board\main.SchDoc with RES from Asterisk.SchLib
Replace Part R29 RES in C:\Users\4s\Documents\Altium projects\Asterisk Main Board\main.SchDoc with RES from Asterisk.SchLib
Replace Part R30 RES in C:\Users\4s\Documents\Altium projects\Asterisk Main Board\main.SchDoc with RES from Asterisk.SchLib
Replace Part R32 RES in C:\Users\4s\Documents\Altium projects\Asterisk Main Board\main.SchDoc with RES from Asterisk.SchLib
Replace Part R33 RES in C:\Users\4s\Documents\Altium projects\Asterisk Main Board\main.SchDoc with RES from Asterisk.SchLib
Replace Part R34 RES in C:\Users\4s\Documents\Altium projects\Asterisk Main Board\main.SchDoc with RES from Asterisk.SchLib
Replace Part R46 RES in C:\Users\4s\Documents\Altium projects\Asterisk Main Board\main.SchDoc with RES from Asterisk.SchLib
Replace Part R47 RES in C:\Users\4s\Documents\Altium projects\Asterisk Main Board\main.SchDoc with RES from Asterisk.SchLib
Replace Part U1 STM32F407VGT6 in C:\Users\4s\Documents\Altium projects\Asterisk Main Board\main.SchDoc with STM32F407VGT6 from Asterisk.SchLib
Replace Part U1 STM32F407VGT6 in C:\Users\4s\Documents\Altium projects\Asterisk Main Board\main.SchDoc with STM32F407VGT6 from Asterisk.SchLib
Replace Part VD5 Diode Schottky in C:\Users\4s\Documents\Altium projects\Asterisk Main Board\main.SchDoc with Diode Schottky from Asterisk.SchLib
Replace Part VT1 IRS4427 in C:\Users\4s\Documents\Altium projects\Asterisk Main Board\main.SchDoc with IRS4427 from Asterisk.SchLib
Replace Part VT2 STD30NF06L in C:\Users\4s\Documents\Altium projects\Asterisk Main Board\main.SchDoc with STD30NF06L from Asterisk.SchLib
Replace Part VT3 TPSTD10P6F6 in C:\Users\4s\Documents\Altium projects\Asterisk Main Board\main.SchDoc with TPSTD10P6F6 from Asterisk.SchLib
Replace Part VT6 IRLML2502 in C:\Users\4s\Documents\Altium projects\Asterisk Main Board\main.SchDoc with IRLML2502 from Asterisk.SchLib
Replace Part VT7 IRLML2502 in C:\Users\4s\Documents\Altium projects\Asterisk Main Board\main.SchDoc with IRLML2502 from Asterisk.SchLib
