Removed Pin From Net: NetName=NetR1_1 Pin=XP3-1
Removed Pin From Net: NetName=GND Pin=XP3-2
Removed Pin From Net: NetName=CAP Pin=XP4-1
Removed Pin From Net: NetName=GND Pin=XP4-2
Removed Pin From Net: NetName=+3V3 Pin=XP5-1
Removed Pin From Net: NetName=BALL_SEN Pin=XP5-2
Removed Pin From Net: NetName=+3V3 Pin=XP12-1
Removed Pin From Net: NetName=GND Pin=XP12-2
Removed Pin From Net: NetName=+5V Pin=XP13-1
Removed Pin From Net: NetName=GND Pin=XP13-2
Removed Pin From Net: NetName=+12V Pin=XP21-1
Removed Pin From Net: NetName=GND Pin=XP21-2
Removed Pin From Net: NetName=+48V Pin=XP22-1
Removed Pin From Net: NetName=GND Pin=XP22-2
Change Component Comment : Designator=XP12 Old Comment=OpenMV New Comment=+3V3
Change Component Comment : Designator=XP13 Old Comment=OpenMV New Comment=+5V
Added Pin To Net: NetName=GND Pin=XP3-1
Added Pin To Net: NetName=NetR1_1 Pin=XP3-2
Added Pin To Net: NetName=GND Pin=XP4-1
Added Pin To Net: NetName=CAP Pin=XP4-2
Added Pin To Net: NetName=BALL_SEN Pin=XP5-1
Added Pin To Net: NetName=+3V3 Pin=XP5-2
Added Pin To Net: NetName=GND Pin=XP12-1
Added Pin To Net: NetName=+3V3 Pin=XP12-2
Added Pin To Net: NetName=GND Pin=XP13-1
Added Pin To Net: NetName=+5V Pin=XP13-2
Added Pin To Net: NetName=GND Pin=XP21-1
Added Pin To Net: NetName=+12V Pin=XP21-2
Added Pin To Net: NetName=GND Pin=XP22-1
Added Pin To Net: NetName=+48V Pin=XP22-2
