Added Component: Designator=C1(CAP_3.2x1.6h1.2)
Add component. Clean all parameters for all variants
Added Component: Designator=C2(D8C3.5H12)
Add component. Clean all parameters for all variants
Added Component: Designator=C3_DRV1(Tantal C)
Add component. Clean all parameters for all variants
Added Component: Designator=C3_DRV2(Tantal C)
Add component. Clean all parameters for all variants
Added Component: Designator=C3_DRV3(Tantal C)
Add component. Clean all parameters for all variants
Added Component: Designator=C3_DRV4(Tantal C)
Add component. Clean all parameters for all variants
Added Component: Designator=C4_DRV1(Tantal C)
Add component. Clean all parameters for all variants
Added Component: Designator=C4_DRV2(Tantal C)
Add component. Clean all parameters for all variants
Added Component: Designator=C4_DRV3(Tantal C)
Add component. Clean all parameters for all variants
Added Component: Designator=C4_DRV4(Tantal C)
Add component. Clean all parameters for all variants
Added Component: Designator=C5(cap0603)
Add component. Clean all parameters for all variants
Added Component: Designator=C6(cap0603)
Add component. Clean all parameters for all variants
Added Component: Designator=C7(cap0603)
Add component. Clean all parameters for all variants
Added Component: Designator=C8(cap0603)
Add component. Clean all parameters for all variants
Added Component: Designator=C9(cap0603)
Add component. Clean all parameters for all variants
Added Component: Designator=C10(cap0603)
Add component. Clean all parameters for all variants
Added Component: Designator=C11(cap0603)
Add component. Clean all parameters for all variants
Added Component: Designator=C12(cap0603)
Add component. Clean all parameters for all variants
Added Component: Designator=C13(Tantal C)
Add component. Clean all parameters for all variants
Added Component: Designator=C14(Tantal C)
Add component. Clean all parameters for all variants
Added Component: Designator=C15(cap0603)
Add component. Clean all parameters for all variants
Added Component: Designator=C16(cap0603)
Add component. Clean all parameters for all variants
Added Component: Designator=C17(cap0603)
Add component. Clean all parameters for all variants
Added Component: Designator=C18(cap0603)
Add component. Clean all parameters for all variants
Added Component: Designator=C19(cap0603)
Add component. Clean all parameters for all variants
Added Component: Designator=C20(cap0603)
Add component. Clean all parameters for all variants
Added Component: Designator=C21(cap0603)
Add component. Clean all parameters for all variants
Added Component: Designator=C22(cap0603)
Add component. Clean all parameters for all variants
Added Component: Designator=C23(cap0603)
Add component. Clean all parameters for all variants
Added Component: Designator=C24(cap0603)
Add component. Clean all parameters for all variants
Added Component: Designator=C25(cap0603)
Add component. Clean all parameters for all variants
Added Component: Designator=C26(cap0603)
Add component. Clean all parameters for all variants
Added Component: Designator=C27(cap0603)
Add component. Clean all parameters for all variants
Added Component: Designator=C28(cap0603)
Add component. Clean all parameters for all variants
Added Component: Designator=C29(cap0603)
Add component. Clean all parameters for all variants
Added Component: Designator=C30(cap0603)
Add component. Clean all parameters for all variants
Added Component: Designator=C31_TS1(cap0603)
Add component. Clean all parameters for all variants
Added Component: Designator=C31_TS2(cap0603)
Add component. Clean all parameters for all variants
Added Component: Designator=C31_TS3(cap0603)
Add component. Clean all parameters for all variants
Added Component: Designator=C31_TS4(cap0603)
Add component. Clean all parameters for all variants
Added Component: Designator=C31_TS5(cap0603)
Add component. Clean all parameters for all variants
Added Component: Designator=C31_TS6(cap0603)
Add component. Clean all parameters for all variants
Added Component: Designator=C31_TS7(cap0603)
Add component. Clean all parameters for all variants
Added Component: Designator=C31_TS8(cap0603)
Add component. Clean all parameters for all variants
Added Component: Designator=C31_TS9(cap0603)
Add component. Clean all parameters for all variants
Added Component: Designator=C31_TS10(cap0603)
Add component. Clean all parameters for all variants
Added Component: Designator=C31_TS11(cap0603)
Add component. Clean all parameters for all variants
Added Component: Designator=C31_TS12(cap0603)
Add component. Clean all parameters for all variants
Added Component: Designator=C31_TS13(cap0603)
Add component. Clean all parameters for all variants
Added Component: Designator=C31_TS14(cap0603)
Add component. Clean all parameters for all variants
Added Component: Designator=C31_TS15(cap0603)
Add component. Clean all parameters for all variants
Added Component: Designator=C31_TS16(cap0603)
Add component. Clean all parameters for all variants
Added Component: Designator=C31_TS17(cap0603)
Add component. Clean all parameters for all variants
Added Component: Designator=C31_TS18(cap0603)
Add component. Clean all parameters for all variants
Added Component: Designator=C31_TS19(cap0603)
Add component. Clean all parameters for all variants
Added Component: Designator=C31_TS20(cap0603)
Add component. Clean all parameters for all variants
Added Component: Designator=C31_TS21(cap0603)
Add component. Clean all parameters for all variants
Added Component: Designator=C31_TS22(cap0603)
Add component. Clean all parameters for all variants
Added Component: Designator=C31_TS23(cap0603)
Add component. Clean all parameters for all variants
Added Component: Designator=C31_TS24(cap0603)
Add component. Clean all parameters for all variants
Added Component: Designator=C31_TS25(cap0603)
Add component. Clean all parameters for all variants
Added Component: Designator=C31_TS26(cap0603)
Add component. Clean all parameters for all variants
Added Component: Designator=C31_TS27(cap0603)
Add component. Clean all parameters for all variants
Added Component: Designator=C31_TS28(cap0603)
Add component. Clean all parameters for all variants
Added Component: Designator=C31_TS29(cap0603)
Add component. Clean all parameters for all variants
Added Component: Designator=C31_TS30(cap0603)
Add component. Clean all parameters for all variants
Added Component: Designator=C31_TS31(cap0603)
Add component. Clean all parameters for all variants
Added Component: Designator=C31_TS32(cap0603)
Add component. Clean all parameters for all variants
Added Component: Designator=C32(cap0603)
Add component. Clean all parameters for all variants
Added Component: Designator=C33(cap0603)
Add component. Clean all parameters for all variants
Added Component: Designator=D1(DO-214AC)
Add component. Clean all parameters for all variants
Added Component: Designator=D2(DO-214AC)
Add component. Clean all parameters for all variants
Added Component: Designator=D3(BZV55C8V2)
Add component. Clean all parameters for all variants
Added Component: Designator=DC1(mini360)
Add component. Clean all parameters for all variants
Added Component: Designator=DC2(mini360)
Add component. Clean all parameters for all variants
Added Component: Designator=G1(CRYSTAL_HC49-US-SM)
Add component. Clean all parameters for all variants
Add component (AddParameter): Name = "HelpURL"; Value = "https://www.digikey.com/product-detail/en/ecs-inc/ECS-160-20-5PX-TR/XC1282CT-ND/827746"; VariantName = "[No Variations]"
Add component (AddParameter): Name = "Part Number"; Value = "ECS-160-20-5PX-TR"; VariantName = "[No Variations]"
Added Component: Designator=HL1(0603_LED_GREEN)
Add component. Clean all parameters for all variants
Added Component: Designator=HL2(0603_LED_GREEN)
Add component. Clean all parameters for all variants
Added Component: Designator=HL3(0603_LED_GREEN)
Add component. Clean all parameters for all variants
Added Component: Designator=HL4(0603_LED_GREEN)
Add component. Clean all parameters for all variants
Added Component: Designator=HL5(0603_LED_GREEN)
Add component. Clean all parameters for all variants
Added Component: Designator=HL6(0603_LED_WHITE)
Add component. Clean all parameters for all variants
Added Component: Designator=HL7(0603_LED_WHITE)
Add component. Clean all parameters for all variants
Added Component: Designator=HL8(0603_LED_RED)
Add component. Clean all parameters for all variants
Added Component: Designator=HL9(0603_LED_RED)
Add component. Clean all parameters for all variants
Added Component: Designator=HL10(0603_LED_RED)
Add component. Clean all parameters for all variants
Added Component: Designator=HL11(0603_LED_RED)
Add component. Clean all parameters for all variants
Added Component: Designator=HL12(0603_LED_RED)
Add component. Clean all parameters for all variants
Added Component: Designator=HL13(0603_LED_RED)
Add component. Clean all parameters for all variants
Added Component: Designator=HL14(0603_LED_GREEN)
Add component. Clean all parameters for all variants
Added Component: Designator=HL15(0603_LED_GREEN)
Add component. Clean all parameters for all variants
Added Component: Designator=HL16(0603_LED_GREEN)
Add component. Clean all parameters for all variants
Added Component: Designator=HL17(0603_LED_GREEN)
Add component. Clean all parameters for all variants
Added Component: Designator=MUX1(CD74HC4067SM96)
Add component. Clean all parameters for all variants
Added Component: Designator=MUX2(CD74HC4067SM96)
Add component. Clean all parameters for all variants
Added Component: Designator=R1(res0402)
Add component. Clean all parameters for all variants
Added Component: Designator=R2(res0402)
Add component. Clean all parameters for all variants
Added Component: Designator=R3_DRV1(res0603)
Add component. Clean all parameters for all variants
Added Component: Designator=R3_DRV2(res0603)
Add component. Clean all parameters for all variants
Added Component: Designator=R3_DRV3(res0603)
Add component. Clean all parameters for all variants
Added Component: Designator=R3_DRV4(res0603)
Add component. Clean all parameters for all variants
Added Component: Designator=R4_DRV1(res0603)
Add component. Clean all parameters for all variants
Added Component: Designator=R4_DRV2(res0603)
Add component. Clean all parameters for all variants
Added Component: Designator=R4_DRV3(res0603)
Add component. Clean all parameters for all variants
Added Component: Designator=R4_DRV4(res0603)
Add component. Clean all parameters for all variants
Added Component: Designator=R5_DRV1(res0603)
Add component. Clean all parameters for all variants
Added Component: Designator=R5_DRV2(res0603)
Add component. Clean all parameters for all variants
Added Component: Designator=R5_DRV3(res0603)
Add component. Clean all parameters for all variants
Added Component: Designator=R5_DRV4(res0603)
Add component. Clean all parameters for all variants
Added Component: Designator=R6_DRV1(res0603)
Add component. Clean all parameters for all variants
Added Component: Designator=R6_DRV2(res0603)
Add component. Clean all parameters for all variants
Added Component: Designator=R6_DRV3(res0603)
Add component. Clean all parameters for all variants
Added Component: Designator=R6_DRV4(res0603)
Add component. Clean all parameters for all variants
Added Component: Designator=R7(res0603)
Add component. Clean all parameters for all variants
Added Component: Designator=R8(res0603)
Add component. Clean all parameters for all variants
Added Component: Designator=R9(res0603)
Add component. Clean all parameters for all variants
Added Component: Designator=R10(res0402)
Add component. Clean all parameters for all variants
Added Component: Designator=R11(res0402)
Add component. Clean all parameters for all variants
Added Component: Designator=R12(res0402)
Add component. Clean all parameters for all variants
Added Component: Designator=R13(res0402)
Add component. Clean all parameters for all variants
Added Component: Designator=R14(res0402)
Add component. Clean all parameters for all variants
Added Component: Designator=R15(res0402)
Add component. Clean all parameters for all variants
Added Component: Designator=R16(res0402)
Add component. Clean all parameters for all variants
Added Component: Designator=R17(res0402)
Add component. Clean all parameters for all variants
Added Component: Designator=R18(res0402)
Add component. Clean all parameters for all variants
Added Component: Designator=R19(res0402)
Add component. Clean all parameters for all variants
Added Component: Designator=R20(res0402)
Add component. Clean all parameters for all variants
Added Component: Designator=R21(res0402)
Add component. Clean all parameters for all variants
Added Component: Designator=R22(res0402)
Add component. Clean all parameters for all variants
Added Component: Designator=R23(res0603)
Add component. Clean all parameters for all variants
Added Component: Designator=R24(res0603)
Add component. Clean all parameters for all variants
Added Component: Designator=R25(res0603)
Add component. Clean all parameters for all variants
Added Component: Designator=R26(res0603)
Add component. Clean all parameters for all variants
Added Component: Designator=R27(res0603)
Add component. Clean all parameters for all variants
Added Component: Designator=R28(res0603)
Add component. Clean all parameters for all variants
Added Component: Designator=R29(res0603)
Add component. Clean all parameters for all variants
Added Component: Designator=R30(res0603)
Add component. Clean all parameters for all variants
Added Component: Designator=R31(res0603)
Add component. Clean all parameters for all variants
Added Component: Designator=R32(res0603)
Add component. Clean all parameters for all variants
Added Component: Designator=R33(res0603)
Add component. Clean all parameters for all variants
Added Component: Designator=R34(res0603)
Add component. Clean all parameters for all variants
Added Component: Designator=R35(res0603)
Add component. Clean all parameters for all variants
Added Component: Designator=R36_TS1(res0603)
Add component. Clean all parameters for all variants
Added Component: Designator=R36_TS2(res0603)
Add component. Clean all parameters for all variants
Added Component: Designator=R36_TS3(res0603)
Add component. Clean all parameters for all variants
Added Component: Designator=R36_TS4(res0603)
Add component. Clean all parameters for all variants
Added Component: Designator=R36_TS5(res0603)
Add component. Clean all parameters for all variants
Added Component: Designator=R36_TS6(res0603)
Add component. Clean all parameters for all variants
Added Component: Designator=R36_TS7(res0603)
Add component. Clean all parameters for all variants
Added Component: Designator=R36_TS8(res0603)
Add component. Clean all parameters for all variants
Added Component: Designator=R36_TS9(res0603)
Add component. Clean all parameters for all variants
Added Component: Designator=R36_TS10(res0603)
Add component. Clean all parameters for all variants
Added Component: Designator=R36_TS11(res0603)
Add component. Clean all parameters for all variants
Added Component: Designator=R36_TS12(res0603)
Add component. Clean all parameters for all variants
Added Component: Designator=R36_TS13(res0603)
Add component. Clean all parameters for all variants
Added Component: Designator=R36_TS14(res0603)
Add component. Clean all parameters for all variants
Added Component: Designator=R36_TS15(res0603)
Add component. Clean all parameters for all variants
Added Component: Designator=R36_TS16(res0603)
Add component. Clean all parameters for all variants
Added Component: Designator=R36_TS17(res0603)
Add component. Clean all parameters for all variants
Added Component: Designator=R36_TS18(res0603)
Add component. Clean all parameters for all variants
Added Component: Designator=R36_TS19(res0603)
Add component. Clean all parameters for all variants
Added Component: Designator=R36_TS20(res0603)
Add component. Clean all parameters for all variants
Added Component: Designator=R36_TS21(res0603)
Add component. Clean all parameters for all variants
Added Component: Designator=R36_TS22(res0603)
Add component. Clean all parameters for all variants
Added Component: Designator=R36_TS23(res0603)
Add component. Clean all parameters for all variants
Added Component: Designator=R36_TS24(res0603)
Add component. Clean all parameters for all variants
Added Component: Designator=R36_TS25(res0603)
Add component. Clean all parameters for all variants
Added Component: Designator=R36_TS26(res0603)
Add component. Clean all parameters for all variants
Added Component: Designator=R36_TS27(res0603)
Add component. Clean all parameters for all variants
Added Component: Designator=R36_TS28(res0603)
Add component. Clean all parameters for all variants
Added Component: Designator=R36_TS29(res0603)
Add component. Clean all parameters for all variants
Added Component: Designator=R36_TS30(res0603)
Add component. Clean all parameters for all variants
Added Component: Designator=R36_TS31(res0603)
Add component. Clean all parameters for all variants
Added Component: Designator=R36_TS32(res0603)
Add component. Clean all parameters for all variants
Added Component: Designator=R37_TS1(res0603)
Add component. Clean all parameters for all variants
Added Component: Designator=R37_TS2(res0603)
Add component. Clean all parameters for all variants
Added Component: Designator=R37_TS3(res0603)
Add component. Clean all parameters for all variants
Added Component: Designator=R37_TS4(res0603)
Add component. Clean all parameters for all variants
Added Component: Designator=R37_TS5(res0603)
Add component. Clean all parameters for all variants
Added Component: Designator=R37_TS6(res0603)
Add component. Clean all parameters for all variants
Added Component: Designator=R37_TS7(res0603)
Add component. Clean all parameters for all variants
Added Component: Designator=R37_TS8(res0603)
Add component. Clean all parameters for all variants
Added Component: Designator=R37_TS9(res0603)
Add component. Clean all parameters for all variants
Added Component: Designator=R37_TS10(res0603)
Add component. Clean all parameters for all variants
Added Component: Designator=R37_TS11(res0603)
Add component. Clean all parameters for all variants
Added Component: Designator=R37_TS12(res0603)
Add component. Clean all parameters for all variants
Added Component: Designator=R37_TS13(res0603)
Add component. Clean all parameters for all variants
Added Component: Designator=R37_TS14(res0603)
Add component. Clean all parameters for all variants
Added Component: Designator=R37_TS15(res0603)
Add component. Clean all parameters for all variants
Added Component: Designator=R37_TS16(res0603)
Add component. Clean all parameters for all variants
Added Component: Designator=R37_TS17(res0603)
Add component. Clean all parameters for all variants
Added Component: Designator=R37_TS18(res0603)
Add component. Clean all parameters for all variants
Added Component: Designator=R37_TS19(res0603)
Add component. Clean all parameters for all variants
Added Component: Designator=R37_TS20(res0603)
Add component. Clean all parameters for all variants
Added Component: Designator=R37_TS21(res0603)
Add component. Clean all parameters for all variants
Added Component: Designator=R37_TS22(res0603)
Add component. Clean all parameters for all variants
Added Component: Designator=R37_TS23(res0603)
Add component. Clean all parameters for all variants
Added Component: Designator=R37_TS24(res0603)
Add component. Clean all parameters for all variants
Added Component: Designator=R37_TS25(res0603)
Add component. Clean all parameters for all variants
Added Component: Designator=R37_TS26(res0603)
Add component. Clean all parameters for all variants
Added Component: Designator=R37_TS27(res0603)
Add component. Clean all parameters for all variants
Added Component: Designator=R37_TS28(res0603)
Add component. Clean all parameters for all variants
Added Component: Designator=R37_TS29(res0603)
Add component. Clean all parameters for all variants
Added Component: Designator=R37_TS30(res0603)
Add component. Clean all parameters for all variants
Added Component: Designator=R37_TS31(res0603)
Add component. Clean all parameters for all variants
Added Component: Designator=R37_TS32(res0603)
Add component. Clean all parameters for all variants
Added Component: Designator=R38(res0402)
Add component. Clean all parameters for all variants
Added Component: Designator=R39(res0402)
Add component. Clean all parameters for all variants
Added Component: Designator=R40(res0402)
Add component. Clean all parameters for all variants
Added Component: Designator=R41(res0402)
Add component. Clean all parameters for all variants
Added Component: Designator=R43(res0603)
Add component. Clean all parameters for all variants
Added Component: Designator=R44(res0603)
Add component. Clean all parameters for all variants
Added Component: Designator=R45(res0603)
Add component. Clean all parameters for all variants
Added Component: Designator=R46(res0603)
Add component. Clean all parameters for all variants
Added Component: Designator=R47(res0603)
Add component. Clean all parameters for all variants
Added Component: Designator=R48(res0603)
Add component. Clean all parameters for all variants
Added Component: Designator=R49(res0603)
Add component. Clean all parameters for all variants
Added Component: Designator=R50(res0603)
Add component. Clean all parameters for all variants
Added Component: Designator=R51(res0603)
Add component. Clean all parameters for all variants
Added Component: Designator=R52(res0603)
Add component. Clean all parameters for all variants
Added Component: Designator=R53(res1206)
Add component. Clean all parameters for all variants
Added Component: Designator=SB1(TL3700AF160QG)
Add component. Clean all parameters for all variants
Add component (AddParameter): Name = "Digi-Key Part Number"; Value = "EG4919CT-ND"; VariantName = "[No Variations]"
Add component (AddParameter): Name = "HelpURL"; Value = "https://www.digikey.com/product-detail/en/e-switch/TL3700AF160QG/EG4919CT-ND/2538592"; VariantName = "[No Variations]"
Add component (AddParameter): Name = "Part Number"; Value = "TL3700AF160QG"; VariantName = "[No Variations]"
Added Component: Designator=SB2(TL3700AF160QG)
Add component. Clean all parameters for all variants
Add component (AddParameter): Name = "Digi-Key Part Number"; Value = "EG4919CT-ND"; VariantName = "[No Variations]"
Add component (AddParameter): Name = "HelpURL"; Value = "https://www.digikey.com/product-detail/en/e-switch/TL3700AF160QG/EG4919CT-ND/2538592"; VariantName = "[No Variations]"
Add component (AddParameter): Name = "Part Number"; Value = "TL3700AF160QG"; VariantName = "[No Variations]"
Added Component: Designator=SB3(TL3700AF160QG)
Add component. Clean all parameters for all variants
Add component (AddParameter): Name = "Digi-Key Part Number"; Value = "EG4919CT-ND"; VariantName = "[No Variations]"
Add component (AddParameter): Name = "HelpURL"; Value = "https://www.digikey.com/product-detail/en/e-switch/TL3700AF160QG/EG4919CT-ND/2538592"; VariantName = "[No Variations]"
Add component (AddParameter): Name = "Part Number"; Value = "TL3700AF160QG"; VariantName = "[No Variations]"
Added Component: Designator=SB4(TL3700AF160QG)
Add component. Clean all parameters for all variants
Add component (AddParameter): Name = "Digi-Key Part Number"; Value = "EG4919CT-ND"; VariantName = "[No Variations]"
Add component (AddParameter): Name = "HelpURL"; Value = "https://www.digikey.com/product-detail/en/e-switch/TL3700AF160QG/EG4919CT-ND/2538592"; VariantName = "[No Variations]"
Add component (AddParameter): Name = "Part Number"; Value = "TL3700AF160QG"; VariantName = "[No Variations]"
Added Component: Designator=SB5(TL3700AF160QG)
Add component. Clean all parameters for all variants
Add component (AddParameter): Name = "Digi-Key Part Number"; Value = "EG4919CT-ND"; VariantName = "[No Variations]"
Add component (AddParameter): Name = "HelpURL"; Value = "https://www.digikey.com/product-detail/en/e-switch/TL3700AF160QG/EG4919CT-ND/2538592"; VariantName = "[No Variations]"
Add component (AddParameter): Name = "Part Number"; Value = "TL3700AF160QG"; VariantName = "[No Variations]"
Added Component: Designator=SB6(TL3700AF160QG)
Add component. Clean all parameters for all variants
Add component (AddParameter): Name = "Digi-Key Part Number"; Value = "EG4919CT-ND"; VariantName = "[No Variations]"
Add component (AddParameter): Name = "HelpURL"; Value = "https://www.digikey.com/product-detail/en/e-switch/TL3700AF160QG/EG4919CT-ND/2538592"; VariantName = "[No Variations]"
Add component (AddParameter): Name = "Part Number"; Value = "TL3700AF160QG"; VariantName = "[No Variations]"
Added Component: Designator=SW1(ESP1010)
Add component. Clean all parameters for all variants
Added Component: Designator=SW2(ESP1010)
Add component. Clean all parameters for all variants
Added Component: Designator=SW3(ESP1010)
Add component. Clean all parameters for all variants
Added Component: Designator=SW4(ESP1010)
Add component. Clean all parameters for all variants
Added Component: Designator=TS1_TS1(TSOP2240)
Add component. Clean all parameters for all variants
Added Component: Designator=TS1_TS2(TSOP2240)
Add component. Clean all parameters for all variants
Added Component: Designator=TS1_TS3(TSOP2240)
Add component. Clean all parameters for all variants
Added Component: Designator=TS1_TS4(TSOP2240)
Add component. Clean all parameters for all variants
Added Component: Designator=TS1_TS5(TSOP2240)
Add component. Clean all parameters for all variants
Added Component: Designator=TS1_TS6(TSOP2240)
Add component. Clean all parameters for all variants
Added Component: Designator=TS1_TS7(TSOP2240)
Add component. Clean all parameters for all variants
Added Component: Designator=TS1_TS8(TSOP2240)
Add component. Clean all parameters for all variants
Added Component: Designator=TS1_TS9(TSOP2240)
Add component. Clean all parameters for all variants
Added Component: Designator=TS1_TS10(TSOP2240)
Add component. Clean all parameters for all variants
Added Component: Designator=TS1_TS11(TSOP2240)
Add component. Clean all parameters for all variants
Added Component: Designator=TS1_TS12(TSOP2240)
Add component. Clean all parameters for all variants
Added Component: Designator=TS1_TS13(TSOP2240)
Add component. Clean all parameters for all variants
Added Component: Designator=TS1_TS14(TSOP2240)
Add component. Clean all parameters for all variants
Added Component: Designator=TS1_TS15(TSOP2240)
Add component. Clean all parameters for all variants
Added Component: Designator=TS1_TS16(TSOP2240)
Add component. Clean all parameters for all variants
Added Component: Designator=TS1_TS17(TSOP2240)
Add component. Clean all parameters for all variants
Added Component: Designator=TS1_TS18(TSOP2240)
Add component. Clean all parameters for all variants
Added Component: Designator=TS1_TS19(TSOP2240)
Add component. Clean all parameters for all variants
Added Component: Designator=TS1_TS20(TSOP2240)
Add component. Clean all parameters for all variants
Added Component: Designator=TS1_TS21(TSOP2240)
Add component. Clean all parameters for all variants
Added Component: Designator=TS1_TS22(TSOP2240)
Add component. Clean all parameters for all variants
Added Component: Designator=TS1_TS23(TSOP2240)
Add component. Clean all parameters for all variants
Added Component: Designator=TS1_TS24(TSOP2240)
Add component. Clean all parameters for all variants
Added Component: Designator=TS1_TS25(TSOP2240)
Add component. Clean all parameters for all variants
Added Component: Designator=TS1_TS26(TSOP2240)
Add component. Clean all parameters for all variants
Added Component: Designator=TS1_TS27(TSOP2240)
Add component. Clean all parameters for all variants
Added Component: Designator=TS1_TS28(TSOP2240)
Add component. Clean all parameters for all variants
Added Component: Designator=TS1_TS29(TSOP2240)
Add component. Clean all parameters for all variants
Added Component: Designator=TS1_TS30(TSOP2240)
Add component. Clean all parameters for all variants
Added Component: Designator=TS1_TS31(TSOP2240)
Add component. Clean all parameters for all variants
Added Component: Designator=TS1_TS32(TSOP2240)
Add component. Clean all parameters for all variants
Added Component: Designator=U1(STM-LQFP100_N)
Add component. Clean all parameters for all variants
Add component (AddParameter): Name = "ComponentLink1Description"; Value = "Manufacturer URL"; VariantName = "[No Variations]"
Add component (AddParameter): Name = "ComponentLink1URL"; Value = "http://www.st.com/web/en/home.html"; VariantName = "[No Variations]"
Add component (AddParameter): Name = "ComponentLink2Description"; Value = "Datasheet"; VariantName = "[No Variations]"
Add component (AddParameter): Name = "ComponentLink2URL"; Value = "http://www.st.com/st-web-ui/static/active/en/resource/technical/document/datasheet/DM00037051.pdf"; VariantName = "[No Variations]"
Add component (AddParameter): Name = "ComponentLink3Description"; Value = "Package Specification"; VariantName = "[No Variations]"
Add component (AddParameter): Name = "ComponentLink3URL"; Value = "http://www.st.com/st-web-ui/static/active/en/resource/technical/document/data_brief/DM00071938.pdf"; VariantName = "[No Variations]"
Add component (AddParameter): Name = "Core"; Value = "ARM Cortex-M4"; VariantName = "[No Variations]"
Add component (AddParameter): Name = "D/A Converter"; Value = "2x12-bit"; VariantName = "[No Variations]"
Add component (AddParameter): Name = "DatasheetVersion"; Value = "Rev. 4"; VariantName = "[No Variations]"
Add component (AddParameter): Name = "FLASH Size (Prog) (kB)"; Value = "1024"; VariantName = "[No Variations]"
Add component (AddParameter): Name = "I/Os (High Current)"; Value = "82"; VariantName = "[No Variations]"
Add component (AddParameter): Name = "Internal RAM Size (kB)"; Value = "192"; VariantName = "[No Variations]"
Add component (AddParameter): Name = "Manufacturer"; Value = "STMicroelectronics"; VariantName = "[No Variations]"
Add component (AddParameter): Name = "Mounting Technology"; Value = "Surface Mount"; VariantName = "[No Variations]"
Add component (AddParameter): Name = "Operating Frequency(F) (Processor speed) (MHz)"; Value = "168"; VariantName = "[No Variations]"
Add component (AddParameter): Name = "PackageDescription"; Value = "100-Pin Low Profile Quad Flat Package, 14 x 14 mm Body, 0.5 mm Pitch"; VariantName = "[No Variations]"
Add component (AddParameter): Name = "PackageReference"; Value = "LQFP100"; VariantName = "[No Variations]"
Add component (AddParameter): Name = "PackageVersion"; Value = "Rev. 1, 06/2013"; VariantName = "[No Variations]"
Add component (AddParameter): Name = "Packing"; Value = "Tray"; VariantName = "[No Variations]"
Add component (AddParameter): Name = "PartNumber"; Value = "STM32F407VGT6"; VariantName = "[No Variations]"
Add component (AddParameter): Name = "Supplier 1"; Value = "Digi-Key"; VariantName = "[No Variations]"
Add component (AddParameter): Name = "Supplier 2"; Value = "Farnell"; VariantName = "[No Variations]"
Add component (AddParameter): Name = "Supplier 3"; Value = "Newark"; VariantName = "[No Variations]"
Add component (AddParameter): Name = "Supplier 4"; Value = "Mouser"; VariantName = "[No Variations]"
Add component (AddParameter): Name = "Supplier Part Number 1"; Value = "497-11605-ND"; VariantName = "[No Variations]"
Add component (AddParameter): Name = "Supplier Part Number 2"; Value = "2064368"; VariantName = "[No Variations]"
Add component (AddParameter): Name = "Supplier Part Number 3"; Value = "73T2333"; VariantName = "[No Variations]"
Add component (AddParameter): Name = "Supplier Part Number 4"; Value = "511-STM32F407VGT6"; VariantName = "[No Variations]"
Add component (AddParameter): Name = "Supply Voltage(Vcc) max (V)"; Value = "3.6"; VariantName = "[No Variations]"
Add component (AddParameter): Name = "Supply Voltage(Vcc) min (V)"; Value = "1.8"; VariantName = "[No Variations]"
Added Component: Designator=U2_DRV1(8-Pin HSOP)
Add component. Clean all parameters for all variants
Added Component: Designator=U2_DRV2(8-Pin HSOP)
Add component. Clean all parameters for all variants
Added Component: Designator=U2_DRV3(8-Pin HSOP)
Add component. Clean all parameters for all variants
Added Component: Designator=U2_DRV4(8-Pin HSOP)
Add component. Clean all parameters for all variants
Added Component: Designator=U3_DRV1(8-Pin HSOP)
Add component. Clean all parameters for all variants
Added Component: Designator=U3_DRV2(8-Pin HSOP)
Add component. Clean all parameters for all variants
Added Component: Designator=U3_DRV3(8-Pin HSOP)
Add component. Clean all parameters for all variants
Added Component: Designator=U3_DRV4(8-Pin HSOP)
Add component. Clean all parameters for all variants
Added Component: Designator=U4(LM339D)
Add component. Clean all parameters for all variants
Added Component: Designator=VD1(SOD123)
Add component. Clean all parameters for all variants
Add component (AddParameter): Name = "Imax"; Value = ""; VariantName = "[No Variations]"
Add component (AddParameter): Name = "Name"; Value = ""; VariantName = "[No Variations]"
Add component (AddParameter): Name = "Vf"; Value = ""; VariantName = "[No Variations]"
Add component (AddParameter): Name = "Vr"; Value = ""; VariantName = "[No Variations]"
Added Component: Designator=VT1(TO252AA)
Add component. Clean all parameters for all variants
Add component (AddParameter): Name = "Part Number"; Value = "IRFR2405"; VariantName = "[No Variations]"
Added Component: Designator=VT2(TO252AA)
Add component. Clean all parameters for all variants
Add component (AddParameter): Name = "Part Number"; Value = "IRFR9024N"; VariantName = "[No Variations]"
Added Component: Designator=VT3(TO252AA)
Add component. Clean all parameters for all variants
Add component (AddParameter): Name = "Part Number"; Value = "IRFR2405"; VariantName = "[No Variations]"
Added Component: Designator=VT4(TO252AA)
Add component. Clean all parameters for all variants
Add component (AddParameter): Name = "Part Number"; Value = "IRFR2405"; VariantName = "[No Variations]"
Added Component: Designator=XP1(JST_XH-2)
Add component. Clean all parameters for all variants
Added Component: Designator=XP2(JST_XH-8)
Add component. Clean all parameters for all variants
Added Component: Designator=XP3(JST_XH-2)
Add component. Clean all parameters for all variants
Added Component: Designator=XP4(JST_XH-2)
Add component. Clean all parameters for all variants
Added Component: Designator=XP5(JST_XH-2)
Add component. Clean all parameters for all variants
Added Component: Designator=XP6(JST_XH-2)
Add component. Clean all parameters for all variants
Added Component: Designator=XP7(4x2.54)
Add component. Clean all parameters for all variants
Added Component: Designator=XP8(JST_XH-2)
Add component. Clean all parameters for all variants
Added Component: Designator=XP9(JST_XH-2)
Add component. Clean all parameters for all variants
Added Component: Designator=XP10(JST_XH-4)
Add component. Clean all parameters for all variants
Added Component: Designator=XP11(JST_XH-4)
Add component. Clean all parameters for all variants
Added Component: Designator=XP12(JST_XH-2)
Add component. Clean all parameters for all variants
Added Component: Designator=XP13(JST_XH-2)
Add component. Clean all parameters for all variants
Added Component: Designator=XP14(JST_XH-2)
Add component. Clean all parameters for all variants
Added Component: Designator=XP15(JST_XH-2)
Add component. Clean all parameters for all variants
Added Component: Designator=XP16(JST_XH-2)
Add component. Clean all parameters for all variants
Added Component: Designator=XP17(JST_XH-2)
Add component. Clean all parameters for all variants
Added Component: Designator=XP18(XT30_3D)
Add component. Clean all parameters for all variants
Added Component: Designator=XP19(XT30_3D)
Add component. Clean all parameters for all variants
Added Pin To Net: NetName=+5V Pin=C1-2
Added Pin To Net: NetName=+5V Pin=C14-2
Added Pin To Net: NetName=+5V Pin=DC2-2
Added Pin To Net: NetName=+5V Pin=HL11-2
Added Pin To Net: NetName=+5V Pin=R1-2
Added Pin To Net: NetName=+5V Pin=XP1-1
Added Pin To Net: NetName=+5V Pin=XP10-1
Added Net: Name=+5V
Added Pin To Net: NetName=+12 Pin=VT4-2
Added Net: Name=+12
Added Pin To Net: NetName=+12V Pin=C3_DRV1-2
Added Pin To Net: NetName=+12V Pin=C3_DRV2-2
Added Pin To Net: NetName=+12V Pin=C3_DRV3-2
Added Pin To Net: NetName=+12V Pin=C3_DRV4-2
Added Pin To Net: NetName=+12V Pin=C4_DRV1-2
Added Pin To Net: NetName=+12V Pin=C4_DRV2-2
Added Pin To Net: NetName=+12V Pin=C4_DRV3-2
Added Pin To Net: NetName=+12V Pin=C4_DRV4-2
Added Pin To Net: NetName=+12V Pin=C30-2
Added Pin To Net: NetName=+12V Pin=DC1-0
Added Pin To Net: NetName=+12V Pin=DC2-0
Added Pin To Net: NetName=+12V Pin=HL10-2
Added Pin To Net: NetName=+12V Pin=R35-2
Added Pin To Net: NetName=+12V Pin=U2_DRV1-5
Added Pin To Net: NetName=+12V Pin=U2_DRV2-5
Added Pin To Net: NetName=+12V Pin=U2_DRV3-5
Added Pin To Net: NetName=+12V Pin=U2_DRV4-5
Added Pin To Net: NetName=+12V Pin=U3_DRV1-5
Added Pin To Net: NetName=+12V Pin=U3_DRV2-5
Added Pin To Net: NetName=+12V Pin=U3_DRV3-5
Added Pin To Net: NetName=+12V Pin=U3_DRV4-5
Added Pin To Net: NetName=+12V Pin=VT2-3
Added Pin To Net: NetName=+12V Pin=XP12-1
Added Net: Name=+12V
Added Pin To Net: NetName=+48V Pin=HL9-2
Added Pin To Net: NetName=+48V Pin=XP13-1
Added Net: Name=+48V
Added Pin To Net: NetName=B_G_LED Pin=HL4-2
Added Net: Name=B_G_LED
Added Pin To Net: NetName=GK_LED Pin=HL7-2
Added Net: Name=GK_LED
Added Pin To Net: NetName=GND Pin=C1-1
Added Pin To Net: NetName=GND Pin=C2-2
Added Pin To Net: NetName=GND Pin=C3_DRV1-1
Added Pin To Net: NetName=GND Pin=C3_DRV2-1
Added Pin To Net: NetName=GND Pin=C3_DRV3-1
Added Pin To Net: NetName=GND Pin=C3_DRV4-1
Added Pin To Net: NetName=GND Pin=C4_DRV1-1
Added Pin To Net: NetName=GND Pin=C4_DRV2-1
Added Pin To Net: NetName=GND Pin=C4_DRV3-1
Added Pin To Net: NetName=GND Pin=C4_DRV4-1
Added Pin To Net: NetName=GND Pin=C5-1
Added Pin To Net: NetName=GND Pin=C6-1
Added Pin To Net: NetName=GND Pin=C7-1
Added Pin To Net: NetName=GND Pin=C8-1
Added Pin To Net: NetName=GND Pin=C9-1
Added Pin To Net: NetName=GND Pin=C10-1
Added Pin To Net: NetName=GND Pin=C11-1
Added Pin To Net: NetName=GND Pin=C12-1
Added Pin To Net: NetName=GND Pin=C13-1
Added Pin To Net: NetName=GND Pin=C14-1
Added Pin To Net: NetName=GND Pin=C15-1
Added Pin To Net: NetName=GND Pin=C16-1
Added Pin To Net: NetName=GND Pin=C17-1
Added Pin To Net: NetName=GND Pin=C18-1
Added Pin To Net: NetName=GND Pin=C19-1
Added Pin To Net: NetName=GND Pin=C20-1
Added Pin To Net: NetName=GND Pin=C21-1
Added Pin To Net: NetName=GND Pin=C22-1
Added Pin To Net: NetName=GND Pin=C23-1
Added Pin To Net: NetName=GND Pin=C31_TS1-2
Added Pin To Net: NetName=GND Pin=C31_TS2-2
Added Pin To Net: NetName=GND Pin=C31_TS3-2
Added Pin To Net: NetName=GND Pin=C31_TS4-2
Added Pin To Net: NetName=GND Pin=C31_TS5-2
Added Pin To Net: NetName=GND Pin=C31_TS6-2
Added Pin To Net: NetName=GND Pin=C31_TS7-2
Added Pin To Net: NetName=GND Pin=C31_TS8-2
Added Pin To Net: NetName=GND Pin=C31_TS9-2
Added Pin To Net: NetName=GND Pin=C31_TS10-2
Added Pin To Net: NetName=GND Pin=C31_TS11-2
Added Pin To Net: NetName=GND Pin=C31_TS12-2
Added Pin To Net: NetName=GND Pin=C31_TS13-2
Added Pin To Net: NetName=GND Pin=C31_TS14-2
Added Pin To Net: NetName=GND Pin=C31_TS15-2
Added Pin To Net: NetName=GND Pin=C31_TS16-2
Added Pin To Net: NetName=GND Pin=C31_TS17-2
Added Pin To Net: NetName=GND Pin=C31_TS18-2
Added Pin To Net: NetName=GND Pin=C31_TS19-2
Added Pin To Net: NetName=GND Pin=C31_TS20-2
Added Pin To Net: NetName=GND Pin=C31_TS21-2
Added Pin To Net: NetName=GND Pin=C31_TS22-2
Added Pin To Net: NetName=GND Pin=C31_TS23-2
Added Pin To Net: NetName=GND Pin=C31_TS24-2
Added Pin To Net: NetName=GND Pin=C31_TS25-2
Added Pin To Net: NetName=GND Pin=C31_TS26-2
Added Pin To Net: NetName=GND Pin=C31_TS27-2
Added Pin To Net: NetName=GND Pin=C31_TS28-2
Added Pin To Net: NetName=GND Pin=C31_TS29-2
Added Pin To Net: NetName=GND Pin=C31_TS30-2
Added Pin To Net: NetName=GND Pin=C31_TS31-2
Added Pin To Net: NetName=GND Pin=C31_TS32-2
Added Pin To Net: NetName=GND Pin=C32-1
Added Pin To Net: NetName=GND Pin=C33-1
Added Pin To Net: NetName=GND Pin=D3-A
Added Pin To Net: NetName=GND Pin=DC1-1
Added Pin To Net: NetName=GND Pin=DC1-3
Added Pin To Net: NetName=GND Pin=DC2-1
Added Pin To Net: NetName=GND Pin=DC2-3
Added Pin To Net: NetName=GND Pin=HL13-1
Added Pin To Net: NetName=GND Pin=MUX1-12
Added Pin To Net: NetName=GND Pin=MUX1-15
Added Pin To Net: NetName=GND Pin=MUX2-12
Added Pin To Net: NetName=GND Pin=MUX2-15
Added Pin To Net: NetName=GND Pin=R2-2
Added Pin To Net: NetName=GND Pin=R8-2
Added Pin To Net: NetName=GND Pin=R10-1
Added Pin To Net: NetName=GND Pin=R11-1
Added Pin To Net: NetName=GND Pin=R12-1
Added Pin To Net: NetName=GND Pin=R13-1
Added Pin To Net: NetName=GND Pin=R14-1
Added Pin To Net: NetName=GND Pin=R15-1
Added Pin To Net: NetName=GND Pin=R16-1
Added Pin To Net: NetName=GND Pin=R17-1
Added Pin To Net: NetName=GND Pin=R18-1
Added Pin To Net: NetName=GND Pin=R19-1
Added Pin To Net: NetName=GND Pin=R20-1
Added Pin To Net: NetName=GND Pin=R21-1
Added Pin To Net: NetName=GND Pin=R22-1
Added Pin To Net: NetName=GND Pin=R23-2
Added Pin To Net: NetName=GND Pin=R24-2
Added Pin To Net: NetName=GND Pin=R25-1
Added Pin To Net: NetName=GND Pin=R27-2
Added Pin To Net: NetName=GND Pin=R28-1
Added Pin To Net: NetName=GND Pin=R29-1
Added Pin To Net: NetName=GND Pin=R30-1
Added Pin To Net: NetName=GND Pin=R31-1
Added Pin To Net: NetName=GND Pin=R38-1
Added Pin To Net: NetName=GND Pin=R39-1
Added Pin To Net: NetName=GND Pin=R40-1
Added Pin To Net: NetName=GND Pin=R41-1
Added Pin To Net: NetName=GND Pin=R43-1
Added Pin To Net: NetName=GND Pin=R50-1
Added Pin To Net: NetName=GND Pin=R52-1
Added Pin To Net: NetName=GND Pin=SB1-1
Added Pin To Net: NetName=GND Pin=SB1-2
Added Pin To Net: NetName=GND Pin=SB6-1
Added Pin To Net: NetName=GND Pin=SB6-2
Added Pin To Net: NetName=GND Pin=SW4-3
Added Pin To Net: NetName=GND Pin=TS1_TS1-3
Added Pin To Net: NetName=GND Pin=TS1_TS2-3
Added Pin To Net: NetName=GND Pin=TS1_TS3-3
Added Pin To Net: NetName=GND Pin=TS1_TS4-3
Added Pin To Net: NetName=GND Pin=TS1_TS5-3
Added Pin To Net: NetName=GND Pin=TS1_TS6-3
Added Pin To Net: NetName=GND Pin=TS1_TS7-3
Added Pin To Net: NetName=GND Pin=TS1_TS8-3
Added Pin To Net: NetName=GND Pin=TS1_TS9-3
Added Pin To Net: NetName=GND Pin=TS1_TS10-3
Added Pin To Net: NetName=GND Pin=TS1_TS11-3
Added Pin To Net: NetName=GND Pin=TS1_TS12-3
Added Pin To Net: NetName=GND Pin=TS1_TS13-3
Added Pin To Net: NetName=GND Pin=TS1_TS14-3
Added Pin To Net: NetName=GND Pin=TS1_TS15-3
Added Pin To Net: NetName=GND Pin=TS1_TS16-3
Added Pin To Net: NetName=GND Pin=TS1_TS17-3
Added Pin To Net: NetName=GND Pin=TS1_TS18-3
Added Pin To Net: NetName=GND Pin=TS1_TS19-3
Added Pin To Net: NetName=GND Pin=TS1_TS20-3
Added Pin To Net: NetName=GND Pin=TS1_TS21-3
Added Pin To Net: NetName=GND Pin=TS1_TS22-3
Added Pin To Net: NetName=GND Pin=TS1_TS23-3
Added Pin To Net: NetName=GND Pin=TS1_TS24-3
Added Pin To Net: NetName=GND Pin=TS1_TS25-3
Added Pin To Net: NetName=GND Pin=TS1_TS26-3
Added Pin To Net: NetName=GND Pin=TS1_TS27-3
Added Pin To Net: NetName=GND Pin=TS1_TS28-3
Added Pin To Net: NetName=GND Pin=TS1_TS29-3
Added Pin To Net: NetName=GND Pin=TS1_TS30-3
Added Pin To Net: NetName=GND Pin=TS1_TS31-3
Added Pin To Net: NetName=GND Pin=TS1_TS32-3
Added Pin To Net: NetName=GND Pin=U1-10
Added Pin To Net: NetName=GND Pin=U1-20
Added Pin To Net: NetName=GND Pin=U1-27
Added Pin To Net: NetName=GND Pin=U1-74
Added Pin To Net: NetName=GND Pin=U1-99
Added Pin To Net: NetName=GND Pin=U2_DRV1-1
Added Pin To Net: NetName=GND Pin=U2_DRV1-7
Added Pin To Net: NetName=GND Pin=U2_DRV1-9
Added Pin To Net: NetName=GND Pin=U2_DRV2-1
Added Pin To Net: NetName=GND Pin=U2_DRV2-7
Added Pin To Net: NetName=GND Pin=U2_DRV2-9
Added Pin To Net: NetName=GND Pin=U2_DRV3-1
Added Pin To Net: NetName=GND Pin=U2_DRV3-7
Added Pin To Net: NetName=GND Pin=U2_DRV3-9
Added Pin To Net: NetName=GND Pin=U2_DRV4-1
Added Pin To Net: NetName=GND Pin=U2_DRV4-7
Added Pin To Net: NetName=GND Pin=U2_DRV4-9
Added Pin To Net: NetName=GND Pin=U3_DRV1-1
Added Pin To Net: NetName=GND Pin=U3_DRV1-7
Added Pin To Net: NetName=GND Pin=U3_DRV1-9
Added Pin To Net: NetName=GND Pin=U3_DRV2-1
Added Pin To Net: NetName=GND Pin=U3_DRV2-7
Added Pin To Net: NetName=GND Pin=U3_DRV2-9
Added Pin To Net: NetName=GND Pin=U3_DRV3-1
Added Pin To Net: NetName=GND Pin=U3_DRV3-7
Added Pin To Net: NetName=GND Pin=U3_DRV3-9
Added Pin To Net: NetName=GND Pin=U3_DRV4-1
Added Pin To Net: NetName=GND Pin=U3_DRV4-7
Added Pin To Net: NetName=GND Pin=U3_DRV4-9
Added Pin To Net: NetName=GND Pin=U4-12
Added Pin To Net: NetName=GND Pin=VT1-3
Added Pin To Net: NetName=GND Pin=VT3-3
Added Pin To Net: NetName=GND Pin=XP1-2
Added Pin To Net: NetName=GND Pin=XP2-2
Added Pin To Net: NetName=GND Pin=XP3-2
Added Pin To Net: NetName=GND Pin=XP6-1
Added Pin To Net: NetName=GND Pin=XP7-3
Added Pin To Net: NetName=GND Pin=XP9-2
Added Pin To Net: NetName=GND Pin=XP10-2
Added Pin To Net: NetName=GND Pin=XP11-1
Added Pin To Net: NetName=GND Pin=XP12-2
Added Pin To Net: NetName=GND Pin=XP13-2
Added Pin To Net: NetName=GND Pin=XP18-1
Added Pin To Net: NetName=GND Pin=XP19-1
Added Net: Name=GND
Added Pin To Net: NetName=IN1_DRV1 Pin=R5_DRV1-1
Added Pin To Net: NetName=IN1_DRV1 Pin=R6_DRV1-1
Added Pin To Net: NetName=IN1_DRV1 Pin=U2_DRV1-2
Added Pin To Net: NetName=IN1_DRV1 Pin=U3_DRV1-2
Added Net: Name=IN1_DRV1
Added Pin To Net: NetName=IN1_DRV2 Pin=R5_DRV2-1
Added Pin To Net: NetName=IN1_DRV2 Pin=R6_DRV2-1
Added Pin To Net: NetName=IN1_DRV2 Pin=U2_DRV2-2
Added Pin To Net: NetName=IN1_DRV2 Pin=U3_DRV2-2
Added Net: Name=IN1_DRV2
Added Pin To Net: NetName=IN1_DRV3 Pin=R5_DRV3-1
Added Pin To Net: NetName=IN1_DRV3 Pin=R6_DRV3-1
Added Pin To Net: NetName=IN1_DRV3 Pin=U2_DRV3-2
Added Pin To Net: NetName=IN1_DRV3 Pin=U3_DRV3-2
Added Net: Name=IN1_DRV3
Added Pin To Net: NetName=IN1_DRV4 Pin=R5_DRV4-1
Added Pin To Net: NetName=IN1_DRV4 Pin=R6_DRV4-1
Added Pin To Net: NetName=IN1_DRV4 Pin=U2_DRV4-2
Added Pin To Net: NetName=IN1_DRV4 Pin=U3_DRV4-2
Added Net: Name=IN1_DRV4
Added Pin To Net: NetName=IN1 Pin=MUX1-10
Added Pin To Net: NetName=IN1 Pin=MUX2-10
Added Pin To Net: NetName=IN1 Pin=R38-2
Added Net: Name=IN1
Added Pin To Net: NetName=IN2_DRV1 Pin=R3_DRV1-1
Added Pin To Net: NetName=IN2_DRV1 Pin=R4_DRV1-1
Added Pin To Net: NetName=IN2_DRV1 Pin=U2_DRV1-3
Added Pin To Net: NetName=IN2_DRV1 Pin=U3_DRV1-3
Added Net: Name=IN2_DRV1
Added Pin To Net: NetName=IN2_DRV2 Pin=R3_DRV2-1
Added Pin To Net: NetName=IN2_DRV2 Pin=R4_DRV2-1
Added Pin To Net: NetName=IN2_DRV2 Pin=U2_DRV2-3
Added Pin To Net: NetName=IN2_DRV2 Pin=U3_DRV2-3
Added Net: Name=IN2_DRV2
Added Pin To Net: NetName=IN2_DRV3 Pin=R3_DRV3-1
Added Pin To Net: NetName=IN2_DRV3 Pin=R4_DRV3-1
Added Pin To Net: NetName=IN2_DRV3 Pin=U2_DRV3-3
Added Pin To Net: NetName=IN2_DRV3 Pin=U3_DRV3-3
Added Net: Name=IN2_DRV3
Added Pin To Net: NetName=IN2_DRV4 Pin=R3_DRV4-1
Added Pin To Net: NetName=IN2_DRV4 Pin=R4_DRV4-1
Added Pin To Net: NetName=IN2_DRV4 Pin=U2_DRV4-3
Added Pin To Net: NetName=IN2_DRV4 Pin=U3_DRV4-3
Added Net: Name=IN2_DRV4
Added Pin To Net: NetName=IN2 Pin=MUX1-11
Added Pin To Net: NetName=IN2 Pin=MUX2-11
Added Pin To Net: NetName=IN2 Pin=R39-2
Added Net: Name=IN2
Added Pin To Net: NetName=IN3 Pin=MUX1-14
Added Pin To Net: NetName=IN3 Pin=MUX2-14
Added Pin To Net: NetName=IN3 Pin=R40-2
Added Net: Name=IN3
Added Pin To Net: NetName=IN4 Pin=MUX1-13
Added Pin To Net: NetName=IN4 Pin=MUX2-13
Added Pin To Net: NetName=IN4 Pin=R41-2
Added Net: Name=IN4
Added Pin To Net: NetName=KICK Pin=R7-1
Added Net: Name=KICK
Added Pin To Net: NetName=LED1 Pin=HL1-2
Added Net: Name=LED1
Added Pin To Net: NetName=LED2 Pin=HL2-2
Added Net: Name=LED2
Added Pin To Net: NetName=LED3 Pin=HL3-2
Added Net: Name=LED3
Added Pin To Net: NetName=MTR_PWR Pin=HL8-2
Added Net: Name=MTR_PWR
Added Pin To Net: NetName=NetC19_2 Pin=C19-2
Added Pin To Net: NetName=NetC19_2 Pin=U1-73
Added Net: Name=NetC19_2
Added Pin To Net: NetName=NetC20_2 Pin=C20-2
Added Pin To Net: NetName=NetC20_2 Pin=U1-49
Added Net: Name=NetC20_2
Added Pin To Net: NetName=NetC21_2 Pin=C21-2
Added Pin To Net: NetName=NetC21_2 Pin=G1-2
Added Pin To Net: NetName=NetC21_2 Pin=U1-12
Added Net: Name=NetC21_2
Added Pin To Net: NetName=NetC22_2 Pin=C22-2
Added Pin To Net: NetName=NetC22_2 Pin=G1-1
Added Pin To Net: NetName=NetC22_2 Pin=U1-13
Added Net: Name=NetC22_2
Added Pin To Net: NetName=NetC23_2 Pin=C23-2
Added Pin To Net: NetName=NetC23_2 Pin=R26-1
Added Pin To Net: NetName=NetC23_2 Pin=SB1-3
Added Pin To Net: NetName=NetC23_2 Pin=SB1-4
Added Net: Name=NetC23_2
Added Pin To Net: NetName=NetC24_2 Pin=C24-2
Added Pin To Net: NetName=NetC24_2 Pin=R25-2
Added Pin To Net: NetName=NetC24_2 Pin=SB2-3
Added Pin To Net: NetName=NetC24_2 Pin=SB2-4
Added Net: Name=NetC24_2
Added Pin To Net: NetName=NetC25_2 Pin=C25-2
Added Pin To Net: NetName=NetC25_2 Pin=R29-2
Added Pin To Net: NetName=NetC25_2 Pin=SB3-3
Added Pin To Net: NetName=NetC25_2 Pin=SB3-4
Added Net: Name=NetC25_2
Added Pin To Net: NetName=NetC26_2 Pin=C26-2
Added Pin To Net: NetName=NetC26_2 Pin=R30-2
Added Pin To Net: NetName=NetC26_2 Pin=SB4-3
Added Pin To Net: NetName=NetC26_2 Pin=SB4-4
Added Net: Name=NetC26_2
Added Pin To Net: NetName=NetC27_2 Pin=C27-2
Added Pin To Net: NetName=NetC27_2 Pin=R31-2
Added Pin To Net: NetName=NetC27_2 Pin=SB5-3
Added Pin To Net: NetName=NetC27_2 Pin=SB5-4
Added Net: Name=NetC27_2
Added Pin To Net: NetName=NetC28_1 Pin=C28-1
Added Pin To Net: NetName=NetC28_1 Pin=R32-1
Added Pin To Net: NetName=NetC28_1 Pin=SB6-3
Added Pin To Net: NetName=NetC28_1 Pin=SB6-4
Added Pin To Net: NetName=NetC28_1 Pin=VD1-1
Added Net: Name=NetC28_1
Added Pin To Net: NetName=NetC28_2 Pin=C28-2
Added Pin To Net: NetName=NetC28_2 Pin=C29-1
Added Pin To Net: NetName=NetC28_2 Pin=R33-1
Added Pin To Net: NetName=NetC28_2 Pin=VT2-1
Added Pin To Net: NetName=NetC28_2 Pin=VT3-2
Added Net: Name=NetC28_2
Added Pin To Net: NetName=NetC30_1 Pin=C30-1
Added Pin To Net: NetName=NetC30_1 Pin=R34-2
Added Pin To Net: NetName=NetC30_1 Pin=VT3-1
Added Net: Name=NetC30_1
Added Pin To Net: NetName=NetC31_TS1_1 Pin=C31_TS1-1
Added Pin To Net: NetName=NetC31_TS1_1 Pin=R36_TS1-1
Added Pin To Net: NetName=NetC31_TS1_1 Pin=TS1_TS1-2
Added Net: Name=NetC31_TS1_1
Added Pin To Net: NetName=NetC31_TS2_1 Pin=C31_TS2-1
Added Pin To Net: NetName=NetC31_TS2_1 Pin=R36_TS2-1
Added Pin To Net: NetName=NetC31_TS2_1 Pin=TS1_TS2-2
Added Net: Name=NetC31_TS2_1
Added Pin To Net: NetName=NetC31_TS3_1 Pin=C31_TS3-1
Added Pin To Net: NetName=NetC31_TS3_1 Pin=R36_TS3-1
Added Pin To Net: NetName=NetC31_TS3_1 Pin=TS1_TS3-2
Added Net: Name=NetC31_TS3_1
Added Pin To Net: NetName=NetC31_TS4_1 Pin=C31_TS4-1
Added Pin To Net: NetName=NetC31_TS4_1 Pin=R36_TS4-1
Added Pin To Net: NetName=NetC31_TS4_1 Pin=TS1_TS4-2
Added Net: Name=NetC31_TS4_1
Added Pin To Net: NetName=NetC31_TS5_1 Pin=C31_TS5-1
Added Pin To Net: NetName=NetC31_TS5_1 Pin=R36_TS5-1
Added Pin To Net: NetName=NetC31_TS5_1 Pin=TS1_TS5-2
Added Net: Name=NetC31_TS5_1
Added Pin To Net: NetName=NetC31_TS6_1 Pin=C31_TS6-1
Added Pin To Net: NetName=NetC31_TS6_1 Pin=R36_TS6-1
Added Pin To Net: NetName=NetC31_TS6_1 Pin=TS1_TS6-2
Added Net: Name=NetC31_TS6_1
Added Pin To Net: NetName=NetC31_TS7_1 Pin=C31_TS7-1
Added Pin To Net: NetName=NetC31_TS7_1 Pin=R36_TS7-1
Added Pin To Net: NetName=NetC31_TS7_1 Pin=TS1_TS7-2
Added Net: Name=NetC31_TS7_1
Added Pin To Net: NetName=NetC31_TS8_1 Pin=C31_TS8-1
Added Pin To Net: NetName=NetC31_TS8_1 Pin=R36_TS8-1
Added Pin To Net: NetName=NetC31_TS8_1 Pin=TS1_TS8-2
Added Net: Name=NetC31_TS8_1
Added Pin To Net: NetName=NetC31_TS9_1 Pin=C31_TS9-1
Added Pin To Net: NetName=NetC31_TS9_1 Pin=R36_TS9-1
Added Pin To Net: NetName=NetC31_TS9_1 Pin=TS1_TS9-2
Added Net: Name=NetC31_TS9_1
Added Pin To Net: NetName=NetC31_TS10_1 Pin=C31_TS10-1
Added Pin To Net: NetName=NetC31_TS10_1 Pin=R36_TS10-1
Added Pin To Net: NetName=NetC31_TS10_1 Pin=TS1_TS10-2
Added Net: Name=NetC31_TS10_1
Added Pin To Net: NetName=NetC31_TS11_1 Pin=C31_TS11-1
Added Pin To Net: NetName=NetC31_TS11_1 Pin=R36_TS11-1
Added Pin To Net: NetName=NetC31_TS11_1 Pin=TS1_TS11-2
Added Net: Name=NetC31_TS11_1
Added Pin To Net: NetName=NetC31_TS12_1 Pin=C31_TS12-1
Added Pin To Net: NetName=NetC31_TS12_1 Pin=R36_TS12-1
Added Pin To Net: NetName=NetC31_TS12_1 Pin=TS1_TS12-2
Added Net: Name=NetC31_TS12_1
Added Pin To Net: NetName=NetC31_TS13_1 Pin=C31_TS13-1
Added Pin To Net: NetName=NetC31_TS13_1 Pin=R36_TS13-1
Added Pin To Net: NetName=NetC31_TS13_1 Pin=TS1_TS13-2
Added Net: Name=NetC31_TS13_1
Added Pin To Net: NetName=NetC31_TS14_1 Pin=C31_TS14-1
Added Pin To Net: NetName=NetC31_TS14_1 Pin=R36_TS14-1
Added Pin To Net: NetName=NetC31_TS14_1 Pin=TS1_TS14-2
Added Net: Name=NetC31_TS14_1
Added Pin To Net: NetName=NetC31_TS15_1 Pin=C31_TS15-1
Added Pin To Net: NetName=NetC31_TS15_1 Pin=R36_TS15-1
Added Pin To Net: NetName=NetC31_TS15_1 Pin=TS1_TS15-2
Added Net: Name=NetC31_TS15_1
Added Pin To Net: NetName=NetC31_TS16_1 Pin=C31_TS16-1
Added Pin To Net: NetName=NetC31_TS16_1 Pin=R36_TS16-1
Added Pin To Net: NetName=NetC31_TS16_1 Pin=TS1_TS16-2
Added Net: Name=NetC31_TS16_1
Added Pin To Net: NetName=NetC31_TS17_1 Pin=C31_TS17-1
Added Pin To Net: NetName=NetC31_TS17_1 Pin=R36_TS17-1
Added Pin To Net: NetName=NetC31_TS17_1 Pin=TS1_TS17-2
Added Net: Name=NetC31_TS17_1
Added Pin To Net: NetName=NetC31_TS18_1 Pin=C31_TS18-1
Added Pin To Net: NetName=NetC31_TS18_1 Pin=R36_TS18-1
Added Pin To Net: NetName=NetC31_TS18_1 Pin=TS1_TS18-2
Added Net: Name=NetC31_TS18_1
Added Pin To Net: NetName=NetC31_TS19_1 Pin=C31_TS19-1
Added Pin To Net: NetName=NetC31_TS19_1 Pin=R36_TS19-1
Added Pin To Net: NetName=NetC31_TS19_1 Pin=TS1_TS19-2
Added Net: Name=NetC31_TS19_1
Added Pin To Net: NetName=NetC31_TS20_1 Pin=C31_TS20-1
Added Pin To Net: NetName=NetC31_TS20_1 Pin=R36_TS20-1
Added Pin To Net: NetName=NetC31_TS20_1 Pin=TS1_TS20-2
Added Net: Name=NetC31_TS20_1
Added Pin To Net: NetName=NetC31_TS21_1 Pin=C31_TS21-1
Added Pin To Net: NetName=NetC31_TS21_1 Pin=R36_TS21-1
Added Pin To Net: NetName=NetC31_TS21_1 Pin=TS1_TS21-2
Added Net: Name=NetC31_TS21_1
Added Pin To Net: NetName=NetC31_TS22_1 Pin=C31_TS22-1
Added Pin To Net: NetName=NetC31_TS22_1 Pin=R36_TS22-1
Added Pin To Net: NetName=NetC31_TS22_1 Pin=TS1_TS22-2
Added Net: Name=NetC31_TS22_1
Added Pin To Net: NetName=NetC31_TS23_1 Pin=C31_TS23-1
Added Pin To Net: NetName=NetC31_TS23_1 Pin=R36_TS23-1
Added Pin To Net: NetName=NetC31_TS23_1 Pin=TS1_TS23-2
Added Net: Name=NetC31_TS23_1
Added Pin To Net: NetName=NetC31_TS24_1 Pin=C31_TS24-1
Added Pin To Net: NetName=NetC31_TS24_1 Pin=R36_TS24-1
Added Pin To Net: NetName=NetC31_TS24_1 Pin=TS1_TS24-2
Added Net: Name=NetC31_TS24_1
Added Pin To Net: NetName=NetC31_TS25_1 Pin=C31_TS25-1
Added Pin To Net: NetName=NetC31_TS25_1 Pin=R36_TS25-1
Added Pin To Net: NetName=NetC31_TS25_1 Pin=TS1_TS25-2
Added Net: Name=NetC31_TS25_1
Added Pin To Net: NetName=NetC31_TS26_1 Pin=C31_TS26-1
Added Pin To Net: NetName=NetC31_TS26_1 Pin=R36_TS26-1
Added Pin To Net: NetName=NetC31_TS26_1 Pin=TS1_TS26-2
Added Net: Name=NetC31_TS26_1
Added Pin To Net: NetName=NetC31_TS27_1 Pin=C31_TS27-1
Added Pin To Net: NetName=NetC31_TS27_1 Pin=R36_TS27-1
Added Pin To Net: NetName=NetC31_TS27_1 Pin=TS1_TS27-2
Added Net: Name=NetC31_TS27_1
Added Pin To Net: NetName=NetC31_TS28_1 Pin=C31_TS28-1
Added Pin To Net: NetName=NetC31_TS28_1 Pin=R36_TS28-1
Added Pin To Net: NetName=NetC31_TS28_1 Pin=TS1_TS28-2
Added Net: Name=NetC31_TS28_1
Added Pin To Net: NetName=NetC31_TS29_1 Pin=C31_TS29-1
Added Pin To Net: NetName=NetC31_TS29_1 Pin=R36_TS29-1
Added Pin To Net: NetName=NetC31_TS29_1 Pin=TS1_TS29-2
Added Net: Name=NetC31_TS29_1
Added Pin To Net: NetName=NetC31_TS30_1 Pin=C31_TS30-1
Added Pin To Net: NetName=NetC31_TS30_1 Pin=R36_TS30-1
Added Pin To Net: NetName=NetC31_TS30_1 Pin=TS1_TS30-2
Added Net: Name=NetC31_TS30_1
Added Pin To Net: NetName=NetC31_TS31_1 Pin=C31_TS31-1
Added Pin To Net: NetName=NetC31_TS31_1 Pin=R36_TS31-1
Added Pin To Net: NetName=NetC31_TS31_1 Pin=TS1_TS31-2
Added Net: Name=NetC31_TS31_1
Added Pin To Net: NetName=NetC31_TS32_1 Pin=C31_TS32-1
Added Pin To Net: NetName=NetC31_TS32_1 Pin=R36_TS32-1
Added Pin To Net: NetName=NetC31_TS32_1 Pin=TS1_TS32-2
Added Net: Name=NetC31_TS32_1
Added Pin To Net: NetName=NetD1_2 Pin=D1-2
Added Pin To Net: NetName=NetD1_2 Pin=XP7-4
Added Net: Name=NetD1_2
Added Pin To Net: NetName=NetD2_1 Pin=D2-1
Added Pin To Net: NetName=NetD2_1 Pin=VT1-2
Added Net: Name=NetD2_1
Added Pin To Net: NetName=NetD2_2 Pin=D2-2
Added Net: Name=NetD2_2
Added Pin To Net: NetName=NetD3_C Pin=D3-C
Added Pin To Net: NetName=NetD3_C Pin=R45-1
Added Pin To Net: NetName=NetD3_C Pin=R46-2
Added Net: Name=NetD3_C
Added Pin To Net: NetName=NetHL1_1 Pin=HL1-1
Added Pin To Net: NetName=NetHL1_1 Pin=R15-2
Added Net: Name=NetHL1_1
Added Pin To Net: NetName=NetHL2_1 Pin=HL2-1
Added Pin To Net: NetName=NetHL2_1 Pin=R16-2
Added Net: Name=NetHL2_1
Added Pin To Net: NetName=NetHL3_1 Pin=HL3-1
Added Pin To Net: NetName=NetHL3_1 Pin=R17-2
Added Net: Name=NetHL3_1
Added Pin To Net: NetName=NetHL4_1 Pin=HL4-1
Added Pin To Net: NetName=NetHL4_1 Pin=R11-2
Added Net: Name=NetHL4_1
Added Pin To Net: NetName=NetHL5_1 Pin=HL5-1
Added Pin To Net: NetName=NetHL5_1 Pin=R12-2
Added Net: Name=NetHL5_1
Added Pin To Net: NetName=NetHL6_1 Pin=HL6-1
Added Pin To Net: NetName=NetHL6_1 Pin=R13-2
Added Net: Name=NetHL6_1
Added Pin To Net: NetName=NetHL7_1 Pin=HL7-1
Added Pin To Net: NetName=NetHL7_1 Pin=R14-2
Added Net: Name=NetHL7_1
Added Pin To Net: NetName=NetHL8_1 Pin=HL8-1
Added Pin To Net: NetName=NetHL8_1 Pin=R18-2
Added Net: Name=NetHL8_1
Added Pin To Net: NetName=NetHL9_1 Pin=HL9-1
Added Pin To Net: NetName=NetHL9_1 Pin=R19-2
Added Net: Name=NetHL9_1
Added Pin To Net: NetName=NetHL10_1 Pin=HL10-1
Added Pin To Net: NetName=NetHL10_1 Pin=R20-2
Added Net: Name=NetHL10_1
Added Pin To Net: NetName=NetHL11_1 Pin=HL11-1
Added Pin To Net: NetName=NetHL11_1 Pin=R21-2
Added Net: Name=NetHL11_1
Added Pin To Net: NetName=NetHL12_1 Pin=HL12-1
Added Pin To Net: NetName=NetHL12_1 Pin=R22-2
Added Net: Name=NetHL12_1
Added Pin To Net: NetName=NetHL13_2 Pin=HL13-2
Added Pin To Net: NetName=NetHL13_2 Pin=HL14-2
Added Pin To Net: NetName=NetHL13_2 Pin=HL15-2
Added Pin To Net: NetName=NetHL13_2 Pin=HL16-2
Added Pin To Net: NetName=NetHL13_2 Pin=HL17-2
Added Pin To Net: NetName=NetHL13_2 Pin=R53-1
Added Net: Name=NetHL13_2
Added Pin To Net: NetName=NetHL14_1 Pin=HL14-1
Added Pin To Net: NetName=NetHL14_1 Pin=U4-1
Added Net: Name=NetHL14_1
Added Pin To Net: NetName=NetHL15_1 Pin=HL15-1
Added Pin To Net: NetName=NetHL15_1 Pin=U4-2
Added Net: Name=NetHL15_1
Added Pin To Net: NetName=NetHL16_1 Pin=HL16-1
Added Pin To Net: NetName=NetHL16_1 Pin=U4-14
Added Net: Name=NetHL16_1
Added Pin To Net: NetName=NetHL17_1 Pin=HL17-1
Added Pin To Net: NetName=NetHL17_1 Pin=U4-13
Added Net: Name=NetHL17_1
Added Pin To Net: NetName=NetR1_1 Pin=R1-1
Added Pin To Net: NetName=NetR1_1 Pin=XP3-1
Added Net: Name=NetR1_1
Added Pin To Net: NetName=NetR2_1 Pin=R2-1
Added Pin To Net: NetName=NetR2_1 Pin=XP5-2
Added Net: Name=NetR2_1
Added Pin To Net: NetName=NetR7_2 Pin=R7-2
Added Pin To Net: NetName=NetR7_2 Pin=R8-1
Added Pin To Net: NetName=NetR7_2 Pin=VT1-1
Added Net: Name=NetR7_2
Added Pin To Net: NetName=NetR9_2 Pin=R9-2
Added Pin To Net: NetName=NetR9_2 Pin=U1-14
Added Net: Name=NetR9_2
Added Pin To Net: NetName=NetR10_2 Pin=R10-2
Added Pin To Net: NetName=NetR10_2 Pin=XP6-2
Added Net: Name=NetR10_2
Added Pin To Net: NetName=NetR23_1 Pin=R23-1
Added Pin To Net: NetName=NetR23_1 Pin=SW1-3
Added Net: Name=NetR23_1
Added Pin To Net: NetName=NetR24_1 Pin=R24-1
Added Pin To Net: NetName=NetR24_1 Pin=SW2-3
Added Net: Name=NetR24_1
Added Pin To Net: NetName=NetR27_1 Pin=R27-1
Added Pin To Net: NetName=NetR27_1 Pin=SW3-3
Added Net: Name=NetR27_1
Added Pin To Net: NetName=NetR28_2 Pin=R28-2
Added Pin To Net: NetName=NetR28_2 Pin=U1-94
Added Net: Name=NetR28_2
Added Pin To Net: NetName=NetR34_1 Pin=R34-1
Added Pin To Net: NetName=NetR34_1 Pin=R35-1
Added Pin To Net: NetName=NetR34_1 Pin=VD1-2
Added Net: Name=NetR34_1
Added Pin To Net: NetName=NetR43_2 Pin=R43-2
Added Pin To Net: NetName=NetR43_2 Pin=R44-2
Added Pin To Net: NetName=NetR43_2 Pin=SW4-2
Added Net: Name=NetR43_2
Added Pin To Net: NetName=NetR44_1 Pin=R44-1
Added Pin To Net: NetName=NetR44_1 Pin=VT4-1
Added Net: Name=NetR44_1
Added Pin To Net: NetName=NetR46_1 Pin=R46-1
Added Pin To Net: NetName=NetR46_1 Pin=R47-2
Added Pin To Net: NetName=NetR46_1 Pin=U4-7
Added Net: Name=NetR46_1
Added Pin To Net: NetName=NetR47_1 Pin=R47-1
Added Pin To Net: NetName=NetR47_1 Pin=R48-2
Added Pin To Net: NetName=NetR47_1 Pin=U4-5
Added Net: Name=NetR47_1
Added Pin To Net: NetName=NetR48_1 Pin=R48-1
Added Pin To Net: NetName=NetR48_1 Pin=R49-2
Added Pin To Net: NetName=NetR48_1 Pin=U4-9
Added Net: Name=NetR48_1
Added Pin To Net: NetName=NetR49_1 Pin=R49-1
Added Pin To Net: NetName=NetR49_1 Pin=R50-2
Added Pin To Net: NetName=NetR49_1 Pin=U4-11
Added Net: Name=NetR49_1
Added Pin To Net: NetName=NetR51_1 Pin=R51-1
Added Pin To Net: NetName=NetR51_1 Pin=R52-2
Added Pin To Net: NetName=NetR51_1 Pin=U4-4
Added Pin To Net: NetName=NetR51_1 Pin=U4-6
Added Pin To Net: NetName=NetR51_1 Pin=U4-8
Added Pin To Net: NetName=NetR51_1 Pin=U4-10
Added Net: Name=NetR51_1
Added Pin To Net: NetName=NetU1_1 Pin=U1-1
Added Net: Name=NetU1_1
Added Pin To Net: NetName=NetU1_2 Pin=U1-2
Added Net: Name=NetU1_2
Added Pin To Net: NetName=NetU1_3 Pin=U1-3
Added Net: Name=NetU1_3
Added Pin To Net: NetName=NetU1_4 Pin=U1-4
Added Net: Name=NetU1_4
Added Pin To Net: NetName=NetU1_5 Pin=U1-5
Added Net: Name=NetU1_5
Added Pin To Net: NetName=NetU1_15 Pin=U1-15
Added Net: Name=NetU1_15
Added Pin To Net: NetName=NetU1_16 Pin=U1-16
Added Net: Name=NetU1_16
Added Pin To Net: NetName=NetU1_17 Pin=U1-17
Added Net: Name=NetU1_17
Added Pin To Net: NetName=NetU1_18 Pin=U1-18
Added Net: Name=NetU1_18
Added Pin To Net: NetName=NetU1_24 Pin=U1-24
Added Net: Name=NetU1_24
Added Pin To Net: NetName=NetU1_25 Pin=U1-25
Added Net: Name=NetU1_25
Added Pin To Net: NetName=NetU1_26 Pin=U1-26
Added Net: Name=NetU1_26
Added Pin To Net: NetName=NetU1_29 Pin=U1-29
Added Net: Name=NetU1_29
Added Pin To Net: NetName=NetU1_30 Pin=U1-30
Added Net: Name=NetU1_30
Added Pin To Net: NetName=NetU1_31 Pin=U1-31
Added Net: Name=NetU1_31
Added Pin To Net: NetName=NetU1_32 Pin=U1-32
Added Net: Name=NetU1_32
Added Pin To Net: NetName=NetU1_33 Pin=U1-33
Added Net: Name=NetU1_33
Added Pin To Net: NetName=NetU1_34 Pin=U1-34
Added Net: Name=NetU1_34
Added Pin To Net: NetName=NetU1_38 Pin=U1-38
Added Net: Name=NetU1_38
Added Pin To Net: NetName=NetU1_39 Pin=U1-39
Added Net: Name=NetU1_39
Added Pin To Net: NetName=NetU1_40 Pin=U1-40
Added Net: Name=NetU1_40
Added Pin To Net: NetName=NetU1_41 Pin=U1-41
Added Net: Name=NetU1_41
Added Pin To Net: NetName=NetU1_42 Pin=U1-42
Added Net: Name=NetU1_42
Added Pin To Net: NetName=NetU1_43 Pin=U1-43
Added Net: Name=NetU1_43
Added Pin To Net: NetName=NetU1_44 Pin=U1-44
Added Net: Name=NetU1_44
Added Pin To Net: NetName=NetU1_45 Pin=U1-45
Added Net: Name=NetU1_45
Added Pin To Net: NetName=NetU1_47 Pin=U1-47
Added Net: Name=NetU1_47
Added Pin To Net: NetName=NetU1_48 Pin=U1-48
Added Net: Name=NetU1_48
Added Pin To Net: NetName=NetU1_51 Pin=U1-51
Added Net: Name=NetU1_51
Added Pin To Net: NetName=NetU1_52 Pin=U1-52
Added Net: Name=NetU1_52
Added Pin To Net: NetName=NetU1_53 Pin=U1-53
Added Net: Name=NetU1_53
Added Pin To Net: NetName=NetU1_63 Pin=U1-63
Added Net: Name=NetU1_63
Added Pin To Net: NetName=NetU1_64 Pin=U1-64
Added Net: Name=NetU1_64
Added Pin To Net: NetName=NetU1_72 Pin=U1-72
Added Net: Name=NetU1_72
Added Pin To Net: NetName=NetU1_76 Pin=U1-76
Added Net: Name=NetU1_76
Added Pin To Net: NetName=NetU1_78 Pin=U1-78
Added Net: Name=NetU1_78
Added Pin To Net: NetName=NetU1_79 Pin=U1-79
Added Net: Name=NetU1_79
Added Pin To Net: NetName=NetU1_86 Pin=U1-86
Added Net: Name=NetU1_86
Added Pin To Net: NetName=NetU1_87 Pin=U1-87
Added Net: Name=NetU1_87
Added Pin To Net: NetName=NetU1_91 Pin=U1-91
Added Net: Name=NetU1_91
Added Pin To Net: NetName=NetU1_93 Pin=U1-93
Added Net: Name=NetU1_93
Added Pin To Net: NetName=NetU1_95 Pin=U1-95
Added Net: Name=NetU1_95
Added Pin To Net: NetName=NetU1_96 Pin=U1-96
Added Net: Name=NetU1_96
Added Pin To Net: NetName=NetU1_97 Pin=U1-97
Added Net: Name=NetU1_97
Added Pin To Net: NetName=NetU1_98 Pin=U1-98
Added Net: Name=NetU1_98
Added Pin To Net: NetName=NetVT4_3 Pin=VT4-3
Added Net: Name=NetVT4_3
Added Pin To Net: NetName=NetXP2_3 Pin=XP2-3
Added Net: Name=NetXP2_3
Added Pin To Net: NetName=NetXP2_4 Pin=XP2-4
Added Net: Name=NetXP2_4
Added Pin To Net: NetName=NetXP2_5 Pin=XP2-5
Added Net: Name=NetXP2_5
Added Pin To Net: NetName=NetXP2_6 Pin=XP2-6
Added Net: Name=NetXP2_6
Added Pin To Net: NetName=NetXP2_7 Pin=XP2-7
Added Net: Name=NetXP2_7
Added Pin To Net: NetName=NetXP2_8 Pin=XP2-8
Added Net: Name=NetXP2_8
Added Pin To Net: NetName=NetXP4_1 Pin=XP4-1
Added Net: Name=NetXP4_1
Added Pin To Net: NetName=NetXP4_2 Pin=XP4-2
Added Net: Name=NetXP4_2
Added Pin To Net: NetName=NetXP7_1 Pin=XP7-1
Added Net: Name=NetXP7_1
Added Pin To Net: NetName=NetXP7_2 Pin=XP7-2
Added Net: Name=NetXP7_2
Added Pin To Net: NetName=NetXP8_1 Pin=XP8-1
Added Net: Name=NetXP8_1
Added Pin To Net: NetName=NetXP8_2 Pin=XP8-2
Added Net: Name=NetXP8_2
Added Pin To Net: NetName=NetXP9_1 Pin=XP9-1
Added Net: Name=NetXP9_1
Added Pin To Net: NetName=NetXP10_3 Pin=XP10-3
Added Net: Name=NetXP10_3
Added Pin To Net: NetName=NetXP10_4 Pin=XP10-4
Added Net: Name=NetXP10_4
Added Pin To Net: NetName=NetXP11_3 Pin=XP11-3
Added Net: Name=NetXP11_3
Added Pin To Net: NetName=NetXP11_4 Pin=XP11-4
Added Net: Name=NetXP11_4
Added Pin To Net: NetName=NetXP14_1 Pin=XP14-1
Added Net: Name=NetXP14_1
Added Pin To Net: NetName=NetXP14_2 Pin=XP14-2
Added Net: Name=NetXP14_2
Added Pin To Net: NetName=NetXP15_1 Pin=XP15-1
Added Net: Name=NetXP15_1
Added Pin To Net: NetName=NetXP15_2 Pin=XP15-2
Added Net: Name=NetXP15_2
Added Pin To Net: NetName=NetXP16_1 Pin=XP16-1
Added Net: Name=NetXP16_1
Added Pin To Net: NetName=NetXP16_2 Pin=XP16-2
Added Net: Name=NetXP16_2
Added Pin To Net: NetName=NetXP17_1 Pin=XP17-1
Added Net: Name=NetXP17_1
Added Pin To Net: NetName=NetXP17_2 Pin=XP17-2
Added Net: Name=NetXP17_2
Added Pin To Net: NetName=OUT1_DRV1 Pin=U2_DRV1-6
Added Pin To Net: NetName=OUT1_DRV1 Pin=U3_DRV1-6
Added Net: Name=OUT1_DRV1
Added Pin To Net: NetName=OUT1_DRV2 Pin=U2_DRV2-6
Added Pin To Net: NetName=OUT1_DRV2 Pin=U3_DRV2-6
Added Net: Name=OUT1_DRV2
Added Pin To Net: NetName=OUT1_DRV3 Pin=U2_DRV3-6
Added Pin To Net: NetName=OUT1_DRV3 Pin=U3_DRV3-6
Added Net: Name=OUT1_DRV3
Added Pin To Net: NetName=OUT1_DRV4 Pin=U2_DRV4-6
Added Pin To Net: NetName=OUT1_DRV4 Pin=U3_DRV4-6
Added Net: Name=OUT1_DRV4
Added Pin To Net: NetName=OUT1 Pin=MUX1-1
Added Pin To Net: NetName=OUT1 Pin=MUX2-1
Added Net: Name=OUT1
Added Pin To Net: NetName=OUT2_DRV1 Pin=U2_DRV1-8
Added Pin To Net: NetName=OUT2_DRV1 Pin=U3_DRV1-8
Added Net: Name=OUT2_DRV1
Added Pin To Net: NetName=OUT2_DRV2 Pin=U2_DRV2-8
Added Pin To Net: NetName=OUT2_DRV2 Pin=U3_DRV2-8
Added Net: Name=OUT2_DRV2
Added Pin To Net: NetName=OUT2_DRV3 Pin=U2_DRV3-8
Added Pin To Net: NetName=OUT2_DRV3 Pin=U3_DRV3-8
Added Net: Name=OUT2_DRV3
Added Pin To Net: NetName=OUT2_DRV4 Pin=U2_DRV4-8
Added Pin To Net: NetName=OUT2_DRV4 Pin=U3_DRV4-8
Added Net: Name=OUT2_DRV4
Added Pin To Net: NetName=OUT_TS1 Pin=MUX1-9
Added Pin To Net: NetName=OUT_TS1 Pin=R37_TS1-2
Added Pin To Net: NetName=OUT_TS1 Pin=TS1_TS1-1
Added Net: Name=OUT_TS1
Added Pin To Net: NetName=OUT_TS2 Pin=MUX1-8
Added Pin To Net: NetName=OUT_TS2 Pin=R37_TS2-2
Added Pin To Net: NetName=OUT_TS2 Pin=TS1_TS2-1
Added Net: Name=OUT_TS2
Added Pin To Net: NetName=OUT_TS3 Pin=MUX1-7
Added Pin To Net: NetName=OUT_TS3 Pin=R37_TS3-2
Added Pin To Net: NetName=OUT_TS3 Pin=TS1_TS3-1
Added Net: Name=OUT_TS3
Added Pin To Net: NetName=OUT_TS4 Pin=MUX1-6
Added Pin To Net: NetName=OUT_TS4 Pin=R37_TS4-2
Added Pin To Net: NetName=OUT_TS4 Pin=TS1_TS4-1
Added Net: Name=OUT_TS4
Added Pin To Net: NetName=OUT_TS5 Pin=MUX1-5
Added Pin To Net: NetName=OUT_TS5 Pin=R37_TS5-2
Added Pin To Net: NetName=OUT_TS5 Pin=TS1_TS5-1
Added Net: Name=OUT_TS5
Added Pin To Net: NetName=OUT_TS6 Pin=MUX1-4
Added Pin To Net: NetName=OUT_TS6 Pin=R37_TS6-2
Added Pin To Net: NetName=OUT_TS6 Pin=TS1_TS6-1
Added Net: Name=OUT_TS6
Added Pin To Net: NetName=OUT_TS7 Pin=MUX1-3
Added Pin To Net: NetName=OUT_TS7 Pin=R37_TS7-2
Added Pin To Net: NetName=OUT_TS7 Pin=TS1_TS7-1
Added Net: Name=OUT_TS7
Added Pin To Net: NetName=OUT_TS8 Pin=MUX1-2
Added Pin To Net: NetName=OUT_TS8 Pin=R37_TS8-2
Added Pin To Net: NetName=OUT_TS8 Pin=TS1_TS8-1
Added Net: Name=OUT_TS8
Added Pin To Net: NetName=OUT_TS9 Pin=MUX1-23
Added Pin To Net: NetName=OUT_TS9 Pin=R37_TS9-2
Added Pin To Net: NetName=OUT_TS9 Pin=TS1_TS9-1
Added Net: Name=OUT_TS9
Added Pin To Net: NetName=OUT_TS10 Pin=MUX1-22
Added Pin To Net: NetName=OUT_TS10 Pin=R37_TS10-2
Added Pin To Net: NetName=OUT_TS10 Pin=TS1_TS10-1
Added Net: Name=OUT_TS10
Added Pin To Net: NetName=OUT_TS11 Pin=MUX1-21
Added Pin To Net: NetName=OUT_TS11 Pin=R37_TS11-2
Added Pin To Net: NetName=OUT_TS11 Pin=TS1_TS11-1
Added Net: Name=OUT_TS11
Added Pin To Net: NetName=OUT_TS12 Pin=MUX1-20
Added Pin To Net: NetName=OUT_TS12 Pin=R37_TS12-2
Added Pin To Net: NetName=OUT_TS12 Pin=TS1_TS12-1
Added Net: Name=OUT_TS12
Added Pin To Net: NetName=OUT_TS13 Pin=MUX1-19
Added Pin To Net: NetName=OUT_TS13 Pin=R37_TS13-2
Added Pin To Net: NetName=OUT_TS13 Pin=TS1_TS13-1
Added Net: Name=OUT_TS13
Added Pin To Net: NetName=OUT_TS14 Pin=MUX1-18
Added Pin To Net: NetName=OUT_TS14 Pin=R37_TS14-2
Added Pin To Net: NetName=OUT_TS14 Pin=TS1_TS14-1
Added Net: Name=OUT_TS14
Added Pin To Net: NetName=OUT_TS15 Pin=MUX1-17
Added Pin To Net: NetName=OUT_TS15 Pin=R37_TS15-2
Added Pin To Net: NetName=OUT_TS15 Pin=TS1_TS15-1
Added Net: Name=OUT_TS15
Added Pin To Net: NetName=OUT_TS16 Pin=MUX1-16
Added Pin To Net: NetName=OUT_TS16 Pin=R37_TS16-2
Added Pin To Net: NetName=OUT_TS16 Pin=TS1_TS16-1
Added Net: Name=OUT_TS16
Added Pin To Net: NetName=OUT_TS17 Pin=MUX2-9
Added Pin To Net: NetName=OUT_TS17 Pin=R37_TS17-2
Added Pin To Net: NetName=OUT_TS17 Pin=TS1_TS17-1
Added Net: Name=OUT_TS17
Added Pin To Net: NetName=OUT_TS18 Pin=MUX2-8
Added Pin To Net: NetName=OUT_TS18 Pin=R37_TS18-2
Added Pin To Net: NetName=OUT_TS18 Pin=TS1_TS18-1
Added Net: Name=OUT_TS18
Added Pin To Net: NetName=OUT_TS19 Pin=MUX2-7
Added Pin To Net: NetName=OUT_TS19 Pin=R37_TS19-2
Added Pin To Net: NetName=OUT_TS19 Pin=TS1_TS19-1
Added Net: Name=OUT_TS19
Added Pin To Net: NetName=OUT_TS20 Pin=MUX2-6
Added Pin To Net: NetName=OUT_TS20 Pin=R37_TS20-2
Added Pin To Net: NetName=OUT_TS20 Pin=TS1_TS20-1
Added Net: Name=OUT_TS20
Added Pin To Net: NetName=OUT_TS21 Pin=MUX2-5
Added Pin To Net: NetName=OUT_TS21 Pin=R37_TS21-2
Added Pin To Net: NetName=OUT_TS21 Pin=TS1_TS21-1
Added Net: Name=OUT_TS21
Added Pin To Net: NetName=OUT_TS22 Pin=MUX2-4
Added Pin To Net: NetName=OUT_TS22 Pin=R37_TS22-2
Added Pin To Net: NetName=OUT_TS22 Pin=TS1_TS22-1
Added Net: Name=OUT_TS22
Added Pin To Net: NetName=OUT_TS23 Pin=MUX2-3
Added Pin To Net: NetName=OUT_TS23 Pin=R37_TS23-2
Added Pin To Net: NetName=OUT_TS23 Pin=TS1_TS23-1
Added Net: Name=OUT_TS23
Added Pin To Net: NetName=OUT_TS24 Pin=MUX2-2
Added Pin To Net: NetName=OUT_TS24 Pin=R37_TS24-2
Added Pin To Net: NetName=OUT_TS24 Pin=TS1_TS24-1
Added Net: Name=OUT_TS24
Added Pin To Net: NetName=OUT_TS25 Pin=MUX2-23
Added Pin To Net: NetName=OUT_TS25 Pin=R37_TS25-2
Added Pin To Net: NetName=OUT_TS25 Pin=TS1_TS25-1
Added Net: Name=OUT_TS25
Added Pin To Net: NetName=OUT_TS26 Pin=MUX2-22
Added Pin To Net: NetName=OUT_TS26 Pin=R37_TS26-2
Added Pin To Net: NetName=OUT_TS26 Pin=TS1_TS26-1
Added Net: Name=OUT_TS26
Added Pin To Net: NetName=OUT_TS27 Pin=MUX2-21
Added Pin To Net: NetName=OUT_TS27 Pin=R37_TS27-2
Added Pin To Net: NetName=OUT_TS27 Pin=TS1_TS27-1
Added Net: Name=OUT_TS27
Added Pin To Net: NetName=OUT_TS28 Pin=MUX2-20
Added Pin To Net: NetName=OUT_TS28 Pin=R37_TS28-2
Added Pin To Net: NetName=OUT_TS28 Pin=TS1_TS28-1
Added Net: Name=OUT_TS28
Added Pin To Net: NetName=OUT_TS29 Pin=MUX2-19
Added Pin To Net: NetName=OUT_TS29 Pin=R37_TS29-2
Added Pin To Net: NetName=OUT_TS29 Pin=TS1_TS29-1
Added Net: Name=OUT_TS29
Added Pin To Net: NetName=OUT_TS30 Pin=MUX2-18
Added Pin To Net: NetName=OUT_TS30 Pin=R37_TS30-2
Added Pin To Net: NetName=OUT_TS30 Pin=TS1_TS30-1
Added Net: Name=OUT_TS30
Added Pin To Net: NetName=OUT_TS31 Pin=MUX2-17
Added Pin To Net: NetName=OUT_TS31 Pin=R37_TS31-2
Added Pin To Net: NetName=OUT_TS31 Pin=TS1_TS31-1
Added Net: Name=OUT_TS31
Added Pin To Net: NetName=OUT_TS32 Pin=MUX2-16
Added Pin To Net: NetName=OUT_TS32 Pin=R37_TS32-2
Added Pin To Net: NetName=OUT_TS32 Pin=TS1_TS32-1
Added Net: Name=OUT_TS32
Added Pin To Net: NetName=ST_LED Pin=HL6-2
Added Net: Name=ST_LED
Added Pin To Net: NetName=Vbat Pin=C2-1
Added Pin To Net: NetName=Vbat Pin=C29-2
Added Pin To Net: NetName=Vbat Pin=R32-2
Added Pin To Net: NetName=Vbat Pin=R33-2
Added Pin To Net: NetName=Vbat Pin=R45-2
Added Pin To Net: NetName=Vbat Pin=R51-2
Added Pin To Net: NetName=Vbat Pin=R53-2
Added Pin To Net: NetName=Vbat Pin=U4-3
Added Pin To Net: NetName=Vbat Pin=VT2-2
Added Pin To Net: NetName=Vbat Pin=XP19-2
Added Net: Name=Vbat
Added Pin To Net: NetName=VCC Pin=XP18-2
Added Net: Name=VCC
Added Pin To Net: NetName=VDD Pin=C5-2
Added Pin To Net: NetName=VDD Pin=C6-2
Added Pin To Net: NetName=VDD Pin=C7-2
Added Pin To Net: NetName=VDD Pin=C8-2
Added Pin To Net: NetName=VDD Pin=C9-2
Added Pin To Net: NetName=VDD Pin=C10-2
Added Pin To Net: NetName=VDD Pin=C11-2
Added Pin To Net: NetName=VDD Pin=C12-2
Added Pin To Net: NetName=VDD Pin=C13-2
Added Pin To Net: NetName=VDD Pin=C15-2
Added Pin To Net: NetName=VDD Pin=C16-2
Added Pin To Net: NetName=VDD Pin=C17-2
Added Pin To Net: NetName=VDD Pin=C18-2
Added Pin To Net: NetName=VDD Pin=C24-1
Added Pin To Net: NetName=VDD Pin=C25-1
Added Pin To Net: NetName=VDD Pin=C26-1
Added Pin To Net: NetName=VDD Pin=C27-1
Added Pin To Net: NetName=VDD Pin=C32-2
Added Pin To Net: NetName=VDD Pin=C33-2
Added Pin To Net: NetName=VDD Pin=D1-1
Added Pin To Net: NetName=VDD Pin=DC1-2
Added Pin To Net: NetName=VDD Pin=HL12-2
Added Pin To Net: NetName=VDD Pin=MUX1-24
Added Pin To Net: NetName=VDD Pin=MUX2-24
Added Pin To Net: NetName=VDD Pin=R3_DRV1-2
Added Pin To Net: NetName=VDD Pin=R3_DRV2-2
Added Pin To Net: NetName=VDD Pin=R3_DRV3-2
Added Pin To Net: NetName=VDD Pin=R3_DRV4-2
Added Pin To Net: NetName=VDD Pin=R4_DRV1-2
Added Pin To Net: NetName=VDD Pin=R4_DRV2-2
Added Pin To Net: NetName=VDD Pin=R4_DRV3-2
Added Pin To Net: NetName=VDD Pin=R4_DRV4-2
Added Pin To Net: NetName=VDD Pin=R5_DRV1-2
Added Pin To Net: NetName=VDD Pin=R5_DRV2-2
Added Pin To Net: NetName=VDD Pin=R5_DRV3-2
Added Pin To Net: NetName=VDD Pin=R5_DRV4-2
Added Pin To Net: NetName=VDD Pin=R6_DRV1-2
Added Pin To Net: NetName=VDD Pin=R6_DRV2-2
Added Pin To Net: NetName=VDD Pin=R6_DRV3-2
Added Pin To Net: NetName=VDD Pin=R6_DRV4-2
Added Pin To Net: NetName=VDD Pin=R9-1
Added Pin To Net: NetName=VDD Pin=R26-2
Added Pin To Net: NetName=VDD Pin=R36_TS1-2
Added Pin To Net: NetName=VDD Pin=R36_TS2-2
Added Pin To Net: NetName=VDD Pin=R36_TS3-2
Added Pin To Net: NetName=VDD Pin=R36_TS4-2
Added Pin To Net: NetName=VDD Pin=R36_TS5-2
Added Pin To Net: NetName=VDD Pin=R36_TS6-2
Added Pin To Net: NetName=VDD Pin=R36_TS7-2
Added Pin To Net: NetName=VDD Pin=R36_TS8-2
Added Pin To Net: NetName=VDD Pin=R36_TS9-2
Added Pin To Net: NetName=VDD Pin=R36_TS10-2
Added Pin To Net: NetName=VDD Pin=R36_TS11-2
Added Pin To Net: NetName=VDD Pin=R36_TS12-2
Added Pin To Net: NetName=VDD Pin=R36_TS13-2
Added Pin To Net: NetName=VDD Pin=R36_TS14-2
Added Pin To Net: NetName=VDD Pin=R36_TS15-2
Added Pin To Net: NetName=VDD Pin=R36_TS16-2
Added Pin To Net: NetName=VDD Pin=R36_TS17-2
Added Pin To Net: NetName=VDD Pin=R36_TS18-2
Added Pin To Net: NetName=VDD Pin=R36_TS19-2
Added Pin To Net: NetName=VDD Pin=R36_TS20-2
Added Pin To Net: NetName=VDD Pin=R36_TS21-2
Added Pin To Net: NetName=VDD Pin=R36_TS22-2
Added Pin To Net: NetName=VDD Pin=R36_TS23-2
Added Pin To Net: NetName=VDD Pin=R36_TS24-2
Added Pin To Net: NetName=VDD Pin=R36_TS25-2
Added Pin To Net: NetName=VDD Pin=R36_TS26-2
Added Pin To Net: NetName=VDD Pin=R36_TS27-2
Added Pin To Net: NetName=VDD Pin=R36_TS28-2
Added Pin To Net: NetName=VDD Pin=R36_TS29-2
Added Pin To Net: NetName=VDD Pin=R36_TS30-2
Added Pin To Net: NetName=VDD Pin=R36_TS31-2
Added Pin To Net: NetName=VDD Pin=R36_TS32-2
Added Pin To Net: NetName=VDD Pin=R37_TS1-1
Added Pin To Net: NetName=VDD Pin=R37_TS2-1
Added Pin To Net: NetName=VDD Pin=R37_TS3-1
Added Pin To Net: NetName=VDD Pin=R37_TS4-1
Added Pin To Net: NetName=VDD Pin=R37_TS5-1
Added Pin To Net: NetName=VDD Pin=R37_TS6-1
Added Pin To Net: NetName=VDD Pin=R37_TS7-1
Added Pin To Net: NetName=VDD Pin=R37_TS8-1
Added Pin To Net: NetName=VDD Pin=R37_TS9-1
Added Pin To Net: NetName=VDD Pin=R37_TS10-1
Added Pin To Net: NetName=VDD Pin=R37_TS11-1
Added Pin To Net: NetName=VDD Pin=R37_TS12-1
Added Pin To Net: NetName=VDD Pin=R37_TS13-1
Added Pin To Net: NetName=VDD Pin=R37_TS14-1
Added Pin To Net: NetName=VDD Pin=R37_TS15-1
Added Pin To Net: NetName=VDD Pin=R37_TS16-1
Added Pin To Net: NetName=VDD Pin=R37_TS17-1
Added Pin To Net: NetName=VDD Pin=R37_TS18-1
Added Pin To Net: NetName=VDD Pin=R37_TS19-1
Added Pin To Net: NetName=VDD Pin=R37_TS20-1
Added Pin To Net: NetName=VDD Pin=R37_TS21-1
Added Pin To Net: NetName=VDD Pin=R37_TS22-1
Added Pin To Net: NetName=VDD Pin=R37_TS23-1
Added Pin To Net: NetName=VDD Pin=R37_TS24-1
Added Pin To Net: NetName=VDD Pin=R37_TS25-1
Added Pin To Net: NetName=VDD Pin=R37_TS26-1
Added Pin To Net: NetName=VDD Pin=R37_TS27-1
Added Pin To Net: NetName=VDD Pin=R37_TS28-1
Added Pin To Net: NetName=VDD Pin=R37_TS29-1
Added Pin To Net: NetName=VDD Pin=R37_TS30-1
Added Pin To Net: NetName=VDD Pin=R37_TS31-1
Added Pin To Net: NetName=VDD Pin=R37_TS32-1
Added Pin To Net: NetName=VDD Pin=SB2-1
Added Pin To Net: NetName=VDD Pin=SB2-2
Added Pin To Net: NetName=VDD Pin=SB3-1
Added Pin To Net: NetName=VDD Pin=SB3-2
Added Pin To Net: NetName=VDD Pin=SB4-1
Added Pin To Net: NetName=VDD Pin=SB4-2
Added Pin To Net: NetName=VDD Pin=SB5-1
Added Pin To Net: NetName=VDD Pin=SB5-2
Added Pin To Net: NetName=VDD Pin=SW1-1
Added Pin To Net: NetName=VDD Pin=SW1-2
Added Pin To Net: NetName=VDD Pin=SW2-1
Added Pin To Net: NetName=VDD Pin=SW2-2
Added Pin To Net: NetName=VDD Pin=SW3-1
Added Pin To Net: NetName=VDD Pin=SW3-2
Added Pin To Net: NetName=VDD Pin=SW4-1
Added Pin To Net: NetName=VDD Pin=U1-6
Added Pin To Net: NetName=VDD Pin=U1-11
Added Pin To Net: NetName=VDD Pin=U1-19
Added Pin To Net: NetName=VDD Pin=U1-21
Added Pin To Net: NetName=VDD Pin=U1-22
Added Pin To Net: NetName=VDD Pin=U1-28
Added Pin To Net: NetName=VDD Pin=U1-50
Added Pin To Net: NetName=VDD Pin=U1-75
Added Pin To Net: NetName=VDD Pin=U1-100
Added Pin To Net: NetName=VDD Pin=U2_DRV1-4
Added Pin To Net: NetName=VDD Pin=U2_DRV2-4
Added Pin To Net: NetName=VDD Pin=U2_DRV3-4
Added Pin To Net: NetName=VDD Pin=U2_DRV4-4
Added Pin To Net: NetName=VDD Pin=U3_DRV1-4
Added Pin To Net: NetName=VDD Pin=U3_DRV2-4
Added Pin To Net: NetName=VDD Pin=U3_DRV3-4
Added Pin To Net: NetName=VDD Pin=U3_DRV4-4
Added Pin To Net: NetName=VDD Pin=XP2-1
Added Pin To Net: NetName=VDD Pin=XP5-1
Added Pin To Net: NetName=VDD Pin=XP11-2
Added Net: Name=VDD
Added Pin To Net: NetName=Y_G_LED Pin=HL5-2
Added Net: Name=Y_G_LED
Added Class: Name=Connectors
Added Class: Name=DRV1
Added Class: Name=DRV2
Added Class: Name=DRV3
Added Class: Name=DRV4
Added Class: Name=Indicator
Added Class: Name=main
Added Class: Name=Switches
Added Class: Name=TS1
Added Class: Name=TS2
Added Class: Name=TS3
Added Class: Name=TS4
Added Class: Name=TS5
Added Class: Name=TS6
Added Class: Name=TS7
Added Class: Name=TS8
Added Class: Name=TS9
Added Class: Name=TS10
Added Class: Name=TS11
Added Class: Name=TS12
Added Class: Name=TS13
Added Class: Name=TS14
Added Class: Name=TS15
Added Class: Name=TS16
Added Class: Name=TS17
Added Class: Name=TS18
Added Class: Name=TS19
Added Class: Name=TS20
Added Class: Name=TS21
Added Class: Name=TS22
Added Class: Name=TS23
Added Class: Name=TS24
Added Class: Name=TS25
Added Class: Name=TS26
Added Class: Name=TS27
Added Class: Name=TS28
Added Class: Name=TS29
Added Class: Name=TS30
Added Class: Name=TS31
Added Class: Name=TS32
Added Class: Name=TSOPS's
Added Class: Name=drv
Added Class: Name=tsop
Added Room: Name=Connectors
Added Room: Name=DRV1
Added Room: Name=DRV2
Added Room: Name=DRV3
Added Room: Name=DRV4
Added Room: Name=Indicator
Added Room: Name=main
Added Room: Name=Switches
Added Room: Name=TS1
Added Room: Name=TS2
Added Room: Name=TS3
Added Room: Name=TS4
Added Room: Name=TS5
Added Room: Name=TS6
Added Room: Name=TS7
Added Room: Name=TS8
Added Room: Name=TS9
Added Room: Name=TS10
Added Room: Name=TS11
Added Room: Name=TS12
Added Room: Name=TS13
Added Room: Name=TS14
Added Room: Name=TS15
Added Room: Name=TS16
Added Room: Name=TS17
Added Room: Name=TS18
Added Room: Name=TS19
Added Room: Name=TS20
Added Room: Name=TS21
Added Room: Name=TS22
Added Room: Name=TS23
Added Room: Name=TS24
Added Room: Name=TS25
Added Room: Name=TS26
Added Room: Name=TS27
Added Room: Name=TS28
Added Room: Name=TS29
Added Room: Name=TS30
Added Room: Name=TS31
Added Room: Name=TS32
Added Room: Name=TSOPS's
