Added Component: Designator=C1(CAP_TANT_D)
Add component. Clean all parameters for all variants
Added Component: Designator=C2(D8C3.5H12)
Add component. Clean all parameters for all variants
Added Component: Designator=C3_DRV1(CAP_TANT_D)
Add component. Clean all parameters for all variants
Added Component: Designator=C3_DRV2(CAP_TANT_D)
Add component. Clean all parameters for all variants
Added Component: Designator=C3_DRV3(CAP_TANT_D)
Add component. Clean all parameters for all variants
Added Component: Designator=C3_DRV4(CAP_TANT_D)
Add component. Clean all parameters for all variants
Added Component: Designator=C4_DRV1(CAP_TANT_D)
Add component. Clean all parameters for all variants
Added Component: Designator=C4_DRV2(CAP_TANT_D)
Add component. Clean all parameters for all variants
Added Component: Designator=C4_DRV3(CAP_TANT_D)
Add component. Clean all parameters for all variants
Added Component: Designator=C4_DRV4(CAP_TANT_D)
Add component. Clean all parameters for all variants
Added Component: Designator=C5(CAP0603)
Add component. Clean all parameters for all variants
Added Component: Designator=C6(CAP0603)
Add component. Clean all parameters for all variants
Added Component: Designator=C7(CAP0603)
Add component. Clean all parameters for all variants
Added Component: Designator=C8(CAP0603)
Add component. Clean all parameters for all variants
Added Component: Designator=C9(CAP0603)
Add component. Clean all parameters for all variants
Added Component: Designator=C10(CAP0603)
Add component. Clean all parameters for all variants
Added Component: Designator=C11(CAP0603)
Add component. Clean all parameters for all variants
Added Component: Designator=C12(CAP0603)
Add component. Clean all parameters for all variants
Added Component: Designator=C13(CAP_TANT_D)
Add component. Clean all parameters for all variants
Added Component: Designator=C14(CAP_TANT_D)
Add component. Clean all parameters for all variants
Added Component: Designator=C15(CAP0603)
Add component. Clean all parameters for all variants
Added Component: Designator=C16(CAP0603)
Add component. Clean all parameters for all variants
Added Component: Designator=C17(CAP0603)
Add component. Clean all parameters for all variants
Added Component: Designator=C18(CAP0603)
Add component. Clean all parameters for all variants
Added Component: Designator=C19(CAP0603)
Add component. Clean all parameters for all variants
Added Component: Designator=C20(CAP0603)
Add component. Clean all parameters for all variants
Added Component: Designator=C21(CAP0603)
Add component. Clean all parameters for all variants
Added Component: Designator=C22(CAP0603)
Add component. Clean all parameters for all variants
Added Component: Designator=C23(cap0603)
Add component. Clean all parameters for all variants
Added Component: Designator=C24(cap0603)
Add component. Clean all parameters for all variants
Added Component: Designator=C25(cap0603)
Add component. Clean all parameters for all variants
Added Component: Designator=C26(cap0603)
Add component. Clean all parameters for all variants
Added Component: Designator=C27(cap0603)
Add component. Clean all parameters for all variants
Added Component: Designator=C28(CAP0805)
Add component. Clean all parameters for all variants
Added Component: Designator=C29(CAP0805)
Add component. Clean all parameters for all variants
Added Component: Designator=C30(CAP0805)
Add component. Clean all parameters for all variants
Added Component: Designator=C67(CAP0805)
Add component. Clean all parameters for all variants
Added Component: Designator=C68(CAP0805)
Add component. Clean all parameters for all variants
Added Component: Designator=C69(D8C3.5H12)
Add component. Clean all parameters for all variants
Added Component: Designator=D3(BZV55C8V2)
Add component. Clean all parameters for all variants
Added Component: Designator=DA1(mini360)
Add component. Clean all parameters for all variants
Added Component: Designator=DA2(mini360)
Add component. Clean all parameters for all variants
Added Component: Designator=G1(CRYSTAL_HC49-US-SM)
Add component. Clean all parameters for all variants
Add component (AddParameter): Name = "HelpURL"; Value = "https://www.digikey.com/product-detail/en/ecs-inc/ECS-160-20-5PX-TR/XC1282CT-ND/827746"; VariantName = "[No Variations]"
Add component (AddParameter): Name = "Part Number"; Value = "ECS-160-20-5PX-TR"; VariantName = "[No Variations]"
Added Component: Designator=HL1(LED0603_GREEN)
Add component. Clean all parameters for all variants
Added Component: Designator=HL2(LED0603_GREEN)
Add component. Clean all parameters for all variants
Added Component: Designator=HL3(LED0603_GREEN)
Add component. Clean all parameters for all variants
Added Component: Designator=HL4(LED0603_GREEN)
Add component. Clean all parameters for all variants
Added Component: Designator=HL5(LED0603_GREEN)
Add component. Clean all parameters for all variants
Added Component: Designator=HL6(LED0603_GREEN)
Add component. Clean all parameters for all variants
Added Component: Designator=HL7(LED0603_GREEN)
Add component. Clean all parameters for all variants
Added Component: Designator=HL8(LED0603_RED)
Add component. Clean all parameters for all variants
Added Component: Designator=HL9(LED0603_RED)
Add component. Clean all parameters for all variants
Added Component: Designator=HL10(LED0603_RED)
Add component. Clean all parameters for all variants
Added Component: Designator=HL11(LED0603_RED)
Add component. Clean all parameters for all variants
Added Component: Designator=HL12(LED0603_RED)
Add component. Clean all parameters for all variants
Added Component: Designator=HL13(LED0603_WHITE)
Add component. Clean all parameters for all variants
Added Component: Designator=HL14(LED0603_WHITE)
Add component. Clean all parameters for all variants
Added Component: Designator=HL15(LED0603_WHITE)
Add component. Clean all parameters for all variants
Added Component: Designator=HL16(LED0603_WHITE)
Add component. Clean all parameters for all variants
Added Component: Designator=HL17(LED0603_RED)
Add component. Clean all parameters for all variants
Added Component: Designator=HL18(LED0603_WHITE)
Add component. Clean all parameters for all variants
Added Component: Designator=HL19(LED0603_WHITE)
Add component. Clean all parameters for all variants
Added Component: Designator=R1(RES0805)
Add component. Clean all parameters for all variants
Added Component: Designator=R2(RES0805)
Add component. Clean all parameters for all variants
Added Component: Designator=R3(RES0805)
Add component. Clean all parameters for all variants
Added Component: Designator=R4_DRV1(RES0805)
Add component. Clean all parameters for all variants
Added Component: Designator=R4_DRV2(RES0805)
Add component. Clean all parameters for all variants
Added Component: Designator=R4_DRV3(RES0805)
Add component. Clean all parameters for all variants
Added Component: Designator=R4_DRV4(RES0805)
Add component. Clean all parameters for all variants
Added Component: Designator=R5_DRV1(RES0805)
Add component. Clean all parameters for all variants
Added Component: Designator=R5_DRV2(RES0805)
Add component. Clean all parameters for all variants
Added Component: Designator=R5_DRV3(RES0805)
Add component. Clean all parameters for all variants
Added Component: Designator=R5_DRV4(RES0805)
Add component. Clean all parameters for all variants
Added Component: Designator=R6_DRV1(RES0805)
Add component. Clean all parameters for all variants
Added Component: Designator=R6_DRV2(RES0805)
Add component. Clean all parameters for all variants
Added Component: Designator=R6_DRV3(RES0805)
Add component. Clean all parameters for all variants
Added Component: Designator=R6_DRV4(RES0805)
Add component. Clean all parameters for all variants
Added Component: Designator=R7(RES0805)
Add component. Clean all parameters for all variants
Added Component: Designator=R8(RES0805)
Add component. Clean all parameters for all variants
Added Component: Designator=R9(RES0805)
Add component. Clean all parameters for all variants
Added Component: Designator=R10_DRV1(RES0805)
Add component. Clean all parameters for all variants
Added Component: Designator=R10_DRV2(RES0805)
Add component. Clean all parameters for all variants
Added Component: Designator=R10_DRV3(RES0805)
Add component. Clean all parameters for all variants
Added Component: Designator=R10_DRV4(RES0805)
Add component. Clean all parameters for all variants
Added Component: Designator=R11(RES0805)
Add component. Clean all parameters for all variants
Added Component: Designator=R12(RES0805)
Add component. Clean all parameters for all variants
Added Component: Designator=R13(RES0805)
Add component. Clean all parameters for all variants
Added Component: Designator=R14(RES0805)
Add component. Clean all parameters for all variants
Added Component: Designator=R15(RES0805)
Add component. Clean all parameters for all variants
Added Component: Designator=R16(RES0805)
Add component. Clean all parameters for all variants
Added Component: Designator=R17(RES0805)
Add component. Clean all parameters for all variants
Added Component: Designator=R18(RES0805)
Add component. Clean all parameters for all variants
Added Component: Designator=R19(RES0805)
Add component. Clean all parameters for all variants
Added Component: Designator=R20(RES0805)
Add component. Clean all parameters for all variants
Added Component: Designator=R21(RES0805)
Add component. Clean all parameters for all variants
Added Component: Designator=R22(RES0805)
Add component. Clean all parameters for all variants
Added Component: Designator=R23(RES0805)
Add component. Clean all parameters for all variants
Added Component: Designator=R24(RES0805)
Add component. Clean all parameters for all variants
Added Component: Designator=R25(RES0805)
Add component. Clean all parameters for all variants
Added Component: Designator=R26(RES0805)
Add component. Clean all parameters for all variants
Added Component: Designator=R27(RES0805)
Add component. Clean all parameters for all variants
Added Component: Designator=R28(RES0805)
Add component. Clean all parameters for all variants
Added Component: Designator=R29(RES0805)
Add component. Clean all parameters for all variants
Added Component: Designator=R30(RES0805)
Add component. Clean all parameters for all variants
Added Component: Designator=R31(RES0805)
Add component. Clean all parameters for all variants
Added Component: Designator=R32(RES0805)
Add component. Clean all parameters for all variants
Added Component: Designator=R33(RES0805)
Add component. Clean all parameters for all variants
Added Component: Designator=R34(RES0805)
Add component. Clean all parameters for all variants
Added Component: Designator=R35(RES0805)
Add component. Clean all parameters for all variants
Added Component: Designator=R36(RES0805)
Add component. Clean all parameters for all variants
Added Component: Designator=R37(RES1206)
Add component. Clean all parameters for all variants
Added Component: Designator=R44(RES0805)
Add component. Clean all parameters for all variants
Added Component: Designator=R45(RES0805)
Add component. Clean all parameters for all variants
Added Component: Designator=R46(RES0805)
Add component. Clean all parameters for all variants
Added Component: Designator=R47(RES0805)
Add component. Clean all parameters for all variants
Added Component: Designator=R48(RES0805)
Add component. Clean all parameters for all variants
Added Component: Designator=R49(RES0805)
Add component. Clean all parameters for all variants
Added Component: Designator=R50(RES0805)
Add component. Clean all parameters for all variants
Added Component: Designator=R51(RES0805)
Add component. Clean all parameters for all variants
Added Component: Designator=R52(RES1206)
Add component. Clean all parameters for all variants
Added Component: Designator=R53(RES1206)
Add component. Clean all parameters for all variants
Added Component: Designator=R54(RES1206)
Add component. Clean all parameters for all variants
Added Component: Designator=R87(RES0805)
Add component. Clean all parameters for all variants
Added Component: Designator=R88(RES0805)
Add component. Clean all parameters for all variants
Added Component: Designator=R89(RES0805)
Add component. Clean all parameters for all variants
Added Component: Designator=R90(RES0805)
Add component. Clean all parameters for all variants
Added Component: Designator=R91(RES0805)
Add component. Clean all parameters for all variants
Added Component: Designator=R92(RES0805)
Add component. Clean all parameters for all variants
Added Component: Designator=R93(RES0805)
Add component. Clean all parameters for all variants
Added Component: Designator=R94(RES1206)
Add component. Clean all parameters for all variants
Added Component: Designator=SB1(TL3700AF160QG)
Add component. Clean all parameters for all variants
Add component (AddParameter): Name = "Digi-Key Part Number"; Value = "EG4919CT-ND"; VariantName = "[No Variations]"
Add component (AddParameter): Name = "HelpURL"; Value = "https://www.digikey.com/product-detail/en/e-switch/TL3700AF160QG/EG4919CT-ND/2538592"; VariantName = "[No Variations]"
Add component (AddParameter): Name = "Part Number"; Value = "TL3700AF160QG"; VariantName = "[No Variations]"
Added Component: Designator=SB2(TL3700AF160QG)
Add component. Clean all parameters for all variants
Add component (AddParameter): Name = "Digi-Key Part Number"; Value = "EG4919CT-ND"; VariantName = "[No Variations]"
Add component (AddParameter): Name = "HelpURL"; Value = "https://www.digikey.com/product-detail/en/e-switch/TL3700AF160QG/EG4919CT-ND/2538592"; VariantName = "[No Variations]"
Add component (AddParameter): Name = "Part Number"; Value = "TL3700AF160QG"; VariantName = "[No Variations]"
Added Component: Designator=SB3(TL3700AF160QG)
Add component. Clean all parameters for all variants
Add component (AddParameter): Name = "Digi-Key Part Number"; Value = "EG4919CT-ND"; VariantName = "[No Variations]"
Add component (AddParameter): Name = "HelpURL"; Value = "https://www.digikey.com/product-detail/en/e-switch/TL3700AF160QG/EG4919CT-ND/2538592"; VariantName = "[No Variations]"
Add component (AddParameter): Name = "Part Number"; Value = "TL3700AF160QG"; VariantName = "[No Variations]"
Added Component: Designator=SB4(TL3700AF160QG)
Add component. Clean all parameters for all variants
Add component (AddParameter): Name = "Digi-Key Part Number"; Value = "EG4919CT-ND"; VariantName = "[No Variations]"
Add component (AddParameter): Name = "HelpURL"; Value = "https://www.digikey.com/product-detail/en/e-switch/TL3700AF160QG/EG4919CT-ND/2538592"; VariantName = "[No Variations]"
Add component (AddParameter): Name = "Part Number"; Value = "TL3700AF160QG"; VariantName = "[No Variations]"
Added Component: Designator=SB5(TL3700AF160QG)
Add component. Clean all parameters for all variants
Add component (AddParameter): Name = "Digi-Key Part Number"; Value = "EG4919CT-ND"; VariantName = "[No Variations]"
Add component (AddParameter): Name = "HelpURL"; Value = "https://www.digikey.com/product-detail/en/e-switch/TL3700AF160QG/EG4919CT-ND/2538592"; VariantName = "[No Variations]"
Add component (AddParameter): Name = "Part Number"; Value = "TL3700AF160QG"; VariantName = "[No Variations]"
Added Component: Designator=SB6(TL3700AF160QG)
Add component. Clean all parameters for all variants
Add component (AddParameter): Name = "Digi-Key Part Number"; Value = "EG4919CT-ND"; VariantName = "[No Variations]"
Add component (AddParameter): Name = "HelpURL"; Value = "https://www.digikey.com/product-detail/en/e-switch/TL3700AF160QG/EG4919CT-ND/2538592"; VariantName = "[No Variations]"
Add component (AddParameter): Name = "Part Number"; Value = "TL3700AF160QG"; VariantName = "[No Variations]"
Added Component: Designator=SB7(PTS636 SP43 LFS)
Add component. Clean all parameters for all variants
Add component (AddParameter): Name = "Digi-Key Part Number"; Value = "CKN12304-ND"; VariantName = "[No Variations]"
Add component (AddParameter): Name = "HelpURL"; Value = "https://www.digikey.com/product-detail/en/c-k/PTS636-SP43-LFS/CKN12304-ND/10071717"; VariantName = "[No Variations]"
Add component (AddParameter): Name = "Manufacturer Part Number"; Value = "PTS636 SP43 LFS"; VariantName = "[No Variations]"
Add component (AddParameter): Name = "Part Number"; Value = "PTS636 SP43 LFS"; VariantName = "[No Variations]"
Add component (AddParameter): Name = "Price$"; Value = "0.1"; VariantName = "[No Variations]"
Added Component: Designator=SW1(DS1040-01)
Add component. Clean all parameters for all variants
Added Component: Designator=SW2(DS1040-02)
Add component. Clean all parameters for all variants
Added Component: Designator=SW4(ESP1010)
Add component. Clean all parameters for all variants
Added Component: Designator=U1(LQFP100)
Add component. Clean all parameters for all variants
Add component (AddParameter): Name = "ComponentLink1Description"; Value = "Manufacturer URL"; VariantName = "[No Variations]"
Add component (AddParameter): Name = "ComponentLink1URL"; Value = "http://www.st.com/web/en/home.html"; VariantName = "[No Variations]"
Add component (AddParameter): Name = "ComponentLink2Description"; Value = "Datasheet"; VariantName = "[No Variations]"
Add component (AddParameter): Name = "ComponentLink2URL"; Value = "http://www.st.com/st-web-ui/static/active/en/resource/technical/document/datasheet/DM00037051.pdf"; VariantName = "[No Variations]"
Add component (AddParameter): Name = "ComponentLink3Description"; Value = "Package Specification"; VariantName = "[No Variations]"
Add component (AddParameter): Name = "ComponentLink3URL"; Value = "http://www.st.com/st-web-ui/static/active/en/resource/technical/document/data_brief/DM00071938.pdf"; VariantName = "[No Variations]"
Add component (AddParameter): Name = "Core"; Value = "ARM Cortex-M4"; VariantName = "[No Variations]"
Add component (AddParameter): Name = "D/A Converter"; Value = "2x12-bit"; VariantName = "[No Variations]"
Add component (AddParameter): Name = "DatasheetVersion"; Value = "Rev. 4"; VariantName = "[No Variations]"
Add component (AddParameter): Name = "FLASH Size (Prog) (kB)"; Value = "1024"; VariantName = "[No Variations]"
Add component (AddParameter): Name = "I/Os (High Current)"; Value = "82"; VariantName = "[No Variations]"
Add component (AddParameter): Name = "Internal RAM Size (kB)"; Value = "192"; VariantName = "[No Variations]"
Add component (AddParameter): Name = "Manufacturer"; Value = "STMicroelectronics"; VariantName = "[No Variations]"
Add component (AddParameter): Name = "Mounting Technology"; Value = "Surface Mount"; VariantName = "[No Variations]"
Add component (AddParameter): Name = "Operating Frequency(F) (Processor speed) (MHz)"; Value = "168"; VariantName = "[No Variations]"
Add component (AddParameter): Name = "PackageDescription"; Value = "100-Pin Low Profile Quad Flat Package, 14 x 14 mm Body, 0.5 mm Pitch"; VariantName = "[No Variations]"
Add component (AddParameter): Name = "PackageReference"; Value = "LQFP100"; VariantName = "[No Variations]"
Add component (AddParameter): Name = "PackageVersion"; Value = "Rev. 1, 06/2013"; VariantName = "[No Variations]"
Add component (AddParameter): Name = "Packing"; Value = "Tray"; VariantName = "[No Variations]"
Add component (AddParameter): Name = "PartNumber"; Value = "STM32F407VGT6"; VariantName = "[No Variations]"
Add component (AddParameter): Name = "Supplier 1"; Value = "Digi-Key"; VariantName = "[No Variations]"
Add component (AddParameter): Name = "Supplier 2"; Value = "Farnell"; VariantName = "[No Variations]"
Add component (AddParameter): Name = "Supplier 3"; Value = "Newark"; VariantName = "[No Variations]"
Add component (AddParameter): Name = "Supplier 4"; Value = "Mouser"; VariantName = "[No Variations]"
Add component (AddParameter): Name = "Supplier Part Number 1"; Value = "497-11605-ND"; VariantName = "[No Variations]"
Add component (AddParameter): Name = "Supplier Part Number 2"; Value = "2064368"; VariantName = "[No Variations]"
Add component (AddParameter): Name = "Supplier Part Number 3"; Value = "73T2333"; VariantName = "[No Variations]"
Add component (AddParameter): Name = "Supplier Part Number 4"; Value = "511-STM32F407VGT6"; VariantName = "[No Variations]"
Add component (AddParameter): Name = "Supply Voltage(Vcc) max (V)"; Value = "3.6"; VariantName = "[No Variations]"
Add component (AddParameter): Name = "Supply Voltage(Vcc) min (V)"; Value = "1.8"; VariantName = "[No Variations]"
Added Component: Designator=U2_DRV1(HSOP-8)
Add component. Clean all parameters for all variants
Added Component: Designator=U2_DRV2(HSOP-8)
Add component. Clean all parameters for all variants
Added Component: Designator=U2_DRV3(HSOP-8)
Add component. Clean all parameters for all variants
Added Component: Designator=U2_DRV4(HSOP-8)
Add component. Clean all parameters for all variants
Added Component: Designator=U3_DRV1(HSOP-8)
Add component. Clean all parameters for all variants
Added Component: Designator=U3_DRV2(HSOP-8)
Add component. Clean all parameters for all variants
Added Component: Designator=U3_DRV3(HSOP-8)
Add component. Clean all parameters for all variants
Added Component: Designator=U3_DRV4(HSOP-8)
Add component. Clean all parameters for all variants
Added Component: Designator=U4(LM339D)
Add component. Clean all parameters for all variants
Added Component: Designator=VD1(DO-214AC)
Add component. Clean all parameters for all variants
Added Component: Designator=VD2(DO-214AC)
Add component. Clean all parameters for all variants
Added Component: Designator=VD3(DO-214AC)
Add component. Clean all parameters for all variants
Added Component: Designator=VD4(DO-214AC)
Add component. Clean all parameters for all variants
Added Component: Designator=VT2(TO252AA)
Add component. Clean all parameters for all variants
Add component (AddParameter): Name = "Part Number"; Value = "IRFR9024N"; VariantName = "[No Variations]"
Added Component: Designator=VT3(TO252AA)
Add component. Clean all parameters for all variants
Add component (AddParameter): Name = "Part Number"; Value = "IRFR2405"; VariantName = "[No Variations]"
Added Component: Designator=VT4(TO252AA)
Add component. Clean all parameters for all variants
Add component (AddParameter): Name = "Part Number"; Value = "IRFR9024N"; VariantName = "[No Variations]"
Added Component: Designator=VT5(TO252AA)
Add component. Clean all parameters for all variants
Add component (AddParameter): Name = "Part Number"; Value = "IRFR9024N"; VariantName = "[No Variations]"
Added Component: Designator=VT?(TO252AA)
Add component. Clean all parameters for all variants
Add component (AddParameter): Name = "Part Number"; Value = "IRFR2405"; VariantName = "[No Variations]"
Added Component: Designator=XP1(JST_XH-2)
Add component. Clean all parameters for all variants
Added Component: Designator=XP2(JST_XH-8)
Add component. Clean all parameters for all variants
Added Component: Designator=XP3(JST_XH-2)
Add component. Clean all parameters for all variants
Added Component: Designator=XP4(JST_XH-2)
Add component. Clean all parameters for all variants
Added Component: Designator=XP5(JST_XH-2)
Add component. Clean all parameters for all variants
Added Component: Designator=XP6(JST_XH-2)
Add component. Clean all parameters for all variants
Added Component: Designator=XP7(4x2.54)
Add component. Clean all parameters for all variants
Added Component: Designator=XP8(JST_XH-2)
Add component. Clean all parameters for all variants
Added Component: Designator=XP9(JST_XH-2)
Add component. Clean all parameters for all variants
Added Component: Designator=XP10(JST_XH-4)
Add component. Clean all parameters for all variants
Added Component: Designator=XP11(JST_XH-4)
Add component. Clean all parameters for all variants
Added Component: Designator=XP12(JST_XH-2)
Add component. Clean all parameters for all variants
Added Component: Designator=XP13(JST_XH-2)
Add component. Clean all parameters for all variants
Added Component: Designator=XP14(JST_XH-2)
Add component. Clean all parameters for all variants
Added Component: Designator=XP15(JST_XH-2)
Add component. Clean all parameters for all variants
Added Component: Designator=XP16(JST_XH-2)
Add component. Clean all parameters for all variants
Added Component: Designator=XP17(JST_XH-2)
Add component. Clean all parameters for all variants
Added Component: Designator=XP18(XT30_3D)
Add component. Clean all parameters for all variants
Added Component: Designator=XP19(XT30_3D)
Add component. Clean all parameters for all variants
Added Component: Designator=XP20(JST_XH-2)
Add component. Clean all parameters for all variants
Added Component: Designator=XP21(JST_XH-2)
Add component. Clean all parameters for all variants
Added Component: Designator=XP22(JST_XH-4)
Add component. Clean all parameters for all variants
Added Component: Designator=XP23(JST_XH-4)
Add component. Clean all parameters for all variants
Added Component: Designator=XP24(JST_XH-8)
Add component. Clean all parameters for all variants
Added Pin To Net: NetName=+5V Pin=C1-2
Added Pin To Net: NetName=+5V Pin=C14-2
Added Pin To Net: NetName=+5V Pin=DA2-2
Added Pin To Net: NetName=+5V Pin=HL11-2
Added Pin To Net: NetName=+5V Pin=R1-1
Added Pin To Net: NetName=+5V Pin=XP1-1
Added Pin To Net: NetName=+5V Pin=XP10-1
Added Net: Name=+5V
Added Pin To Net: NetName=+12V Pin=C3_DRV1-2
Added Pin To Net: NetName=+12V Pin=C3_DRV2-2
Added Pin To Net: NetName=+12V Pin=C3_DRV3-2
Added Pin To Net: NetName=+12V Pin=C3_DRV4-2
Added Pin To Net: NetName=+12V Pin=C4_DRV1-2
Added Pin To Net: NetName=+12V Pin=C4_DRV2-2
Added Pin To Net: NetName=+12V Pin=C4_DRV3-2
Added Pin To Net: NetName=+12V Pin=C4_DRV4-2
Added Pin To Net: NetName=+12V Pin=C30-2
Added Pin To Net: NetName=+12V Pin=C69-1
Added Pin To Net: NetName=+12V Pin=DA1-0
Added Pin To Net: NetName=+12V Pin=DA2-0
Added Pin To Net: NetName=+12V Pin=HL10-2
Added Pin To Net: NetName=+12V Pin=R35-2
Added Pin To Net: NetName=+12V Pin=U2_DRV1-5
Added Pin To Net: NetName=+12V Pin=U2_DRV2-5
Added Pin To Net: NetName=+12V Pin=U2_DRV3-5
Added Pin To Net: NetName=+12V Pin=U2_DRV4-5
Added Pin To Net: NetName=+12V Pin=U3_DRV1-5
Added Pin To Net: NetName=+12V Pin=U3_DRV2-5
Added Pin To Net: NetName=+12V Pin=U3_DRV3-5
Added Pin To Net: NetName=+12V Pin=U3_DRV4-5
Added Pin To Net: NetName=+12V Pin=VT2-3
Added Pin To Net: NetName=+12V Pin=VT4-2
Added Pin To Net: NetName=+12V Pin=XP12-1
Added Pin To Net: NetName=+12V Pin=XP18-2
Added Net: Name=+12V
Added Pin To Net: NetName=+48V Pin=HL9-2
Added Pin To Net: NetName=+48V Pin=VT5-2
Added Pin To Net: NetName=+48V Pin=XP13-1
Added Net: Name=+48V
Added Pin To Net: NetName=BG_LED Pin=HL4-2
Added Net: Name=BG_LED
Added Pin To Net: NetName=FP1 Pin=XP22-4
Added Net: Name=FP1
Added Pin To Net: NetName=FP2 Pin=XP22-3
Added Net: Name=FP2
Added Pin To Net: NetName=FP3 Pin=XP22-2
Added Net: Name=FP3
Added Pin To Net: NetName=FP4 Pin=XP22-1
Added Net: Name=FP4
Added Pin To Net: NetName=FP5 Pin=XP23-4
Added Net: Name=FP5
Added Pin To Net: NetName=FP6 Pin=XP23-3
Added Net: Name=FP6
Added Pin To Net: NetName=FP7 Pin=XP23-2
Added Net: Name=FP7
Added Pin To Net: NetName=FP8 Pin=XP23-1
Added Net: Name=FP8
Added Pin To Net: NetName=GK_LED Pin=HL7-2
Added Net: Name=GK_LED
Added Pin To Net: NetName=GND Pin=C1-1
Added Pin To Net: NetName=GND Pin=C2-2
Added Pin To Net: NetName=GND Pin=C3_DRV1-1
Added Pin To Net: NetName=GND Pin=C3_DRV2-1
Added Pin To Net: NetName=GND Pin=C3_DRV3-1
Added Pin To Net: NetName=GND Pin=C3_DRV4-1
Added Pin To Net: NetName=GND Pin=C4_DRV1-1
Added Pin To Net: NetName=GND Pin=C4_DRV2-1
Added Pin To Net: NetName=GND Pin=C4_DRV3-1
Added Pin To Net: NetName=GND Pin=C4_DRV4-1
Added Pin To Net: NetName=GND Pin=C5-2
Added Pin To Net: NetName=GND Pin=C6-1
Added Pin To Net: NetName=GND Pin=C7-1
Added Pin To Net: NetName=GND Pin=C8-2
Added Pin To Net: NetName=GND Pin=C9-1
Added Pin To Net: NetName=GND Pin=C10-1
Added Pin To Net: NetName=GND Pin=C11-1
Added Pin To Net: NetName=GND Pin=C12-1
Added Pin To Net: NetName=GND Pin=C13-1
Added Pin To Net: NetName=GND Pin=C14-1
Added Pin To Net: NetName=GND Pin=C15-1
Added Pin To Net: NetName=GND Pin=C16-1
Added Pin To Net: NetName=GND Pin=C17-1
Added Pin To Net: NetName=GND Pin=C18-1
Added Pin To Net: NetName=GND Pin=C19-1
Added Pin To Net: NetName=GND Pin=C20-1
Added Pin To Net: NetName=GND Pin=C21-1
Added Pin To Net: NetName=GND Pin=C22-1
Added Pin To Net: NetName=GND Pin=C23-1
Added Pin To Net: NetName=GND Pin=C67-1
Added Pin To Net: NetName=GND Pin=C69-2
Added Pin To Net: NetName=GND Pin=D3-A
Added Pin To Net: NetName=GND Pin=DA1-1
Added Pin To Net: NetName=GND Pin=DA1-3
Added Pin To Net: NetName=GND Pin=DA2-1
Added Pin To Net: NetName=GND Pin=DA2-3
Added Pin To Net: NetName=GND Pin=HL17-1
Added Pin To Net: NetName=GND Pin=R2-1
Added Pin To Net: NetName=GND Pin=R3-1
Added Pin To Net: NetName=GND Pin=R8-1
Added Pin To Net: NetName=GND Pin=R9-2
Added Pin To Net: NetName=GND Pin=R11-1
Added Pin To Net: NetName=GND Pin=R12-1
Added Pin To Net: NetName=GND Pin=R13-1
Added Pin To Net: NetName=GND Pin=R14-1
Added Pin To Net: NetName=GND Pin=R15-1
Added Pin To Net: NetName=GND Pin=R16-1
Added Pin To Net: NetName=GND Pin=R17-1
Added Pin To Net: NetName=GND Pin=R18-1
Added Pin To Net: NetName=GND Pin=R19-1
Added Pin To Net: NetName=GND Pin=R20-1
Added Pin To Net: NetName=GND Pin=R21-1
Added Pin To Net: NetName=GND Pin=R22-1
Added Pin To Net: NetName=GND Pin=R23-1
Added Pin To Net: NetName=GND Pin=R24-1
Added Pin To Net: NetName=GND Pin=R25-1
Added Pin To Net: NetName=GND Pin=R27-1
Added Pin To Net: NetName=GND Pin=R29-1
Added Pin To Net: NetName=GND Pin=R30-1
Added Pin To Net: NetName=GND Pin=R31-1
Added Pin To Net: NetName=GND Pin=R49-1
Added Pin To Net: NetName=GND Pin=R51-1
Added Pin To Net: NetName=GND Pin=R87-1
Added Pin To Net: NetName=GND Pin=R88-1
Added Pin To Net: NetName=GND Pin=R91-1
Added Pin To Net: NetName=GND Pin=R92-1
Added Pin To Net: NetName=GND Pin=R93-1
Added Pin To Net: NetName=GND Pin=SB1-1
Added Pin To Net: NetName=GND Pin=SB1-2
Added Pin To Net: NetName=GND Pin=SB6-1
Added Pin To Net: NetName=GND Pin=SB6-2
Added Pin To Net: NetName=GND Pin=SW4-3
Added Pin To Net: NetName=GND Pin=U1-10
Added Pin To Net: NetName=GND Pin=U1-20
Added Pin To Net: NetName=GND Pin=U1-27
Added Pin To Net: NetName=GND Pin=U1-74
Added Pin To Net: NetName=GND Pin=U1-99
Added Pin To Net: NetName=GND Pin=U2_DRV1-1
Added Pin To Net: NetName=GND Pin=U2_DRV1-7
Added Pin To Net: NetName=GND Pin=U2_DRV1-9
Added Pin To Net: NetName=GND Pin=U2_DRV2-1
Added Pin To Net: NetName=GND Pin=U2_DRV2-7
Added Pin To Net: NetName=GND Pin=U2_DRV2-9
Added Pin To Net: NetName=GND Pin=U2_DRV3-1
Added Pin To Net: NetName=GND Pin=U2_DRV3-7
Added Pin To Net: NetName=GND Pin=U2_DRV3-9
Added Pin To Net: NetName=GND Pin=U2_DRV4-1
Added Pin To Net: NetName=GND Pin=U2_DRV4-7
Added Pin To Net: NetName=GND Pin=U2_DRV4-9
Added Pin To Net: NetName=GND Pin=U3_DRV1-1
Added Pin To Net: NetName=GND Pin=U3_DRV1-7
Added Pin To Net: NetName=GND Pin=U3_DRV1-9
Added Pin To Net: NetName=GND Pin=U3_DRV2-1
Added Pin To Net: NetName=GND Pin=U3_DRV2-7
Added Pin To Net: NetName=GND Pin=U3_DRV2-9
Added Pin To Net: NetName=GND Pin=U3_DRV3-1
Added Pin To Net: NetName=GND Pin=U3_DRV3-7
Added Pin To Net: NetName=GND Pin=U3_DRV3-9
Added Pin To Net: NetName=GND Pin=U3_DRV4-1
Added Pin To Net: NetName=GND Pin=U3_DRV4-7
Added Pin To Net: NetName=GND Pin=U3_DRV4-9
Added Pin To Net: NetName=GND Pin=U4-12
Added Pin To Net: NetName=GND Pin=VT3-3
Added Pin To Net: NetName=GND Pin=VT?-3
Added Pin To Net: NetName=GND Pin=XP1-2
Added Pin To Net: NetName=GND Pin=XP2-1
Added Pin To Net: NetName=GND Pin=XP3-2
Added Pin To Net: NetName=GND Pin=XP6-1
Added Pin To Net: NetName=GND Pin=XP7-3
Added Pin To Net: NetName=GND Pin=XP9-2
Added Pin To Net: NetName=GND Pin=XP10-2
Added Pin To Net: NetName=GND Pin=XP11-1
Added Pin To Net: NetName=GND Pin=XP12-2
Added Pin To Net: NetName=GND Pin=XP13-2
Added Pin To Net: NetName=GND Pin=XP18-1
Added Pin To Net: NetName=GND Pin=XP19-1
Added Pin To Net: NetName=GND Pin=XP20-2
Added Pin To Net: NetName=GND Pin=XP21-2
Added Pin To Net: NetName=GND Pin=XP24-1
Added Net: Name=GND
Added Pin To Net: NetName=IN1_DRV1 Pin=R6_DRV1-1
Added Pin To Net: NetName=IN1_DRV1 Pin=R10_DRV1-1
Added Pin To Net: NetName=IN1_DRV1 Pin=U2_DRV1-2
Added Pin To Net: NetName=IN1_DRV1 Pin=U3_DRV1-2
Added Net: Name=IN1_DRV1
Added Pin To Net: NetName=IN1_DRV2 Pin=R6_DRV2-1
Added Pin To Net: NetName=IN1_DRV2 Pin=R10_DRV2-1
Added Pin To Net: NetName=IN1_DRV2 Pin=U2_DRV2-2
Added Pin To Net: NetName=IN1_DRV2 Pin=U3_DRV2-2
Added Net: Name=IN1_DRV2
Added Pin To Net: NetName=IN1_DRV3 Pin=R6_DRV3-1
Added Pin To Net: NetName=IN1_DRV3 Pin=R10_DRV3-1
Added Pin To Net: NetName=IN1_DRV3 Pin=U2_DRV3-2
Added Pin To Net: NetName=IN1_DRV3 Pin=U3_DRV3-2
Added Net: Name=IN1_DRV3
Added Pin To Net: NetName=IN1_DRV4 Pin=R6_DRV4-1
Added Pin To Net: NetName=IN1_DRV4 Pin=R10_DRV4-1
Added Pin To Net: NetName=IN1_DRV4 Pin=U2_DRV4-2
Added Pin To Net: NetName=IN1_DRV4 Pin=U3_DRV4-2
Added Net: Name=IN1_DRV4
Added Pin To Net: NetName=IN2_DRV1 Pin=R4_DRV1-1
Added Pin To Net: NetName=IN2_DRV1 Pin=R5_DRV1-1
Added Pin To Net: NetName=IN2_DRV1 Pin=U2_DRV1-3
Added Pin To Net: NetName=IN2_DRV1 Pin=U3_DRV1-3
Added Net: Name=IN2_DRV1
Added Pin To Net: NetName=IN2_DRV2 Pin=R4_DRV2-1
Added Pin To Net: NetName=IN2_DRV2 Pin=R5_DRV2-1
Added Pin To Net: NetName=IN2_DRV2 Pin=U2_DRV2-3
Added Pin To Net: NetName=IN2_DRV2 Pin=U3_DRV2-3
Added Net: Name=IN2_DRV2
Added Pin To Net: NetName=IN2_DRV3 Pin=R4_DRV3-1
Added Pin To Net: NetName=IN2_DRV3 Pin=R5_DRV3-1
Added Pin To Net: NetName=IN2_DRV3 Pin=U2_DRV3-3
Added Pin To Net: NetName=IN2_DRV3 Pin=U3_DRV3-3
Added Net: Name=IN2_DRV3
Added Pin To Net: NetName=IN2_DRV4 Pin=R4_DRV4-1
Added Pin To Net: NetName=IN2_DRV4 Pin=R5_DRV4-1
Added Pin To Net: NetName=IN2_DRV4 Pin=U2_DRV4-3
Added Pin To Net: NetName=IN2_DRV4 Pin=U3_DRV4-3
Added Net: Name=IN2_DRV4
Added Pin To Net: NetName=KICK_IN Pin=R7-2
Added Net: Name=KICK_IN
Added Pin To Net: NetName=LED1 Pin=HL1-2
Added Net: Name=LED1
Added Pin To Net: NetName=LED2 Pin=HL2-2
Added Net: Name=LED2
Added Pin To Net: NetName=LED3 Pin=HL3-2
Added Net: Name=LED3
Added Pin To Net: NetName=MTR_PWR Pin=HL8-2
Added Net: Name=MTR_PWR
Added Pin To Net: NetName=NetBT1_1 Pin=R89-2
Added Net: Name=NetBT1_1
Added Pin To Net: NetName=NetBT1_2 Pin=R90-2
Added Net: Name=NetBT1_2
Added Pin To Net: NetName=NetBT1_31 Pin=HL18-2
Added Net: Name=NetBT1_31
Added Pin To Net: NetName=NetBT1_32 Pin=HL19-2
Added Net: Name=NetBT1_32
Added Pin To Net: NetName=NetBT1_34 Pin=C68-1
Added Pin To Net: NetName=NetBT1_34 Pin=R93-2
Added Pin To Net: NetName=NetBT1_34 Pin=SB7-1
Added Net: Name=NetBT1_34
Added Pin To Net: NetName=NetC19_2 Pin=C19-2
Added Pin To Net: NetName=NetC19_2 Pin=U1-73
Added Net: Name=NetC19_2
Added Pin To Net: NetName=NetC20_2 Pin=C20-2
Added Pin To Net: NetName=NetC20_2 Pin=U1-49
Added Net: Name=NetC20_2
Added Pin To Net: NetName=NetC21_2 Pin=C21-2
Added Pin To Net: NetName=NetC21_2 Pin=G1-2
Added Pin To Net: NetName=NetC21_2 Pin=U1-12
Added Net: Name=NetC21_2
Added Pin To Net: NetName=NetC22_2 Pin=C22-2
Added Pin To Net: NetName=NetC22_2 Pin=G1-1
Added Pin To Net: NetName=NetC22_2 Pin=U1-13
Added Net: Name=NetC22_2
Added Pin To Net: NetName=NetC23_2 Pin=C23-2
Added Pin To Net: NetName=NetC23_2 Pin=R26-1
Added Pin To Net: NetName=NetC23_2 Pin=SB1-3
Added Pin To Net: NetName=NetC23_2 Pin=SB1-4
Added Net: Name=NetC23_2
Added Pin To Net: NetName=NetC24_2 Pin=C24-2
Added Pin To Net: NetName=NetC24_2 Pin=R25-2
Added Pin To Net: NetName=NetC24_2 Pin=SB2-3
Added Pin To Net: NetName=NetC24_2 Pin=SB2-4
Added Net: Name=NetC24_2
Added Pin To Net: NetName=NetC25_2 Pin=C25-2
Added Pin To Net: NetName=NetC25_2 Pin=R29-2
Added Pin To Net: NetName=NetC25_2 Pin=SB3-3
Added Pin To Net: NetName=NetC25_2 Pin=SB3-4
Added Net: Name=NetC25_2
Added Pin To Net: NetName=NetC26_2 Pin=C26-2
Added Pin To Net: NetName=NetC26_2 Pin=R30-2
Added Pin To Net: NetName=NetC26_2 Pin=SB4-3
Added Pin To Net: NetName=NetC26_2 Pin=SB4-4
Added Net: Name=NetC26_2
Added Pin To Net: NetName=NetC27_2 Pin=C27-2
Added Pin To Net: NetName=NetC27_2 Pin=R31-2
Added Pin To Net: NetName=NetC27_2 Pin=SB5-3
Added Pin To Net: NetName=NetC27_2 Pin=SB5-4
Added Net: Name=NetC27_2
Added Pin To Net: NetName=NetC28_1 Pin=C28-1
Added Pin To Net: NetName=NetC28_1 Pin=R32-1
Added Pin To Net: NetName=NetC28_1 Pin=SB6-3
Added Pin To Net: NetName=NetC28_1 Pin=SB6-4
Added Pin To Net: NetName=NetC28_1 Pin=VD1-1
Added Net: Name=NetC28_1
Added Pin To Net: NetName=NetC28_2 Pin=C28-2
Added Pin To Net: NetName=NetC28_2 Pin=C29-1
Added Pin To Net: NetName=NetC28_2 Pin=R33-1
Added Pin To Net: NetName=NetC28_2 Pin=VT2-1
Added Pin To Net: NetName=NetC28_2 Pin=VT3-2
Added Net: Name=NetC28_2
Added Pin To Net: NetName=NetC30_1 Pin=C30-1
Added Pin To Net: NetName=NetC30_1 Pin=R34-2
Added Pin To Net: NetName=NetC30_1 Pin=VT3-1
Added Net: Name=NetC30_1
Added Pin To Net: NetName=NetD3_C Pin=D3-C
Added Pin To Net: NetName=NetD3_C Pin=R44-1
Added Pin To Net: NetName=NetD3_C Pin=R45-2
Added Net: Name=NetD3_C
Added Pin To Net: NetName=NetHL1_1 Pin=HL1-1
Added Pin To Net: NetName=NetHL1_1 Pin=R12-2
Added Net: Name=NetHL1_1
Added Pin To Net: NetName=NetHL2_1 Pin=HL2-1
Added Pin To Net: NetName=NetHL2_1 Pin=R16-2
Added Net: Name=NetHL2_1
Added Pin To Net: NetName=NetHL3_1 Pin=HL3-1
Added Pin To Net: NetName=NetHL3_1 Pin=R19-2
Added Net: Name=NetHL3_1
Added Pin To Net: NetName=NetHL4_1 Pin=HL4-1
Added Pin To Net: NetName=NetHL4_1 Pin=R11-2
Added Net: Name=NetHL4_1
Added Pin To Net: NetName=NetHL5_1 Pin=HL5-1
Added Pin To Net: NetName=NetHL5_1 Pin=R15-2
Added Net: Name=NetHL5_1
Added Pin To Net: NetName=NetHL6_1 Pin=HL6-1
Added Pin To Net: NetName=NetHL6_1 Pin=R18-2
Added Net: Name=NetHL6_1
Added Pin To Net: NetName=NetHL7_1 Pin=HL7-1
Added Pin To Net: NetName=NetHL7_1 Pin=R20-2
Added Net: Name=NetHL7_1
Added Pin To Net: NetName=NetHL8_1 Pin=HL8-1
Added Pin To Net: NetName=NetHL8_1 Pin=R21-2
Added Net: Name=NetHL8_1
Added Pin To Net: NetName=NetHL9_1 Pin=HL9-1
Added Pin To Net: NetName=NetHL9_1 Pin=R13-2
Added Net: Name=NetHL9_1
Added Pin To Net: NetName=NetHL10_1 Pin=HL10-1
Added Pin To Net: NetName=NetHL10_1 Pin=R14-2
Added Net: Name=NetHL10_1
Added Pin To Net: NetName=NetHL11_1 Pin=HL11-1
Added Pin To Net: NetName=NetHL11_1 Pin=R17-2
Added Net: Name=NetHL11_1
Added Pin To Net: NetName=NetHL12_1 Pin=HL12-1
Added Pin To Net: NetName=NetHL12_1 Pin=R22-2
Added Net: Name=NetHL12_1
Added Pin To Net: NetName=NetHL13_1 Pin=HL13-1
Added Pin To Net: NetName=NetHL13_1 Pin=U4-1
Added Net: Name=NetHL13_1
Added Pin To Net: NetName=NetHL13_2 Pin=HL13-2
Added Pin To Net: NetName=NetHL13_2 Pin=R52-1
Added Net: Name=NetHL13_2
Added Pin To Net: NetName=NetHL14_1 Pin=HL14-1
Added Pin To Net: NetName=NetHL14_1 Pin=U4-2
Added Net: Name=NetHL14_1
Added Pin To Net: NetName=NetHL14_2 Pin=HL14-2
Added Pin To Net: NetName=NetHL14_2 Pin=R37-1
Added Net: Name=NetHL14_2
Added Pin To Net: NetName=NetHL15_1 Pin=HL15-1
Added Pin To Net: NetName=NetHL15_1 Pin=U4-14
Added Net: Name=NetHL15_1
Added Pin To Net: NetName=NetHL15_2 Pin=HL15-2
Added Pin To Net: NetName=NetHL15_2 Pin=R53-1
Added Net: Name=NetHL15_2
Added Pin To Net: NetName=NetHL16_1 Pin=HL16-1
Added Pin To Net: NetName=NetHL16_1 Pin=U4-13
Added Net: Name=NetHL16_1
Added Pin To Net: NetName=NetHL16_2 Pin=HL16-2
Added Pin To Net: NetName=NetHL16_2 Pin=R94-1
Added Net: Name=NetHL16_2
Added Pin To Net: NetName=NetHL17_2 Pin=HL17-2
Added Pin To Net: NetName=NetHL17_2 Pin=R54-1
Added Net: Name=NetHL17_2
Added Pin To Net: NetName=NetHL18_1 Pin=HL18-1
Added Pin To Net: NetName=NetHL18_1 Pin=R91-2
Added Net: Name=NetHL18_1
Added Pin To Net: NetName=NetHL19_1 Pin=HL19-1
Added Pin To Net: NetName=NetHL19_1 Pin=R92-2
Added Net: Name=NetHL19_1
Added Pin To Net: NetName=NetJ1_A4 Pin=VD2-1
Added Net: Name=NetJ1_A4
Added Pin To Net: NetName=NetJ1_A6 Pin=XP7-2
Added Net: Name=NetJ1_A6
Added Pin To Net: NetName=NetJ1_A7 Pin=XP7-1
Added Net: Name=NetJ1_A7
Added Pin To Net: NetName=NetR1_2 Pin=R1-2
Added Pin To Net: NetName=NetR1_2 Pin=XP3-1
Added Net: Name=NetR1_2
Added Pin To Net: NetName=NetR2_2 Pin=R2-2
Added Pin To Net: NetName=NetR2_2 Pin=XP5-2
Added Net: Name=NetR2_2
Added Pin To Net: NetName=NetR3_2 Pin=R3-2
Added Pin To Net: NetName=NetR3_2 Pin=XP6-2
Added Net: Name=NetR3_2
Added Pin To Net: NetName=NetR7_1 Pin=R7-1
Added Pin To Net: NetName=NetR7_1 Pin=R8-2
Added Pin To Net: NetName=NetR7_1 Pin=VT5-1
Added Pin To Net: NetName=NetR7_1 Pin=VT?-1
Added Net: Name=NetR7_1
Added Pin To Net: NetName=NetR9_1 Pin=R9-1
Added Pin To Net: NetName=NetR9_1 Pin=U1-94
Added Net: Name=NetR9_1
Added Pin To Net: NetName=NetR23_2 Pin=R23-2
Added Pin To Net: NetName=NetR23_2 Pin=SW1-2
Added Net: Name=NetR23_2
Added Pin To Net: NetName=NetR24_2 Pin=R24-2
Added Net: Name=NetR24_2
Added Pin To Net: NetName=NetR27_2 Pin=R27-2
Added Net: Name=NetR27_2
Added Pin To Net: NetName=NetR28_2 Pin=R28-2
Added Pin To Net: NetName=NetR28_2 Pin=U1-14
Added Net: Name=NetR28_2
Added Pin To Net: NetName=NetR34_1 Pin=R34-1
Added Pin To Net: NetName=NetR34_1 Pin=R35-1
Added Pin To Net: NetName=NetR34_1 Pin=VD1-2
Added Net: Name=NetR34_1
Added Pin To Net: NetName=NetR36_2 Pin=R36-2
Added Pin To Net: NetName=NetR36_2 Pin=SW4-2
Added Pin To Net: NetName=NetR36_2 Pin=VT4-1
Added Net: Name=NetR36_2
Added Pin To Net: NetName=NetR45_1 Pin=R45-1
Added Pin To Net: NetName=NetR45_1 Pin=R46-2
Added Pin To Net: NetName=NetR45_1 Pin=U4-7
Added Net: Name=NetR45_1
Added Pin To Net: NetName=NetR46_1 Pin=R46-1
Added Pin To Net: NetName=NetR46_1 Pin=R47-2
Added Pin To Net: NetName=NetR46_1 Pin=U4-5
Added Net: Name=NetR46_1
Added Pin To Net: NetName=NetR47_1 Pin=R47-1
Added Pin To Net: NetName=NetR47_1 Pin=R48-2
Added Pin To Net: NetName=NetR47_1 Pin=U4-9
Added Net: Name=NetR47_1
Added Pin To Net: NetName=NetR48_1 Pin=R48-1
Added Pin To Net: NetName=NetR48_1 Pin=R49-2
Added Pin To Net: NetName=NetR48_1 Pin=U4-11
Added Net: Name=NetR48_1
Added Pin To Net: NetName=NetR50_1 Pin=R50-1
Added Pin To Net: NetName=NetR50_1 Pin=R51-2
Added Pin To Net: NetName=NetR50_1 Pin=U4-4
Added Pin To Net: NetName=NetR50_1 Pin=U4-6
Added Pin To Net: NetName=NetR50_1 Pin=U4-8
Added Pin To Net: NetName=NetR50_1 Pin=U4-10
Added Net: Name=NetR50_1
Added Pin To Net: NetName=NetR87_2 Pin=R87-2
Added Pin To Net: NetName=NetR87_2 Pin=R90-1
Added Net: Name=NetR87_2
Added Pin To Net: NetName=NetR88_2 Pin=R88-2
Added Pin To Net: NetName=NetR88_2 Pin=R89-1
Added Net: Name=NetR88_2
Added Pin To Net: NetName=NetU1_4 Pin=U1-4
Added Net: Name=NetU1_4
Added Pin To Net: NetName=NetU1_5 Pin=U1-5
Added Net: Name=NetU1_5
Added Pin To Net: NetName=NetU1_15 Pin=U1-15
Added Net: Name=NetU1_15
Added Pin To Net: NetName=NetU1_16 Pin=U1-16
Added Net: Name=NetU1_16
Added Pin To Net: NetName=NetU1_17 Pin=U1-17
Added Net: Name=NetU1_17
Added Pin To Net: NetName=NetU1_18 Pin=U1-18
Added Net: Name=NetU1_18
Added Pin To Net: NetName=NetU1_24 Pin=U1-24
Added Net: Name=NetU1_24
Added Pin To Net: NetName=NetU1_25 Pin=U1-25
Added Net: Name=NetU1_25
Added Pin To Net: NetName=NetU1_26 Pin=U1-26
Added Net: Name=NetU1_26
Added Pin To Net: NetName=NetU1_29 Pin=U1-29
Added Net: Name=NetU1_29
Added Pin To Net: NetName=NetU1_30 Pin=U1-30
Added Net: Name=NetU1_30
Added Pin To Net: NetName=NetU1_31 Pin=U1-31
Added Net: Name=NetU1_31
Added Pin To Net: NetName=NetU1_32 Pin=U1-32
Added Net: Name=NetU1_32
Added Pin To Net: NetName=NetU1_33 Pin=U1-33
Added Net: Name=NetU1_33
Added Pin To Net: NetName=NetU1_34 Pin=U1-34
Added Net: Name=NetU1_34
Added Pin To Net: NetName=NetU1_35 Pin=U1-35
Added Net: Name=NetU1_35
Added Pin To Net: NetName=NetU1_36 Pin=U1-36
Added Net: Name=NetU1_36
Added Pin To Net: NetName=NetU1_39 Pin=U1-39
Added Net: Name=NetU1_39
Added Pin To Net: NetName=NetU1_40 Pin=U1-40
Added Net: Name=NetU1_40
Added Pin To Net: NetName=NetU1_41 Pin=U1-41
Added Net: Name=NetU1_41
Added Pin To Net: NetName=NetU1_42 Pin=U1-42
Added Net: Name=NetU1_42
Added Pin To Net: NetName=NetU1_43 Pin=U1-43
Added Net: Name=NetU1_43
Added Pin To Net: NetName=NetU1_44 Pin=U1-44
Added Net: Name=NetU1_44
Added Pin To Net: NetName=NetU1_45 Pin=U1-45
Added Net: Name=NetU1_45
Added Pin To Net: NetName=NetU1_47 Pin=U1-47
Added Net: Name=NetU1_47
Added Pin To Net: NetName=NetU1_48 Pin=U1-48
Added Net: Name=NetU1_48
Added Pin To Net: NetName=NetU1_53 Pin=U1-53
Added Net: Name=NetU1_53
Added Pin To Net: NetName=NetU1_54 Pin=U1-54
Added Net: Name=NetU1_54
Added Pin To Net: NetName=NetU1_61 Pin=U1-61
Added Net: Name=NetU1_61
Added Pin To Net: NetName=NetU1_62 Pin=U1-62
Added Net: Name=NetU1_62
Added Pin To Net: NetName=NetU1_63 Pin=U1-63
Added Net: Name=NetU1_63
Added Pin To Net: NetName=NetU1_64 Pin=U1-64
Added Net: Name=NetU1_64
Added Pin To Net: NetName=NetU1_72 Pin=U1-72
Added Net: Name=NetU1_72
Added Pin To Net: NetName=NetU1_76 Pin=U1-76
Added Net: Name=NetU1_76
Added Pin To Net: NetName=NetU1_78 Pin=U1-78
Added Net: Name=NetU1_78
Added Pin To Net: NetName=NetU1_79 Pin=U1-79
Added Net: Name=NetU1_79
Added Pin To Net: NetName=NetU1_82 Pin=U1-82
Added Net: Name=NetU1_82
Added Pin To Net: NetName=NetU1_83 Pin=U1-83
Added Net: Name=NetU1_83
Added Pin To Net: NetName=NetU1_84 Pin=U1-84
Added Net: Name=NetU1_84
Added Pin To Net: NetName=NetU1_86 Pin=U1-86
Added Net: Name=NetU1_86
Added Pin To Net: NetName=NetU1_87 Pin=U1-87
Added Net: Name=NetU1_87
Added Pin To Net: NetName=NetU1_91 Pin=U1-91
Added Net: Name=NetU1_91
Added Pin To Net: NetName=NetU1_93 Pin=U1-93
Added Net: Name=NetU1_93
Added Pin To Net: NetName=NetU1_95 Pin=U1-95
Added Net: Name=NetU1_95
Added Pin To Net: NetName=NetU1_96 Pin=U1-96
Added Net: Name=NetU1_96
Added Pin To Net: NetName=NetVD3_1 Pin=VD3-1
Added Pin To Net: NetName=NetVD3_1 Pin=XP7-4
Added Net: Name=NetVD3_1
Added Pin To Net: NetName=NetVD4_1 Pin=VD4-1
Added Pin To Net: NetName=NetVD4_1 Pin=VT5-3
Added Net: Name=NetVD4_1
Added Pin To Net: NetName=NetVD4_2 Pin=VD4-2
Added Pin To Net: NetName=NetVD4_2 Pin=VT?-2
Added Net: Name=NetVD4_2
Added Pin To Net: NetName=NetVT4_3 Pin=VT4-3
Added Net: Name=NetVT4_3
Added Pin To Net: NetName=NetXP2_3 Pin=XP2-3
Added Net: Name=NetXP2_3
Added Pin To Net: NetName=NetXP2_4 Pin=XP2-4
Added Net: Name=NetXP2_4
Added Pin To Net: NetName=NetXP2_5 Pin=XP2-5
Added Net: Name=NetXP2_5
Added Pin To Net: NetName=NetXP2_6 Pin=XP2-6
Added Net: Name=NetXP2_6
Added Pin To Net: NetName=NetXP2_7 Pin=XP2-7
Added Net: Name=NetXP2_7
Added Pin To Net: NetName=NetXP2_8 Pin=XP2-8
Added Net: Name=NetXP2_8
Added Pin To Net: NetName=NetXP4_1 Pin=XP4-1
Added Net: Name=NetXP4_1
Added Pin To Net: NetName=NetXP4_2 Pin=XP4-2
Added Net: Name=NetXP4_2
Added Pin To Net: NetName=NetXP8_1 Pin=XP8-1
Added Net: Name=NetXP8_1
Added Pin To Net: NetName=NetXP8_2 Pin=XP8-2
Added Net: Name=NetXP8_2
Added Pin To Net: NetName=NetXP9_1 Pin=XP9-1
Added Net: Name=NetXP9_1
Added Pin To Net: NetName=NetXP10_3 Pin=XP10-3
Added Net: Name=NetXP10_3
Added Pin To Net: NetName=NetXP10_4 Pin=XP10-4
Added Net: Name=NetXP10_4
Added Pin To Net: NetName=NetXP11_3 Pin=XP11-3
Added Net: Name=NetXP11_3
Added Pin To Net: NetName=NetXP11_4 Pin=XP11-4
Added Net: Name=NetXP11_4
Added Pin To Net: NetName=NetXP14_1 Pin=XP14-1
Added Net: Name=NetXP14_1
Added Pin To Net: NetName=NetXP14_2 Pin=XP14-2
Added Net: Name=NetXP14_2
Added Pin To Net: NetName=NetXP15_1 Pin=XP15-1
Added Net: Name=NetXP15_1
Added Pin To Net: NetName=NetXP15_2 Pin=XP15-2
Added Net: Name=NetXP15_2
Added Pin To Net: NetName=NetXP16_1 Pin=XP16-1
Added Net: Name=NetXP16_1
Added Pin To Net: NetName=NetXP16_2 Pin=XP16-2
Added Net: Name=NetXP16_2
Added Pin To Net: NetName=NetXP17_1 Pin=XP17-1
Added Net: Name=NetXP17_1
Added Pin To Net: NetName=NetXP17_2 Pin=XP17-2
Added Net: Name=NetXP17_2
Added Pin To Net: NetName=NetXP24_3 Pin=XP24-3
Added Net: Name=NetXP24_3
Added Pin To Net: NetName=NetXP24_4 Pin=XP24-4
Added Net: Name=NetXP24_4
Added Pin To Net: NetName=NetXP24_5 Pin=XP24-5
Added Net: Name=NetXP24_5
Added Pin To Net: NetName=NetXP24_6 Pin=XP24-6
Added Net: Name=NetXP24_6
Added Pin To Net: NetName=NetXP24_7 Pin=XP24-7
Added Net: Name=NetXP24_7
Added Pin To Net: NetName=NetXP24_8 Pin=XP24-8
Added Net: Name=NetXP24_8
Added Pin To Net: NetName=OUT1_DRV1 Pin=U2_DRV1-6
Added Pin To Net: NetName=OUT1_DRV1 Pin=U3_DRV1-6
Added Net: Name=OUT1_DRV1
Added Pin To Net: NetName=OUT1_DRV2 Pin=U2_DRV2-6
Added Pin To Net: NetName=OUT1_DRV2 Pin=U3_DRV2-6
Added Net: Name=OUT1_DRV2
Added Pin To Net: NetName=OUT1_DRV3 Pin=U2_DRV3-6
Added Pin To Net: NetName=OUT1_DRV3 Pin=U3_DRV3-6
Added Net: Name=OUT1_DRV3
Added Pin To Net: NetName=OUT1_DRV4 Pin=U2_DRV4-6
Added Pin To Net: NetName=OUT1_DRV4 Pin=U3_DRV4-6
Added Net: Name=OUT1_DRV4
Added Pin To Net: NetName=OUT2_DRV1 Pin=U2_DRV1-8
Added Pin To Net: NetName=OUT2_DRV1 Pin=U3_DRV1-8
Added Net: Name=OUT2_DRV1
Added Pin To Net: NetName=OUT2_DRV2 Pin=U2_DRV2-8
Added Pin To Net: NetName=OUT2_DRV2 Pin=U3_DRV2-8
Added Net: Name=OUT2_DRV2
Added Pin To Net: NetName=OUT2_DRV3 Pin=U2_DRV3-8
Added Pin To Net: NetName=OUT2_DRV3 Pin=U3_DRV3-8
Added Net: Name=OUT2_DRV3
Added Pin To Net: NetName=OUT2_DRV4 Pin=U2_DRV4-8
Added Pin To Net: NetName=OUT2_DRV4 Pin=U3_DRV4-8
Added Net: Name=OUT2_DRV4
Added Pin To Net: NetName=ST_LED Pin=HL6-2
Added Net: Name=ST_LED
Added Pin To Net: NetName=Vbat Pin=C2-1
Added Pin To Net: NetName=Vbat Pin=C29-2
Added Pin To Net: NetName=Vbat Pin=R32-2
Added Pin To Net: NetName=Vbat Pin=R33-2
Added Pin To Net: NetName=Vbat Pin=R37-2
Added Pin To Net: NetName=Vbat Pin=R44-2
Added Pin To Net: NetName=Vbat Pin=R50-2
Added Pin To Net: NetName=Vbat Pin=R52-2
Added Pin To Net: NetName=Vbat Pin=R53-2
Added Pin To Net: NetName=Vbat Pin=R54-2
Added Pin To Net: NetName=Vbat Pin=R94-2
Added Pin To Net: NetName=Vbat Pin=U4-3
Added Pin To Net: NetName=Vbat Pin=VT2-2
Added Pin To Net: NetName=Vbat Pin=XP19-2
Added Net: Name=Vbat
Added Pin To Net: NetName=VDD Pin=C5-1
Added Pin To Net: NetName=VDD Pin=C6-2
Added Pin To Net: NetName=VDD Pin=C7-2
Added Pin To Net: NetName=VDD Pin=C8-1
Added Pin To Net: NetName=VDD Pin=C9-2
Added Pin To Net: NetName=VDD Pin=C10-2
Added Pin To Net: NetName=VDD Pin=C11-2
Added Pin To Net: NetName=VDD Pin=C12-2
Added Pin To Net: NetName=VDD Pin=C13-2
Added Pin To Net: NetName=VDD Pin=C15-2
Added Pin To Net: NetName=VDD Pin=C16-2
Added Pin To Net: NetName=VDD Pin=C17-2
Added Pin To Net: NetName=VDD Pin=C18-2
Added Pin To Net: NetName=VDD Pin=C24-1
Added Pin To Net: NetName=VDD Pin=C25-1
Added Pin To Net: NetName=VDD Pin=C26-1
Added Pin To Net: NetName=VDD Pin=C27-1
Added Pin To Net: NetName=VDD Pin=C67-2
Added Pin To Net: NetName=VDD Pin=C68-2
Added Pin To Net: NetName=VDD Pin=DA1-2
Added Pin To Net: NetName=VDD Pin=HL12-2
Added Pin To Net: NetName=VDD Pin=R4_DRV1-2
Added Pin To Net: NetName=VDD Pin=R4_DRV2-2
Added Pin To Net: NetName=VDD Pin=R4_DRV3-2
Added Pin To Net: NetName=VDD Pin=R4_DRV4-2
Added Pin To Net: NetName=VDD Pin=R5_DRV1-2
Added Pin To Net: NetName=VDD Pin=R5_DRV2-2
Added Pin To Net: NetName=VDD Pin=R5_DRV3-2
Added Pin To Net: NetName=VDD Pin=R5_DRV4-2
Added Pin To Net: NetName=VDD Pin=R6_DRV1-2
Added Pin To Net: NetName=VDD Pin=R6_DRV2-2
Added Pin To Net: NetName=VDD Pin=R6_DRV3-2
Added Pin To Net: NetName=VDD Pin=R6_DRV4-2
Added Pin To Net: NetName=VDD Pin=R10_DRV1-2
Added Pin To Net: NetName=VDD Pin=R10_DRV2-2
Added Pin To Net: NetName=VDD Pin=R10_DRV3-2
Added Pin To Net: NetName=VDD Pin=R10_DRV4-2
Added Pin To Net: NetName=VDD Pin=R26-2
Added Pin To Net: NetName=VDD Pin=R28-1
Added Pin To Net: NetName=VDD Pin=R36-1
Added Pin To Net: NetName=VDD Pin=SB2-1
Added Pin To Net: NetName=VDD Pin=SB2-2
Added Pin To Net: NetName=VDD Pin=SB3-1
Added Pin To Net: NetName=VDD Pin=SB3-2
Added Pin To Net: NetName=VDD Pin=SB4-1
Added Pin To Net: NetName=VDD Pin=SB4-2
Added Pin To Net: NetName=VDD Pin=SB5-1
Added Pin To Net: NetName=VDD Pin=SB5-2
Added Pin To Net: NetName=VDD Pin=SB7-2
Added Pin To Net: NetName=VDD Pin=SW1-1
Added Pin To Net: NetName=VDD Pin=SW4-1
Added Pin To Net: NetName=VDD Pin=U1-6
Added Pin To Net: NetName=VDD Pin=U1-11
Added Pin To Net: NetName=VDD Pin=U1-19
Added Pin To Net: NetName=VDD Pin=U1-21
Added Pin To Net: NetName=VDD Pin=U1-22
Added Pin To Net: NetName=VDD Pin=U1-28
Added Pin To Net: NetName=VDD Pin=U1-50
Added Pin To Net: NetName=VDD Pin=U1-75
Added Pin To Net: NetName=VDD Pin=U1-100
Added Pin To Net: NetName=VDD Pin=U2_DRV1-4
Added Pin To Net: NetName=VDD Pin=U2_DRV2-4
Added Pin To Net: NetName=VDD Pin=U2_DRV3-4
Added Pin To Net: NetName=VDD Pin=U2_DRV4-4
Added Pin To Net: NetName=VDD Pin=U3_DRV1-4
Added Pin To Net: NetName=VDD Pin=U3_DRV2-4
Added Pin To Net: NetName=VDD Pin=U3_DRV3-4
Added Pin To Net: NetName=VDD Pin=U3_DRV4-4
Added Pin To Net: NetName=VDD Pin=VD2-2
Added Pin To Net: NetName=VDD Pin=VD3-2
Added Pin To Net: NetName=VDD Pin=XP2-2
Added Pin To Net: NetName=VDD Pin=XP5-1
Added Pin To Net: NetName=VDD Pin=XP11-2
Added Pin To Net: NetName=VDD Pin=XP20-1
Added Pin To Net: NetName=VDD Pin=XP21-1
Added Pin To Net: NetName=VDD Pin=XP24-2
Added Net: Name=VDD
Added Pin To Net: NetName=YG_LED Pin=HL5-2
Added Net: Name=YG_LED
Added Class: Name=Bluetooth
Added Class: Name=Connectors
Added Class: Name=DRV1
Added Class: Name=DRV2
Added Class: Name=DRV3
Added Class: Name=DRV4
Added Class: Name=Indicator
Added Class: Name=main
Added Class: Name=Switches
Added Class: Name=drv
Added Room: Name=Bluetooth
Added Room: Name=Connectors
Added Room: Name=DRV1
Added Room: Name=DRV2
Added Room: Name=DRV3
Added Room: Name=DRV4
Added Room: Name=Indicator
Added Room: Name=main
Added Room: Name=Switches
