Removed Pin From Net: NetName=+5V Pin=C1-2
Removed Pin From Net: NetName=+12V Pin=C17-1
Removed Pin From Net: NetName=GND Pin=C17-2
Removed Pin From Net: NetName=GND Pin=C19-1
Removed Pin From Net: NetName=+12V Pin=C19-2
Removed Pin From Net: NetName=+12V Pin=C26-2
Removed Pin From Net: NetName=GND Pin=C35-1
Removed Pin From Net: NetName=GND Pin=C37-2
Removed Pin From Net: NetName=GND Pin=DA2-1
Removed Pin From Net: NetName=+12V Pin=DA2-5
Removed Pin From Net: NetName=GND Pin=R15-1
Removed Pin From Net: NetName=+5V Pin=R17-2
Removed Pin From Net: NetName=GND Pin=VD4-A
Removed Pin From Net: NetName=+5V Pin=XP7-4
Removed Pin From Net: NetName=+5V Pin=XP9-4
Removed Member From Class: ClassName=U_stabs Member=C17
Removed Member From Class: ClassName=U_stabs Member=C19
Removed Member From Class: ClassName=U_stabs Member=C26
Removed Member From Class: ClassName=U_stabs Member=C35
Removed Member From Class: ClassName=U_stabs Member=C37
Removed Member From Class: ClassName=U_stabs Member=C39
Removed Member From Class: ClassName=U_stabs Member=DA2
Removed Member From Class: ClassName=U_stabs Member=L2
Removed Member From Class: ClassName=U_stabs Member=R14
Removed Member From Class: ClassName=U_stabs Member=R15
Removed Member From Class: ClassName=U_stabs Member=R17
Removed Member From Class: ClassName=U_stabs Member=VD4
Added Pin To Net: NetName=+3V3 Pin=C1-2
Added Pin To Net: NetName=+3V3 Pin=XP7-4
Added Pin To Net: NetName=+3V3 Pin=XP9-4
