Removed Member From Class: ClassName=main Member=C16
Removed Member From Class: ClassName=main Member=C17
Removed Member From Class: ClassName=main Member=C18
Removed Member From Class: ClassName=main Member=C19
Removed Member From Class: ClassName=main Member=C25
Removed Member From Class: ClassName=main Member=C26
Removed Member From Class: ClassName=main Member=C34
Removed Member From Class: ClassName=main Member=C35
Removed Member From Class: ClassName=main Member=C36
Removed Member From Class: ClassName=main Member=C37
Removed Member From Class: ClassName=main Member=C38
Removed Member From Class: ClassName=main Member=C39
Removed Member From Class: ClassName=main Member=DA1
Removed Member From Class: ClassName=main Member=DA2
Removed Member From Class: ClassName=main Member=L1
Removed Member From Class: ClassName=main Member=L2
Removed Member From Class: ClassName=main Member=R12
Removed Member From Class: ClassName=main Member=R13
Removed Member From Class: ClassName=main Member=R14
Removed Member From Class: ClassName=main Member=R15
Removed Member From Class: ClassName=main Member=R16
Removed Member From Class: ClassName=main Member=R17
Removed Member From Class: ClassName=main Member=VD3
Removed Member From Class: ClassName=main Member=VD4
Added Class: Name=U_stabs
Added Room: Name=U_stabs
